<?xml version="1.0" encoding="UTF-8"?>
<coverage generated="1778941276034" clover="3.2.0">
  <project timestamp="1778941276035" name="All files">
    <metrics statements="392" coveredstatements="353" conditionals="233" coveredconditionals="176" methods="136" coveredmethods="121" elements="761" coveredelements="650" complexity="0" loc="392" ncloc="392" packages="15" files="39" classes="39"/>
    <package name="src">
      <metrics statements="81" coveredstatements="53" conditionals="55" coveredconditionals="34" methods="26" coveredmethods="15"/>
      <file name="App.scss" path="C:\Users\ClaudioHigón\.gemini\antigravity\scratch\calendar\src\App.scss">
        <metrics statements="0" coveredstatements="0" conditionals="0" coveredconditionals="0" methods="0" coveredmethods="0"/>
      </file>
      <file name="App.tsx" path="C:\Users\ClaudioHigón\.gemini\antigravity\scratch\calendar\src\App.tsx">
        <metrics statements="81" coveredstatements="53" conditionals="55" coveredconditionals="34" methods="26" coveredmethods="15"/>
        <line num="15" count="1" type="stmt"/>
        <line num="30" count="14" type="stmt"/>
        <line num="31" count="14" type="stmt"/>
        <line num="32" count="14" type="stmt"/>
        <line num="33" count="14" type="stmt"/>
        <line num="34" count="14" type="stmt"/>
        <line num="41" count="14" type="cond" truecount="2" falsecount="0"/>
        <line num="44" count="14" type="stmt"/>
        <line num="45" count="1" type="stmt"/>
        <line num="46" count="1" type="stmt"/>
        <line num="47" count="1" type="cond" truecount="1" falsecount="1"/>
        <line num="48" count="0" type="stmt"/>
        <line num="51" count="1" type="stmt"/>
        <line num="54" count="14" type="stmt"/>
        <line num="55" count="2" type="stmt"/>
        <line num="56" count="2" type="stmt"/>
        <line num="59" count="14" type="stmt"/>
        <line num="60" count="2" type="stmt"/>
        <line num="61" count="2" type="stmt"/>
        <line num="64" count="14" type="stmt"/>
        <line num="65" count="2" type="stmt"/>
        <line num="66" count="2" type="stmt"/>
        <line num="69" count="14" type="stmt"/>
        <line num="70" count="0" type="stmt"/>
        <line num="71" count="0" type="stmt"/>
        <line num="74" count="14" type="stmt"/>
        <line num="75" count="0" type="stmt"/>
        <line num="76" count="0" type="stmt"/>
        <line num="79" count="14" type="stmt"/>
        <line num="80" count="1" type="stmt"/>
        <line num="81" count="1" type="stmt"/>
        <line num="84" count="14" type="stmt"/>
        <line num="85" count="1" type="cond" truecount="1" falsecount="1"/>
        <line num="86" count="1" type="stmt"/>
        <line num="88" count="0" type="stmt"/>
        <line num="89" count="0" type="stmt"/>
        <line num="93" count="14" type="stmt"/>
        <line num="94" count="1" type="cond" truecount="1" falsecount="1"/>
        <line num="96" count="0" type="stmt"/>
        <line num="100" count="0" type="stmt"/>
        <line num="101" count="0" type="stmt"/>
        <line num="102" count="1" type="cond" truecount="1" falsecount="1"/>
        <line num="104" count="1" type="stmt"/>
        <line num="105" count="1" type="cond" truecount="1" falsecount="1"/>
        <line num="106" count="1" type="stmt"/>
        <line num="108" count="0" type="stmt"/>
        <line num="109" count="0" type="stmt"/>
        <line num="113" count="0" type="stmt"/>
        <line num="117" count="0" type="stmt"/>
        <line num="118" count="0" type="stmt"/>
        <line num="122" count="14" type="stmt"/>
        <line num="123" count="2" type="cond" truecount="1" falsecount="1"/>
        <line num="125" count="2" type="stmt"/>
        <line num="126" count="2" type="stmt"/>
        <line num="128" count="2" type="cond" truecount="2" falsecount="0"/>
        <line num="129" count="1" type="cond" truecount="1" falsecount="1"/>
        <line num="130" count="1" type="stmt"/>
        <line num="131" count="0" type="cond" truecount="0" falsecount="2"/>
        <line num="132" count="0" type="cond" truecount="0" falsecount="2"/>
        <line num="133" count="0" type="stmt"/>
        <line num="134" count="0" type="cond" truecount="0" falsecount="2"/>
        <line num="135" count="0" type="stmt"/>
        <line num="136" count="0" type="stmt"/>
        <line num="138" count="1" type="cond" truecount="1" falsecount="1"/>
        <line num="139" count="1" type="cond" truecount="1" falsecount="1"/>
        <line num="140" count="0" type="stmt"/>
        <line num="141" count="1" type="cond" truecount="1" falsecount="1"/>
        <line num="142" count="2" type="cond" truecount="2" falsecount="0"/>
        <line num="143" count="2" type="stmt"/>
        <line num="149" count="1" type="stmt"/>
        <line num="150" count="0" type="cond" truecount="0" falsecount="2"/>
        <line num="151" count="0" type="stmt"/>
        <line num="152" count="0" type="stmt"/>
        <line num="158" count="0" type="stmt"/>
        <line num="162" count="2" type="stmt"/>
        <line num="163" count="2" type="stmt"/>
        <line num="166" count="14" type="stmt"/>
        <line num="167" count="7" type="stmt"/>
        <line num="170" count="14" type="stmt"/>
        <line num="193" count="0" type="cond" truecount="0" falsecount="2"/>
        <line num="221" count="0" type="stmt"/>
      </file>
    </package>
    <package name="src.assets.icons">
      <metrics statements="0" coveredstatements="0" conditionals="0" coveredconditionals="0" methods="0" coveredmethods="0"/>
      <file name="month.svg" path="C:\Users\ClaudioHigón\.gemini\antigravity\scratch\calendar\src\assets\icons\month.svg">
        <metrics statements="0" coveredstatements="0" conditionals="0" coveredconditionals="0" methods="0" coveredmethods="0"/>
      </file>
      <file name="week.svg" path="C:\Users\ClaudioHigón\.gemini\antigravity\scratch\calendar\src\assets\icons\week.svg">
        <metrics statements="0" coveredstatements="0" conditionals="0" coveredconditionals="0" methods="0" coveredmethods="0"/>
      </file>
      <file name="year.svg" path="C:\Users\ClaudioHigón\.gemini\antigravity\scratch\calendar\src\assets\icons\year.svg">
        <metrics statements="0" coveredstatements="0" conditionals="0" coveredconditionals="0" methods="0" coveredmethods="0"/>
      </file>
    </package>
    <package name="src.components.Calendar">
      <metrics statements="37" coveredstatements="33" conditionals="18" coveredconditionals="16" methods="10" coveredmethods="9"/>
      <file name="Calendar.scss" path="C:\Users\ClaudioHigón\.gemini\antigravity\scratch\calendar\src\components\Calendar\Calendar.scss">
        <metrics statements="0" coveredstatements="0" conditionals="0" coveredconditionals="0" methods="0" coveredmethods="0"/>
      </file>
      <file name="Calendar.tsx" path="C:\Users\ClaudioHigón\.gemini\antigravity\scratch\calendar\src\components\Calendar\Calendar.tsx">
        <metrics statements="37" coveredstatements="33" conditionals="18" coveredconditionals="16" methods="10" coveredmethods="9"/>
        <line num="27" count="21" type="stmt"/>
        <line num="28" count="21" type="stmt"/>
        <line num="29" count="8" type="stmt"/>
        <line num="33" count="21" type="stmt"/>
        <line num="35" count="21" type="stmt"/>
        <line num="36" count="21" type="stmt"/>
        <line num="40" count="21" type="stmt"/>
        <line num="41" count="8" type="cond" truecount="1" falsecount="1"/>
        <line num="42" count="0" type="stmt"/>
        <line num="43" count="0" type="stmt"/>
        <line num="45" count="8" type="stmt"/>
        <line num="46" count="8" type="cond" truecount="2" falsecount="0"/>
        <line num="47" count="1" type="stmt"/>
        <line num="49" count="7" type="stmt"/>
        <line num="53" count="21" type="stmt"/>
        <line num="55" count="2" type="stmt"/>
        <line num="57" count="2" type="cond" truecount="2" falsecount="0"/>
        <line num="59" count="1" type="stmt"/>
        <line num="60" count="1" type="stmt"/>
        <line num="63" count="1" type="stmt"/>
        <line num="65" count="2" type="stmt"/>
        <line num="66" count="2" type="stmt"/>
        <line num="72" count="21" type="stmt"/>
        <line num="73" count="1" type="stmt"/>
        <line num="74" count="1" type="cond" truecount="1" falsecount="1"/>
        <line num="75" count="0" type="stmt"/>
        <line num="77" count="1" type="stmt"/>
        <line num="79" count="1" type="stmt"/>
        <line num="82" count="21" type="stmt"/>
        <line num="83" count="2" type="stmt"/>
        <line num="86" count="21" type="stmt"/>
        <line num="87" count="1" type="stmt"/>
        <line num="88" count="1" type="stmt"/>
        <line num="89" count="1" type="stmt"/>
        <line num="90" count="1" type="stmt"/>
        <line num="93" count="21" type="stmt"/>
        <line num="130" count="0" type="stmt"/>
      </file>
      <file name="index.ts" path="C:\Users\ClaudioHigón\.gemini\antigravity\scratch\calendar\src\components\Calendar\index.ts">
        <metrics statements="0" coveredstatements="0" conditionals="0" coveredconditionals="0" methods="0" coveredmethods="0"/>
      </file>
    </package>
    <package name="src.components.DayDetail">
      <metrics statements="10" coveredstatements="10" conditionals="10" coveredconditionals="8" methods="6" coveredmethods="6"/>
      <file name="DayDetail.scss" path="C:\Users\ClaudioHigón\.gemini\antigravity\scratch\calendar\src\components\DayDetail\DayDetail.scss">
        <metrics statements="0" coveredstatements="0" conditionals="0" coveredconditionals="0" methods="0" coveredmethods="0"/>
      </file>
      <file name="DayDetail.tsx" path="C:\Users\ClaudioHigón\.gemini\antigravity\scratch\calendar\src\components\DayDetail\DayDetail.tsx">
        <metrics statements="10" coveredstatements="10" conditionals="10" coveredconditionals="8" methods="6" coveredmethods="6"/>
        <line num="17" count="7" type="stmt"/>
        <line num="20" count="7" type="stmt"/>
        <line num="22" count="7" type="stmt"/>
        <line num="23" count="1" type="stmt"/>
        <line num="26" count="7" type="stmt"/>
        <line num="41" count="8" type="stmt"/>
        <line num="42" count="8" type="stmt"/>
        <line num="47" count="4" type="stmt"/>
        <line num="54" count="1" type="stmt"/>
        <line num="55" count="1" type="stmt"/>
      </file>
      <file name="index.ts" path="C:\Users\ClaudioHigón\.gemini\antigravity\scratch\calendar\src\components\DayDetail\index.ts">
        <metrics statements="0" coveredstatements="0" conditionals="0" coveredconditionals="0" methods="0" coveredmethods="0"/>
      </file>
    </package>
    <package name="src.components.EventDetail">
      <metrics statements="6" coveredstatements="6" conditionals="20" coveredconditionals="17" methods="4" coveredmethods="4"/>
      <file name="EventDetail.scss" path="C:\Users\ClaudioHigón\.gemini\antigravity\scratch\calendar\src\components\EventDetail\EventDetail.scss">
        <metrics statements="0" coveredstatements="0" conditionals="0" coveredconditionals="0" methods="0" coveredmethods="0"/>
      </file>
      <file name="EventDetail.tsx" path="C:\Users\ClaudioHigón\.gemini\antigravity\scratch\calendar\src\components\EventDetail\EventDetail.tsx">
        <metrics statements="6" coveredstatements="6" conditionals="20" coveredconditionals="17" methods="4" coveredmethods="4"/>
        <line num="14" count="8" type="stmt"/>
        <line num="15" count="8" type="stmt"/>
        <line num="17" count="8" type="stmt"/>
        <line num="26" count="2" type="stmt"/>
        <line num="33" count="2" type="stmt"/>
        <line num="84" count="8" type="stmt"/>
      </file>
      <file name="index.ts" path="C:\Users\ClaudioHigón\.gemini\antigravity\scratch\calendar\src\components\EventDetail\index.ts">
        <metrics statements="0" coveredstatements="0" conditionals="0" coveredconditionals="0" methods="0" coveredmethods="0"/>
      </file>
    </package>
    <package name="src.components.EventForm">
      <metrics statements="65" coveredstatements="59" conditionals="64" coveredconditionals="52" methods="17" coveredmethods="14"/>
      <file name="EventForm.scss" path="C:\Users\ClaudioHigón\.gemini\antigravity\scratch\calendar\src\components\EventForm\EventForm.scss">
        <metrics statements="0" coveredstatements="0" conditionals="0" coveredconditionals="0" methods="0" coveredmethods="0"/>
      </file>
      <file name="EventForm.tsx" path="C:\Users\ClaudioHigón\.gemini\antigravity\scratch\calendar\src\components\EventForm\EventForm.tsx">
        <metrics statements="65" coveredstatements="59" conditionals="64" coveredconditionals="52" methods="17" coveredmethods="14"/>
        <line num="12" count="2" type="stmt"/>
        <line num="20" count="2" type="stmt"/>
        <line num="33" count="26" type="cond" truecount="2" falsecount="0"/>
        <line num="34" count="26" type="stmt"/>
        <line num="37" count="26" type="cond" truecount="2" falsecount="0"/>
        <line num="38" count="26" type="cond" truecount="2" falsecount="0"/>
        <line num="39" count="26" type="cond" truecount="2" falsecount="0"/>
        <line num="40" count="26" type="cond" truecount="2" falsecount="0"/>
        <line num="41" count="26" type="cond" truecount="2" falsecount="0"/>
        <line num="42" count="26" type="cond" truecount="2" falsecount="0"/>
        <line num="43" count="26" type="stmt"/>
        <line num="45" count="26" type="stmt"/>
        <line num="46" count="4" type="stmt"/>
        <line num="47" count="4" type="cond" truecount="1" falsecount="1"/>
        <line num="50" count="4" type="cond" truecount="4" falsecount="0"/>
        <line num="51" count="1" type="stmt"/>
        <line num="52" count="1" type="stmt"/>
        <line num="55" count="3" type="stmt"/>
        <line num="56" count="3" type="stmt"/>
        <line num="58" count="3" type="stmt"/>
        <line num="71" count="4" type="cond" truecount="2" falsecount="0"/>
        <line num="73" count="1" type="stmt"/>
        <line num="74" count="2" type="cond" truecount="2" falsecount="0"/>
        <line num="75" count="1" type="stmt"/>
        <line num="78" count="1" type="stmt"/>
        <line num="79" count="1" type="stmt"/>
        <line num="80" count="1" type="stmt"/>
        <line num="82" count="1" type="stmt"/>
        <line num="83" count="1" type="cond" truecount="1" falsecount="1"/>
        <line num="84" count="1" type="cond" truecount="1" falsecount="1"/>
        <line num="85" count="1" type="cond" truecount="1" falsecount="1"/>
        <line num="86" count="1" type="cond" truecount="1" falsecount="1"/>
        <line num="88" count="1" type="stmt"/>
        <line num="89" count="365" type="stmt"/>
        <line num="90" count="365" type="cond" truecount="1" falsecount="1"/>
        <line num="91" count="365" type="cond" truecount="1" falsecount="1"/>
        <line num="92" count="365" type="cond" truecount="1" falsecount="1"/>
        <line num="93" count="365" type="cond" truecount="1" falsecount="1"/>
        <line num="95" count="365" type="stmt"/>
        <line num="101" count="1" type="stmt"/>
        <line num="105" count="26" type="stmt"/>
        <line num="106" count="2" type="stmt"/>
        <line num="107" count="2" type="cond" truecount="2" falsecount="0"/>
        <line num="108" count="1" type="stmt"/>
        <line num="113" count="26" type="stmt"/>
        <line num="115" count="2" type="stmt"/>
        <line num="116" count="2" type="cond" truecount="1" falsecount="1"/>
        <line num="118" count="0" type="stmt"/>
        <line num="119" count="0" type="cond" truecount="0" falsecount="2"/>
        <line num="120" count="0" type="stmt"/>
        <line num="122" count="2" type="cond" truecount="2" falsecount="0"/>
        <line num="123" count="1" type="stmt"/>
        <line num="125" count="2" type="stmt"/>
        <line num="128" count="26" type="stmt"/>
        <line num="157" count="6" type="stmt"/>
        <line num="170" count="0" type="stmt"/>
        <line num="184" count="1" type="stmt"/>
        <line num="194" count="1" type="stmt"/>
        <line num="209" count="0" type="stmt"/>
        <line num="212" count="260" type="stmt"/>
        <line num="222" count="1" type="stmt"/>
        <line num="225" count="130" type="stmt"/>
        <line num="236" count="156" type="stmt"/>
        <line num="240" count="2" type="stmt"/>
        <line num="256" count="0" type="stmt"/>
      </file>
      <file name="index.ts" path="C:\Users\ClaudioHigón\.gemini\antigravity\scratch\calendar\src\components\EventForm\index.ts">
        <metrics statements="0" coveredstatements="0" conditionals="0" coveredconditionals="0" methods="0" coveredmethods="0"/>
      </file>
    </package>
    <package name="src.components.Fab">
      <metrics statements="1" coveredstatements="1" conditionals="1" coveredconditionals="1" methods="1" coveredmethods="1"/>
      <file name="Fab.scss" path="C:\Users\ClaudioHigón\.gemini\antigravity\scratch\calendar\src\components\Fab\Fab.scss">
        <metrics statements="0" coveredstatements="0" conditionals="0" coveredconditionals="0" methods="0" coveredmethods="0"/>
      </file>
      <file name="Fab.tsx" path="C:\Users\ClaudioHigón\.gemini\antigravity\scratch\calendar\src\components\Fab\Fab.tsx">
        <metrics statements="1" coveredstatements="1" conditionals="1" coveredconditionals="1" methods="1" coveredmethods="1"/>
        <line num="9" count="7" type="stmt"/>
      </file>
      <file name="index.ts" path="C:\Users\ClaudioHigón\.gemini\antigravity\scratch\calendar\src\components\Fab\index.ts">
        <metrics statements="0" coveredstatements="0" conditionals="0" coveredconditionals="0" methods="0" coveredmethods="0"/>
      </file>
    </package>
    <package name="src.components.MonthView">
      <metrics statements="58" coveredstatements="57" conditionals="24" coveredconditionals="18" methods="16" coveredmethods="16"/>
      <file name="MonthView.scss" path="C:\Users\ClaudioHigón\.gemini\antigravity\scratch\calendar\src\components\MonthView\MonthView.scss">
        <metrics statements="0" coveredstatements="0" conditionals="0" coveredconditionals="0" methods="0" coveredmethods="0"/>
      </file>
      <file name="MonthView.tsx" path="C:\Users\ClaudioHigón\.gemini\antigravity\scratch\calendar\src\components\MonthView\MonthView.tsx">
        <metrics statements="58" coveredstatements="57" conditionals="24" coveredconditionals="18" methods="16" coveredmethods="16"/>
        <line num="19" count="3" type="stmt"/>
        <line num="24" count="19" type="stmt"/>
        <line num="25" count="19" type="stmt"/>
        <line num="26" count="19" type="stmt"/>
        <line num="28" count="19" type="stmt"/>
        <line num="29" count="19" type="stmt"/>
        <line num="31" count="19" type="stmt"/>
        <line num="32" count="11" type="stmt"/>
        <line num="33" count="11" type="stmt"/>
        <line num="34" count="11" type="stmt"/>
        <line num="36" count="11" type="stmt"/>
        <line num="38" count="11" type="stmt"/>
        <line num="39" count="40" type="stmt"/>
        <line num="45" count="11" type="stmt"/>
        <line num="46" count="340" type="stmt"/>
        <line num="52" count="11" type="stmt"/>
        <line num="53" count="11" type="stmt"/>
        <line num="55" count="11" type="stmt"/>
        <line num="56" count="5" type="stmt"/>
        <line num="62" count="11" type="stmt"/>
        <line num="65" count="19" type="stmt"/>
        <line num="66" count="595" type="stmt"/>
        <line num="69" count="19" type="stmt"/>
        <line num="70" count="1" type="stmt"/>
        <line num="73" count="19" type="stmt"/>
        <line num="74" count="1" type="cond" truecount="1" falsecount="1"/>
        <line num="75" count="1" type="stmt"/>
        <line num="76" count="1" type="stmt"/>
        <line num="78" count="1" type="cond" truecount="1" falsecount="1"/>
        <line num="79" count="1" type="cond" truecount="1" falsecount="1"/>
        <line num="81" count="1" type="stmt"/>
        <line num="84" count="19" type="stmt"/>
        <line num="85" count="588" type="stmt"/>
        <line num="86" count="588" type="cond" truecount="2" falsecount="0"/>
        <line num="87" count="18" type="stmt"/>
        <line num="89" count="588" type="cond" truecount="2" falsecount="0"/>
        <line num="90" count="188" type="stmt"/>
        <line num="92" count="588" type="stmt"/>
        <line num="95" count="19" type="stmt"/>
        <line num="104" count="133" type="stmt"/>
        <line num="110" count="665" type="cond" truecount="2" falsecount="0"/>
        <line num="111" count="77" type="stmt"/>
        <line num="114" count="588" type="stmt"/>
        <line num="115" count="588" type="cond" truecount="2" falsecount="0"/>
        <line num="117" count="665" type="stmt"/>
        <line num="118" count="665" type="stmt"/>
        <line num="121" count="665" type="stmt"/>
        <line num="122" count="665" type="cond" truecount="1" falsecount="1"/>
        <line num="124" count="665" type="stmt"/>
        <line num="125" count="10" type="cond" truecount="2" falsecount="0"/>
        <line num="126" count="9" type="stmt"/>
        <line num="130" count="665" type="cond" truecount="1" falsecount="1"/>
        <line num="131" count="0" type="stmt"/>
        <line num="134" count="588" type="stmt"/>
        <line num="135" count="588" type="stmt"/>
        <line num="137" count="588" type="stmt"/>
        <line num="141" count="3" type="stmt"/>
        <line num="153" count="9" type="cond" truecount="1" falsecount="1"/>
      </file>
      <file name="index.ts" path="C:\Users\ClaudioHigón\.gemini\antigravity\scratch\calendar\src\components\MonthView\index.ts">
        <metrics statements="0" coveredstatements="0" conditionals="0" coveredconditionals="0" methods="0" coveredmethods="0"/>
      </file>
    </package>
    <package name="src.components.RecurrenceDialog">
      <metrics statements="5" coveredstatements="5" conditionals="0" coveredconditionals="0" methods="5" coveredmethods="5"/>
      <file name="RecurrenceDialog.scss" path="C:\Users\ClaudioHigón\.gemini\antigravity\scratch\calendar\src\components\RecurrenceDialog\RecurrenceDialog.scss">
        <metrics statements="0" coveredstatements="0" conditionals="0" coveredconditionals="0" methods="0" coveredmethods="0"/>
      </file>
      <file name="RecurrenceDialog.tsx" path="C:\Users\ClaudioHigón\.gemini\antigravity\scratch\calendar\src\components\RecurrenceDialog\RecurrenceDialog.tsx">
        <metrics statements="5" coveredstatements="5" conditionals="0" coveredconditionals="0" methods="5" coveredmethods="5"/>
        <line num="10" count="10" type="stmt"/>
        <line num="12" count="6" type="stmt"/>
        <line num="19" count="2" type="stmt"/>
        <line num="25" count="2" type="stmt"/>
        <line num="31" count="1" type="stmt"/>
      </file>
      <file name="index.ts" path="C:\Users\ClaudioHigón\.gemini\antigravity\scratch\calendar\src\components\RecurrenceDialog\index.ts">
        <metrics statements="0" coveredstatements="0" conditionals="0" coveredconditionals="0" methods="0" coveredmethods="0"/>
      </file>
    </package>
    <package name="src.components.ViewSelector">
      <metrics statements="4" coveredstatements="4" conditionals="2" coveredconditionals="2" methods="3" coveredmethods="3"/>
      <file name="ViewSelector.scss" path="C:\Users\ClaudioHigón\.gemini\antigravity\scratch\calendar\src\components\ViewSelector\ViewSelector.scss">
        <metrics statements="0" coveredstatements="0" conditionals="0" coveredconditionals="0" methods="0" coveredmethods="0"/>
      </file>
      <file name="ViewSelector.tsx" path="C:\Users\ClaudioHigón\.gemini\antigravity\scratch\calendar\src\components\ViewSelector\ViewSelector.tsx">
        <metrics statements="4" coveredstatements="4" conditionals="2" coveredconditionals="2" methods="3" coveredmethods="3"/>
        <line num="12" count="2" type="stmt"/>
        <line num="19" count="8" type="stmt"/>
        <line num="23" count="24" type="stmt"/>
        <line num="26" count="1" type="stmt"/>
      </file>
      <file name="index.ts" path="C:\Users\ClaudioHigón\.gemini\antigravity\scratch\calendar\src\components\ViewSelector\index.ts">
        <metrics statements="0" coveredstatements="0" conditionals="0" coveredconditionals="0" methods="0" coveredmethods="0"/>
      </file>
    </package>
    <package name="src.components.WeekView">
      <metrics statements="41" coveredstatements="41" conditionals="16" coveredconditionals="10" methods="17" coveredmethods="17"/>
      <file name="WeekView.scss" path="C:\Users\ClaudioHigón\.gemini\antigravity\scratch\calendar\src\components\WeekView\WeekView.scss">
        <metrics statements="0" coveredstatements="0" conditionals="0" coveredconditionals="0" methods="0" coveredmethods="0"/>
      </file>
      <file name="WeekView.tsx" path="C:\Users\ClaudioHigón\.gemini\antigravity\scratch\calendar\src\components\WeekView\WeekView.tsx">
        <metrics statements="41" coveredstatements="41" conditionals="16" coveredconditionals="10" methods="17" coveredmethods="17"/>
        <line num="20" count="3" type="stmt"/>
        <line num="21" count="72" type="stmt"/>
        <line num="26" count="8" type="stmt"/>
        <line num="27" count="8" type="stmt"/>
        <line num="28" count="8" type="stmt"/>
        <line num="29" count="8" type="stmt"/>
        <line num="31" count="8" type="stmt"/>
        <line num="32" count="8" type="stmt"/>
        <line num="35" count="8" type="stmt"/>
        <line num="36" count="6" type="cond" truecount="1" falsecount="1"/>
        <line num="37" count="6" type="stmt"/>
        <line num="38" count="6" type="stmt"/>
        <line num="39" count="6" type="stmt"/>
        <line num="40" count="6" type="stmt"/>
        <line num="44" count="8" type="stmt"/>
        <line num="45" count="1" type="stmt"/>
        <line num="48" count="8" type="stmt"/>
        <line num="49" count="1" type="cond" truecount="1" falsecount="1"/>
        <line num="50" count="1" type="stmt"/>
        <line num="51" count="1" type="stmt"/>
        <line num="53" count="1" type="cond" truecount="1" falsecount="1"/>
        <line num="54" count="1" type="cond" truecount="1" falsecount="1"/>
        <line num="56" count="1" type="stmt"/>
        <line num="59" count="8" type="stmt"/>
        <line num="60" count="2" type="stmt"/>
        <line num="61" count="2" type="cond" truecount="1" falsecount="1"/>
        <line num="63" count="2" type="stmt"/>
        <line num="64" count="2" type="stmt"/>
        <line num="65" count="2" type="stmt"/>
        <line num="67" count="2" type="stmt"/>
        <line num="74" count="8" type="stmt"/>
        <line num="86" count="56" type="stmt"/>
        <line num="89" count="1" type="stmt"/>
        <line num="106" count="192" type="stmt"/>
        <line num="116" count="192" type="stmt"/>
        <line num="122" count="56" type="stmt"/>
        <line num="124" count="56" type="stmt"/>
        <line num="127" count="2" type="stmt"/>
        <line num="128" count="2" type="stmt"/>
        <line num="134" count="1" type="stmt"/>
        <line num="135" count="1" type="stmt"/>
      </file>
      <file name="index.ts" path="C:\Users\ClaudioHigón\.gemini\antigravity\scratch\calendar\src\components\WeekView\index.ts">
        <metrics statements="0" coveredstatements="0" conditionals="0" coveredconditionals="0" methods="0" coveredmethods="0"/>
      </file>
    </package>
    <package name="src.components.YearView">
      <metrics statements="33" coveredstatements="33" conditionals="10" coveredconditionals="7" methods="12" coveredmethods="12"/>
      <file name="YearView.scss" path="C:\Users\ClaudioHigón\.gemini\antigravity\scratch\calendar\src\components\YearView\YearView.scss">
        <metrics statements="0" coveredstatements="0" conditionals="0" coveredconditionals="0" methods="0" coveredmethods="0"/>
      </file>
      <file name="YearView.tsx" path="C:\Users\ClaudioHigón\.gemini\antigravity\scratch\calendar\src\components\YearView\YearView.tsx">
        <metrics statements="33" coveredstatements="33" conditionals="10" coveredconditionals="7" methods="12" coveredmethods="12"/>
        <line num="15" count="3" type="stmt"/>
        <line num="18" count="7" type="stmt"/>
        <line num="19" count="60" type="stmt"/>
        <line num="20" count="7" type="stmt"/>
        <line num="21" count="7" type="stmt"/>
        <line num="23" count="7" type="stmt"/>
        <line num="24" count="1" type="stmt"/>
        <line num="27" count="7" type="stmt"/>
        <line num="28" count="1" type="cond" truecount="1" falsecount="1"/>
        <line num="29" count="1" type="stmt"/>
        <line num="30" count="1" type="stmt"/>
        <line num="32" count="1" type="cond" truecount="1" falsecount="1"/>
        <line num="33" count="1" type="cond" truecount="1" falsecount="1"/>
        <line num="35" count="1" type="stmt"/>
        <line num="38" count="7" type="stmt"/>
        <line num="47" count="84" type="stmt"/>
        <line num="51" count="2" type="stmt"/>
        <line num="66" count="84" type="stmt"/>
        <line num="67" count="60" type="stmt"/>
        <line num="68" count="60" type="stmt"/>
        <line num="71" count="84" type="stmt"/>
        <line num="72" count="60" type="stmt"/>
        <line num="73" count="60" type="stmt"/>
        <line num="74" count="60" type="stmt"/>
        <line num="77" count="60" type="stmt"/>
        <line num="78" count="195" type="stmt"/>
        <line num="82" count="60" type="stmt"/>
        <line num="83" count="1825" type="stmt"/>
        <line num="86" count="60" type="stmt"/>
        <line num="89" count="84" type="stmt"/>
        <line num="94" count="588" type="stmt"/>
        <line num="99" count="2828" type="cond" truecount="2" falsecount="0"/>
        <line num="100" count="2828" type="stmt"/>
      </file>
      <file name="index.ts" path="C:\Users\ClaudioHigón\.gemini\antigravity\scratch\calendar\src\components\YearView\index.ts">
        <metrics statements="0" coveredstatements="0" conditionals="0" coveredconditionals="0" methods="0" coveredmethods="0"/>
      </file>
    </package>
    <package name="src.constants">
      <metrics statements="2" coveredstatements="2" conditionals="2" coveredconditionals="1" methods="2" coveredmethods="2"/>
      <file name="categories.ts" path="C:\Users\ClaudioHigón\.gemini\antigravity\scratch\calendar\src\constants\categories.ts">
        <metrics statements="2" coveredstatements="2" conditionals="2" coveredconditionals="1" methods="2" coveredmethods="2"/>
        <line num="7" count="3" type="stmt"/>
        <line num="20" count="38" type="cond" truecount="1" falsecount="1"/>
      </file>
    </package>
    <package name="src.services">
      <metrics statements="5" coveredstatements="5" conditionals="0" coveredconditionals="0" methods="2" coveredmethods="2"/>
      <file name="db.ts" path="C:\Users\ClaudioHigón\.gemini\antigravity\scratch\calendar\src\services\db.ts">
        <metrics statements="5" coveredstatements="5" conditionals="0" coveredconditionals="0" methods="2" coveredmethods="2"/>
        <line num="8" count="1" type="stmt"/>
        <line num="9" count="1" type="stmt"/>
        <line num="15" count="1" type="stmt"/>
        <line num="16" count="1" type="stmt"/>
        <line num="20" count="1" type="stmt"/>
      </file>
    </package>
    <package name="src.utils">
      <metrics statements="44" coveredstatements="44" conditionals="11" coveredconditionals="10" methods="15" coveredmethods="15"/>
      <file name="dateUtils.ts" path="C:\Users\ClaudioHigón\.gemini\antigravity\scratch\calendar\src\utils\dateUtils.ts">
        <metrics statements="30" coveredstatements="30" conditionals="9" coveredconditionals="8" methods="9" coveredmethods="9"/>
        <line num="4" count="8" type="stmt"/>
        <line num="5" count="644" type="cond" truecount="3" falsecount="0"/>
        <line num="12" count="8" type="stmt"/>
        <line num="13" count="18" type="stmt"/>
        <line num="19" count="8" type="stmt"/>
        <line num="20" count="82" type="stmt"/>
        <line num="25" count="8" type="stmt"/>
        <line num="26" count="71" type="stmt"/>
        <line num="27" count="71" type="cond" truecount="2" falsecount="0"/>
        <line num="33" count="8" type="stmt"/>
        <line num="34" count="1920" type="stmt"/>
        <line num="40" count="8" type="stmt"/>
        <line num="41" count="15" type="stmt"/>
        <line num="51" count="8" type="stmt"/>
        <line num="52" count="3206" type="stmt"/>
        <line num="53" count="3206" type="cond" truecount="2" falsecount="0"/>
        <line num="59" count="8" type="stmt"/>
        <line num="60" count="9" type="stmt"/>
        <line num="61" count="9" type="cond" truecount="1" falsecount="1"/>
        <line num="62" count="9" type="stmt"/>
        <line num="63" count="9" type="stmt"/>
        <line num="64" count="9" type="stmt"/>
        <line num="65" count="9" type="stmt"/>
        <line num="71" count="8" type="stmt"/>
        <line num="72" count="8" type="stmt"/>
        <line num="73" count="8" type="stmt"/>
        <line num="74" count="56" type="stmt"/>
        <line num="75" count="56" type="stmt"/>
        <line num="76" count="56" type="stmt"/>
        <line num="78" count="8" type="stmt"/>
      </file>
      <file name="eventUtils.ts" path="C:\Users\ClaudioHigón\.gemini\antigravity\scratch\calendar\src\utils\eventUtils.ts">
        <metrics statements="14" coveredstatements="14" conditionals="2" coveredconditionals="2" methods="6" coveredmethods="6"/>
        <line num="8" count="5" type="stmt"/>
        <line num="9" count="372" type="stmt"/>
        <line num="15" count="5" type="stmt"/>
        <line num="16" count="30" type="stmt"/>
        <line num="22" count="5" type="stmt"/>
        <line num="23" count="602" type="stmt"/>
        <line num="29" count="5" type="stmt"/>
        <line num="30" count="17" type="stmt"/>
        <line num="32" count="17" type="stmt"/>
        <line num="33" count="595" type="stmt"/>
        <line num="34" count="595" type="stmt"/>
        <line num="35" count="595" type="cond" truecount="2" falsecount="0"/>
        <line num="36" count="7" type="stmt"/>
        <line num="40" count="17" type="stmt"/>
      </file>
    </package>
  </project>
</coverage>
