<?xml version="1.0" encoding="UTF-8"?>
<coverage generated="1778882995090" clover="3.2.0">
  <project timestamp="1778882995091" name="All files">
    <metrics statements="249" coveredstatements="205" conditionals="94" coveredconditionals="68" methods="88" coveredmethods="71" elements="431" coveredelements="344" complexity="0" loc="249" ncloc="249" packages="10" files="27" classes="27"/>
    <package name="src">
      <metrics statements="20" coveredstatements="16" conditionals="8" coveredconditionals="7" methods="8" coveredmethods="5"/>
      <file name="App.scss" path="C:\Users\ClaudioHigón\.gemini\antigravity\scratch\calendar\src\App.scss">
        <metrics statements="0" coveredstatements="0" conditionals="0" coveredconditionals="0" methods="0" coveredmethods="0"/>
      </file>
      <file name="App.tsx" path="C:\Users\ClaudioHigón\.gemini\antigravity\scratch\calendar\src\App.tsx">
        <metrics statements="20" coveredstatements="16" conditionals="8" coveredconditionals="7" methods="8" coveredmethods="5"/>
        <line num="11" count="1" type="stmt"/>
        <line num="25" count="8" type="stmt"/>
        <line num="26" count="8" type="stmt"/>
        <line num="27" count="8" type="stmt"/>
        <line num="28" count="8" type="stmt"/>
        <line num="30" count="8" type="stmt"/>
        <line num="31" count="3" type="stmt"/>
        <line num="32" count="3" type="stmt"/>
        <line num="35" count="8" type="stmt"/>
        <line num="36" count="1" type="stmt"/>
        <line num="39" count="8" type="stmt"/>
        <line num="40" count="0" type="stmt"/>
        <line num="43" count="8" type="stmt"/>
        <line num="44" count="0" type="stmt"/>
        <line num="48" count="0" type="stmt"/>
        <line num="49" count="0" type="stmt"/>
        <line num="52" count="8" type="stmt"/>
        <line num="53" count="7" type="stmt"/>
        <line num="54" count="63" type="stmt"/>
        <line num="57" count="8" type="stmt"/>
      </file>
    </package>
    <package name="src.components.Calendar">
      <metrics statements="36" coveredstatements="18" conditionals="18" coveredconditionals="13" methods="9" coveredmethods="5"/>
      <file name="Calendar.scss" path="C:\Users\ClaudioHigón\.gemini\antigravity\scratch\calendar\src\components\Calendar\Calendar.scss">
        <metrics statements="0" coveredstatements="0" conditionals="0" coveredconditionals="0" methods="0" coveredmethods="0"/>
      </file>
      <file name="Calendar.tsx" path="C:\Users\ClaudioHigón\.gemini\antigravity\scratch\calendar\src\components\Calendar\Calendar.tsx">
        <metrics statements="36" coveredstatements="18" conditionals="18" coveredconditionals="13" methods="9" coveredmethods="5"/>
        <line num="25" count="18" type="stmt"/>
        <line num="26" count="18" type="stmt"/>
        <line num="27" count="8" type="stmt"/>
        <line num="31" count="18" type="stmt"/>
        <line num="33" count="18" type="stmt"/>
        <line num="34" count="18" type="stmt"/>
        <line num="38" count="18" type="stmt"/>
        <line num="39" count="9" type="cond" truecount="1" falsecount="1"/>
        <line num="40" count="0" type="stmt"/>
        <line num="41" count="0" type="stmt"/>
        <line num="43" count="9" type="stmt"/>
        <line num="44" count="9" type="cond" truecount="2" falsecount="0"/>
        <line num="45" count="1" type="stmt"/>
        <line num="47" count="8" type="stmt"/>
        <line num="51" count="18" type="stmt"/>
        <line num="53" count="0" type="stmt"/>
        <line num="55" count="0" type="cond" truecount="0" falsecount="2"/>
        <line num="57" count="0" type="stmt"/>
        <line num="58" count="0" type="stmt"/>
        <line num="61" count="0" type="stmt"/>
        <line num="63" count="0" type="stmt"/>
        <line num="64" count="0" type="stmt"/>
        <line num="70" count="18" type="stmt"/>
        <line num="71" count="0" type="stmt"/>
        <line num="72" count="0" type="cond" truecount="0" falsecount="2"/>
        <line num="73" count="0" type="stmt"/>
        <line num="75" count="0" type="stmt"/>
        <line num="77" count="0" type="stmt"/>
        <line num="80" count="18" type="stmt"/>
        <line num="81" count="3" type="stmt"/>
        <line num="84" count="18" type="stmt"/>
        <line num="85" count="0" type="stmt"/>
        <line num="86" count="0" type="stmt"/>
        <line num="87" count="0" type="stmt"/>
        <line num="88" count="0" type="stmt"/>
        <line num="91" count="18" type="stmt"/>
      </file>
      <file name="index.ts" path="C:\Users\ClaudioHigón\.gemini\antigravity\scratch\calendar\src\components\Calendar\index.ts">
        <metrics statements="0" coveredstatements="0" conditionals="0" coveredconditionals="0" methods="0" coveredmethods="0"/>
      </file>
    </package>
    <package name="src.components.DayDetail">
      <metrics statements="4" coveredstatements="4" conditionals="6" coveredconditionals="5" methods="3" coveredmethods="3"/>
      <file name="DayDetail.scss" path="C:\Users\ClaudioHigón\.gemini\antigravity\scratch\calendar\src\components\DayDetail\DayDetail.scss">
        <metrics statements="0" coveredstatements="0" conditionals="0" coveredconditionals="0" methods="0" coveredmethods="0"/>
      </file>
      <file name="DayDetail.tsx" path="C:\Users\ClaudioHigón\.gemini\antigravity\scratch\calendar\src\components\DayDetail\DayDetail.tsx">
        <metrics statements="4" coveredstatements="4" conditionals="6" coveredconditionals="5" methods="3" coveredmethods="3"/>
        <line num="12" count="6" type="stmt"/>
        <line num="15" count="6" type="stmt"/>
        <line num="17" count="6" type="stmt"/>
        <line num="32" count="2" type="stmt"/>
      </file>
      <file name="index.ts" path="C:\Users\ClaudioHigón\.gemini\antigravity\scratch\calendar\src\components\DayDetail\index.ts">
        <metrics statements="0" coveredstatements="0" conditionals="0" coveredconditionals="0" methods="0" coveredmethods="0"/>
      </file>
    </package>
    <package name="src.components.EventForm">
      <metrics statements="27" coveredstatements="22" conditionals="8" coveredconditionals="7" methods="14" coveredmethods="9"/>
      <file name="EventForm.scss" path="C:\Users\ClaudioHigón\.gemini\antigravity\scratch\calendar\src\components\EventForm\EventForm.scss">
        <metrics statements="0" coveredstatements="0" conditionals="0" coveredconditionals="0" methods="0" coveredmethods="0"/>
      </file>
      <file name="EventForm.tsx" path="C:\Users\ClaudioHigón\.gemini\antigravity\scratch\calendar\src\components\EventForm\EventForm.tsx">
        <metrics statements="27" coveredstatements="22" conditionals="8" coveredconditionals="7" methods="14" coveredmethods="9"/>
        <line num="11" count="2" type="stmt"/>
        <line num="19" count="2" type="stmt"/>
        <line num="29" count="11" type="stmt"/>
        <line num="30" count="11" type="stmt"/>
        <line num="33" count="11" type="stmt"/>
        <line num="34" count="11" type="stmt"/>
        <line num="35" count="11" type="stmt"/>
        <line num="36" count="11" type="stmt"/>
        <line num="37" count="11" type="stmt"/>
        <line num="39" count="11" type="stmt"/>
        <line num="40" count="1" type="stmt"/>
        <line num="41" count="1" type="cond" truecount="1" falsecount="1"/>
        <line num="43" count="1" type="stmt"/>
        <line num="55" count="11" type="stmt"/>
        <line num="56" count="2" type="stmt"/>
        <line num="57" count="2" type="cond" truecount="2" falsecount="0"/>
        <line num="58" count="1" type="stmt"/>
        <line num="63" count="11" type="stmt"/>
        <line num="92" count="3" type="stmt"/>
        <line num="105" count="0" type="stmt"/>
        <line num="118" count="0" type="stmt"/>
        <line num="128" count="0" type="stmt"/>
        <line num="140" count="0" type="stmt"/>
        <line num="143" count="55" type="stmt"/>
        <line num="153" count="66" type="stmt"/>
        <line num="157" count="2" type="stmt"/>
        <line num="173" count="0" type="stmt"/>
      </file>
      <file name="index.ts" path="C:\Users\ClaudioHigón\.gemini\antigravity\scratch\calendar\src\components\EventForm\index.ts">
        <metrics statements="0" coveredstatements="0" conditionals="0" coveredconditionals="0" methods="0" coveredmethods="0"/>
      </file>
    </package>
    <package name="src.components.Fab">
      <metrics statements="1" coveredstatements="1" conditionals="1" coveredconditionals="1" methods="1" coveredmethods="1"/>
      <file name="Fab.scss" path="C:\Users\ClaudioHigón\.gemini\antigravity\scratch\calendar\src\components\Fab\Fab.scss">
        <metrics statements="0" coveredstatements="0" conditionals="0" coveredconditionals="0" methods="0" coveredmethods="0"/>
      </file>
      <file name="Fab.tsx" path="C:\Users\ClaudioHigón\.gemini\antigravity\scratch\calendar\src\components\Fab\Fab.tsx">
        <metrics statements="1" coveredstatements="1" conditionals="1" coveredconditionals="1" methods="1" coveredmethods="1"/>
        <line num="9" count="10" type="stmt"/>
      </file>
      <file name="index.ts" path="C:\Users\ClaudioHigón\.gemini\antigravity\scratch\calendar\src\components\Fab\index.ts">
        <metrics statements="0" coveredstatements="0" conditionals="0" coveredconditionals="0" methods="0" coveredmethods="0"/>
      </file>
    </package>
    <package name="src.components.MonthView">
      <metrics statements="53" coveredstatements="45" conditionals="18" coveredconditionals="12" methods="12" coveredmethods="10"/>
      <file name="MonthView.scss" path="C:\Users\ClaudioHigón\.gemini\antigravity\scratch\calendar\src\components\MonthView\MonthView.scss">
        <metrics statements="0" coveredstatements="0" conditionals="0" coveredconditionals="0" methods="0" coveredmethods="0"/>
      </file>
      <file name="MonthView.tsx" path="C:\Users\ClaudioHigón\.gemini\antigravity\scratch\calendar\src\components\MonthView\MonthView.tsx">
        <metrics statements="53" coveredstatements="45" conditionals="18" coveredconditionals="12" methods="12" coveredmethods="10"/>
        <line num="19" count="3" type="stmt"/>
        <line num="22" count="18" type="stmt"/>
        <line num="23" count="18" type="stmt"/>
        <line num="24" count="18" type="stmt"/>
        <line num="26" count="18" type="stmt"/>
        <line num="27" count="18" type="stmt"/>
        <line num="29" count="18" type="stmt"/>
        <line num="30" count="11" type="stmt"/>
        <line num="31" count="11" type="stmt"/>
        <line num="32" count="11" type="stmt"/>
        <line num="34" count="11" type="stmt"/>
        <line num="36" count="11" type="stmt"/>
        <line num="37" count="44" type="stmt"/>
        <line num="43" count="11" type="stmt"/>
        <line num="44" count="341" type="stmt"/>
        <line num="50" count="11" type="stmt"/>
        <line num="51" count="11" type="stmt"/>
        <line num="53" count="11" type="stmt"/>
        <line num="54" count="0" type="stmt"/>
        <line num="60" count="11" type="stmt"/>
        <line num="63" count="18" type="stmt"/>
        <line num="64" count="13" type="stmt"/>
        <line num="65" count="13" type="stmt"/>
        <line num="66" count="50" type="cond" truecount="2" falsecount="0"/>
        <line num="67" count="50" type="stmt"/>
        <line num="69" count="13" type="stmt"/>
        <line num="72" count="18" type="stmt"/>
        <line num="73" count="0" type="stmt"/>
        <line num="76" count="18" type="stmt"/>
        <line num="77" count="0" type="cond" truecount="0" falsecount="2"/>
        <line num="78" count="0" type="stmt"/>
        <line num="79" count="0" type="stmt"/>
        <line num="81" count="0" type="cond" truecount="0" falsecount="2"/>
        <line num="82" count="0" type="cond" truecount="0" falsecount="2"/>
        <line num="84" count="0" type="stmt"/>
        <line num="87" count="18" type="stmt"/>
        <line num="88" count="558" type="stmt"/>
        <line num="89" count="558" type="cond" truecount="2" falsecount="0"/>
        <line num="90" count="18" type="stmt"/>
        <line num="92" count="558" type="cond" truecount="2" falsecount="0"/>
        <line num="93" count="180" type="stmt"/>
        <line num="95" count="558" type="stmt"/>
        <line num="98" count="18" type="stmt"/>
        <line num="107" count="126" type="stmt"/>
        <line num="113" count="630" type="cond" truecount="2" falsecount="0"/>
        <line num="114" count="72" type="stmt"/>
        <line num="117" count="558" type="stmt"/>
        <line num="118" count="558" type="cond" truecount="2" falsecount="0"/>
        <line num="119" count="630" type="stmt"/>
        <line num="120" count="630" type="stmt"/>
        <line num="122" count="630" type="stmt"/>
        <line num="126" count="4" type="stmt"/>
        <line num="138" count="84" type="stmt"/>
      </file>
      <file name="index.ts" path="C:\Users\ClaudioHigón\.gemini\antigravity\scratch\calendar\src\components\MonthView\index.ts">
        <metrics statements="0" coveredstatements="0" conditionals="0" coveredconditionals="0" methods="0" coveredmethods="0"/>
      </file>
    </package>
    <package name="src.components.ViewSelector">
      <metrics statements="4" coveredstatements="4" conditionals="2" coveredconditionals="2" methods="3" coveredmethods="3"/>
      <file name="ViewSelector.scss" path="C:\Users\ClaudioHigón\.gemini\antigravity\scratch\calendar\src\components\ViewSelector\ViewSelector.scss">
        <metrics statements="0" coveredstatements="0" conditionals="0" coveredconditionals="0" methods="0" coveredmethods="0"/>
      </file>
      <file name="ViewSelector.tsx" path="C:\Users\ClaudioHigón\.gemini\antigravity\scratch\calendar\src\components\ViewSelector\ViewSelector.tsx">
        <metrics statements="4" coveredstatements="4" conditionals="2" coveredconditionals="2" methods="3" coveredmethods="3"/>
        <line num="9" count="2" type="stmt"/>
        <line num="16" count="8" type="stmt"/>
        <line num="20" count="24" type="stmt"/>
        <line num="23" count="1" type="stmt"/>
      </file>
      <file name="index.ts" path="C:\Users\ClaudioHigón\.gemini\antigravity\scratch\calendar\src\components\ViewSelector\index.ts">
        <metrics statements="0" coveredstatements="0" conditionals="0" coveredconditionals="0" methods="0" coveredmethods="0"/>
      </file>
    </package>
    <package name="src.components.WeekView">
      <metrics statements="41" coveredstatements="32" conditionals="14" coveredconditionals="6" methods="17" coveredmethods="14"/>
      <file name="WeekView.scss" path="C:\Users\ClaudioHigón\.gemini\antigravity\scratch\calendar\src\components\WeekView\WeekView.scss">
        <metrics statements="0" coveredstatements="0" conditionals="0" coveredconditionals="0" methods="0" coveredmethods="0"/>
      </file>
      <file name="WeekView.tsx" path="C:\Users\ClaudioHigón\.gemini\antigravity\scratch\calendar\src\components\WeekView\WeekView.tsx">
        <metrics statements="41" coveredstatements="32" conditionals="14" coveredconditionals="6" methods="17" coveredmethods="14"/>
        <line num="19" count="3" type="stmt"/>
        <line num="20" count="72" type="stmt"/>
        <line num="23" count="6" type="stmt"/>
        <line num="24" count="6" type="stmt"/>
        <line num="25" count="6" type="stmt"/>
        <line num="26" count="6" type="stmt"/>
        <line num="28" count="6" type="stmt"/>
        <line num="29" count="6" type="stmt"/>
        <line num="32" count="6" type="stmt"/>
        <line num="33" count="5" type="cond" truecount="1" falsecount="1"/>
        <line num="34" count="5" type="stmt"/>
        <line num="35" count="5" type="stmt"/>
        <line num="36" count="5" type="stmt"/>
        <line num="37" count="5" type="stmt"/>
        <line num="41" count="6" type="stmt"/>
        <line num="42" count="0" type="stmt"/>
        <line num="45" count="6" type="stmt"/>
        <line num="46" count="0" type="cond" truecount="0" falsecount="2"/>
        <line num="47" count="0" type="stmt"/>
        <line num="48" count="0" type="stmt"/>
        <line num="50" count="0" type="cond" truecount="0" falsecount="2"/>
        <line num="51" count="0" type="cond" truecount="0" falsecount="2"/>
        <line num="53" count="0" type="stmt"/>
        <line num="56" count="6" type="stmt"/>
        <line num="57" count="1" type="stmt"/>
        <line num="58" count="1" type="cond" truecount="1" falsecount="1"/>
        <line num="60" count="1" type="stmt"/>
        <line num="61" count="1" type="stmt"/>
        <line num="62" count="1" type="stmt"/>
        <line num="64" count="1" type="stmt"/>
        <line num="71" count="6" type="stmt"/>
        <line num="83" count="42" type="stmt"/>
        <line num="86" count="1" type="stmt"/>
        <line num="103" count="144" type="stmt"/>
        <line num="113" count="144" type="stmt"/>
        <line num="119" count="42" type="stmt"/>
        <line num="120" count="42" type="stmt"/>
        <line num="122" count="42" type="stmt"/>
        <line num="125" count="1" type="stmt"/>
        <line num="130" count="0" type="stmt"/>
        <line num="131" count="0" type="stmt"/>
      </file>
      <file name="index.ts" path="C:\Users\ClaudioHigón\.gemini\antigravity\scratch\calendar\src\components\WeekView\index.ts">
        <metrics statements="0" coveredstatements="0" conditionals="0" coveredconditionals="0" methods="0" coveredmethods="0"/>
      </file>
    </package>
    <package name="src.components.YearView">
      <metrics statements="33" coveredstatements="33" conditionals="10" coveredconditionals="7" methods="12" coveredmethods="12"/>
      <file name="YearView.scss" path="C:\Users\ClaudioHigón\.gemini\antigravity\scratch\calendar\src\components\YearView\YearView.scss">
        <metrics statements="0" coveredstatements="0" conditionals="0" coveredconditionals="0" methods="0" coveredmethods="0"/>
      </file>
      <file name="YearView.tsx" path="C:\Users\ClaudioHigón\.gemini\antigravity\scratch\calendar\src\components\YearView\YearView.tsx">
        <metrics statements="33" coveredstatements="33" conditionals="10" coveredconditionals="7" methods="12" coveredmethods="12"/>
        <line num="15" count="3" type="stmt"/>
        <line num="18" count="6" type="stmt"/>
        <line num="19" count="60" type="stmt"/>
        <line num="20" count="6" type="stmt"/>
        <line num="21" count="6" type="stmt"/>
        <line num="23" count="6" type="stmt"/>
        <line num="24" count="1" type="stmt"/>
        <line num="27" count="6" type="stmt"/>
        <line num="28" count="1" type="cond" truecount="1" falsecount="1"/>
        <line num="29" count="1" type="stmt"/>
        <line num="30" count="1" type="stmt"/>
        <line num="32" count="1" type="cond" truecount="1" falsecount="1"/>
        <line num="33" count="1" type="cond" truecount="1" falsecount="1"/>
        <line num="35" count="1" type="stmt"/>
        <line num="38" count="6" type="stmt"/>
        <line num="47" count="72" type="stmt"/>
        <line num="51" count="1" type="stmt"/>
        <line num="66" count="72" type="stmt"/>
        <line num="67" count="60" type="stmt"/>
        <line num="68" count="60" type="stmt"/>
        <line num="71" count="72" type="stmt"/>
        <line num="72" count="60" type="stmt"/>
        <line num="73" count="60" type="stmt"/>
        <line num="74" count="60" type="stmt"/>
        <line num="77" count="60" type="stmt"/>
        <line num="78" count="195" type="stmt"/>
        <line num="82" count="60" type="stmt"/>
        <line num="83" count="1825" type="stmt"/>
        <line num="86" count="60" type="stmt"/>
        <line num="89" count="72" type="stmt"/>
        <line num="94" count="504" type="stmt"/>
        <line num="99" count="2424" type="cond" truecount="2" falsecount="0"/>
        <line num="100" count="2424" type="stmt"/>
      </file>
      <file name="index.ts" path="C:\Users\ClaudioHigón\.gemini\antigravity\scratch\calendar\src\components\YearView\index.ts">
        <metrics statements="0" coveredstatements="0" conditionals="0" coveredconditionals="0" methods="0" coveredmethods="0"/>
      </file>
    </package>
    <package name="src.utils">
      <metrics statements="30" coveredstatements="30" conditionals="9" coveredconditionals="8" methods="9" coveredmethods="9"/>
      <file name="dateUtils.ts" path="C:\Users\ClaudioHigón\.gemini\antigravity\scratch\calendar\src\utils\dateUtils.ts">
        <metrics statements="30" coveredstatements="30" conditionals="9" coveredconditionals="8" methods="9" coveredmethods="9"/>
        <line num="4" count="6" type="stmt"/>
        <line num="5" count="600" type="cond" truecount="3" falsecount="0"/>
        <line num="12" count="6" type="stmt"/>
        <line num="13" count="16" type="stmt"/>
        <line num="19" count="6" type="stmt"/>
        <line num="20" count="82" type="stmt"/>
        <line num="25" count="6" type="stmt"/>
        <line num="26" count="71" type="stmt"/>
        <line num="27" count="71" type="cond" truecount="2" falsecount="0"/>
        <line num="33" count="6" type="stmt"/>
        <line num="34" count="600" type="stmt"/>
        <line num="40" count="6" type="stmt"/>
        <line num="41" count="6" type="stmt"/>
        <line num="51" count="6" type="stmt"/>
        <line num="52" count="2796" type="stmt"/>
        <line num="53" count="2796" type="cond" truecount="2" falsecount="0"/>
        <line num="59" count="6" type="stmt"/>
        <line num="60" count="7" type="stmt"/>
        <line num="61" count="7" type="cond" truecount="1" falsecount="1"/>
        <line num="62" count="7" type="stmt"/>
        <line num="63" count="7" type="stmt"/>
        <line num="64" count="7" type="stmt"/>
        <line num="65" count="7" type="stmt"/>
        <line num="71" count="6" type="stmt"/>
        <line num="72" count="6" type="stmt"/>
        <line num="73" count="6" type="stmt"/>
        <line num="74" count="42" type="stmt"/>
        <line num="75" count="42" type="stmt"/>
        <line num="76" count="42" type="stmt"/>
        <line num="78" count="6" type="stmt"/>
      </file>
    </package>
  </project>
</coverage>
