{"C:\\Users\\ClaudioHigón\\.gemini\\antigravity\\scratch\\calendar\\src\\App.scss": {"path":"C:\\Users\\ClaudioHigón\\.gemini\\antigravity\\scratch\\calendar\\src\\App.scss","statementMap":{},"fnMap":{},"branchMap":{},"s":{},"f":{},"b":{},"meta":{"lastBranch":0,"lastFunction":0,"lastStatement":0,"seen":{}}}
,"C:\\Users\\ClaudioHigón\\.gemini\\antigravity\\scratch\\calendar\\src\\App.tsx": {"path":"C:\\Users\\ClaudioHigón\\.gemini\\antigravity\\scratch\\calendar\\src\\App.tsx","statementMap":{"0":{"start":{"line":15,"column":39},"end":{"line":25,"column":null}},"1":{"start":{"line":30,"column":15},"end":{"line":30,"column":null}},"2":{"start":{"line":31,"column":19},"end":{"line":31,"column":null}},"3":{"start":{"line":32,"column":23},"end":{"line":32,"column":null}},"4":{"start":{"line":33,"column":24},"end":{"line":33,"column":null}},"5":{"start":{"line":34,"column":27},"end":{"line":38,"column":null}},"6":{"start":{"line":41,"column":8},"end":{"line":41,"column":null}},"7":{"start":{"line":41,"column":36},"end":{"line":41,"column":55}},"8":{"start":{"line":44,"column":2},"end":{"line":52,"column":null}},"9":{"start":{"line":45,"column":19},"end":{"line":50,"column":null}},"10":{"start":{"line":46,"column":20},"end":{"line":46,"column":null}},"11":{"start":{"line":47,"column":6},"end":{"line":49,"column":null}},"12":{"start":{"line":48,"column":8},"end":{"line":48,"column":null}},"13":{"start":{"line":51,"column":4},"end":{"line":51,"column":null}},"14":{"start":{"line":54,"column":8},"end":{"line":57,"column":null}},"15":{"start":{"line":55,"column":4},"end":{"line":55,"column":null}},"16":{"start":{"line":56,"column":4},"end":{"line":56,"column":null}},"17":{"start":{"line":59,"column":8},"end":{"line":62,"column":null}},"18":{"start":{"line":60,"column":4},"end":{"line":60,"column":null}},"19":{"start":{"line":61,"column":4},"end":{"line":61,"column":null}},"20":{"start":{"line":64,"column":8},"end":{"line":67,"column":null}},"21":{"start":{"line":65,"column":4},"end":{"line":65,"column":null}},"22":{"start":{"line":66,"column":4},"end":{"line":66,"column":null}},"23":{"start":{"line":69,"column":8},"end":{"line":72,"column":null}},"24":{"start":{"line":70,"column":4},"end":{"line":70,"column":null}},"25":{"start":{"line":71,"column":4},"end":{"line":71,"column":null}},"26":{"start":{"line":74,"column":8},"end":{"line":77,"column":null}},"27":{"start":{"line":75,"column":4},"end":{"line":75,"column":null}},"28":{"start":{"line":76,"column":4},"end":{"line":76,"column":null}},"29":{"start":{"line":79,"column":8},"end":{"line":82,"column":null}},"30":{"start":{"line":80,"column":4},"end":{"line":80,"column":null}},"31":{"start":{"line":81,"column":4},"end":{"line":81,"column":null}},"32":{"start":{"line":84,"column":8},"end":{"line":91,"column":null}},"33":{"start":{"line":85,"column":4},"end":{"line":90,"column":null}},"34":{"start":{"line":86,"column":6},"end":{"line":86,"column":null}},"35":{"start":{"line":88,"column":6},"end":{"line":88,"column":null}},"36":{"start":{"line":89,"column":6},"end":{"line":89,"column":null}},"37":{"start":{"line":93,"column":8},"end":{"line":120,"column":null}},"38":{"start":{"line":94,"column":4},"end":{"line":119,"column":null}},"39":{"start":{"line":96,"column":28},"end":{"line":99,"column":null}},"40":{"start":{"line":96,"column":48},"end":{"line":99,"column":8}},"41":{"start":{"line":100,"column":6},"end":{"line":100,"column":null}},"42":{"start":{"line":101,"column":6},"end":{"line":101,"column":null}},"43":{"start":{"line":102,"column":11},"end":{"line":119,"column":null}},"44":{"start":{"line":104,"column":20},"end":{"line":104,"column":null}},"45":{"start":{"line":104,"column":37},"end":{"line":104,"column":58}},"46":{"start":{"line":105,"column":6},"end":{"line":110,"column":null}},"47":{"start":{"line":106,"column":8},"end":{"line":106,"column":null}},"48":{"start":{"line":108,"column":8},"end":{"line":108,"column":null}},"49":{"start":{"line":109,"column":8},"end":{"line":109,"column":null}},"50":{"start":{"line":113,"column":41},"end":{"line":116,"column":null}},"51":{"start":{"line":117,"column":6},"end":{"line":117,"column":null}},"52":{"start":{"line":118,"column":6},"end":{"line":118,"column":null}},"53":{"start":{"line":122,"column":8},"end":{"line":164,"column":null}},"54":{"start":{"line":123,"column":4},"end":{"line":123,"column":null}},"55":{"start":{"line":123,"column":27},"end":{"line":123,"column":null}},"56":{"start":{"line":125,"column":34},"end":{"line":125,"column":null}},"57":{"start":{"line":126,"column":20},"end":{"line":126,"column":null}},"58":{"start":{"line":128,"column":4},"end":{"line":160,"column":null}},"59":{"start":{"line":129,"column":6},"end":{"line":137,"column":null}},"60":{"start":{"line":130,"column":8},"end":{"line":130,"column":null}},"61":{"start":{"line":131,"column":13},"end":{"line":137,"column":null}},"62":{"start":{"line":132,"column":25},"end":{"line":132,"column":null}},"63":{"start":{"line":132,"column":44},"end":{"line":132,"column":89}},"64":{"start":{"line":133,"column":8},"end":{"line":133,"column":null}},"65":{"start":{"line":133,"column":53},"end":{"line":133,"column":57}},"66":{"start":{"line":134,"column":13},"end":{"line":137,"column":null}},"67":{"start":{"line":135,"column":25},"end":{"line":135,"column":null}},"68":{"start":{"line":135,"column":44},"end":{"line":135,"column":65}},"69":{"start":{"line":136,"column":8},"end":{"line":136,"column":null}},"70":{"start":{"line":136,"column":53},"end":{"line":136,"column":57}},"71":{"start":{"line":138,"column":11},"end":{"line":160,"column":null}},"72":{"start":{"line":139,"column":6},"end":{"line":159,"column":null}},"73":{"start":{"line":140,"column":8},"end":{"line":140,"column":null}},"74":{"start":{"line":141,"column":13},"end":{"line":159,"column":null}},"75":{"start":{"line":142,"column":25},"end":{"line":142,"column":null}},"76":{"start":{"line":142,"column":44},"end":{"line":142,"column":89}},"77":{"start":{"line":143,"column":24},"end":{"line":148,"column":null}},"78":{"start":{"line":143,"column":43},"end":{"line":148,"column":10}},"79":{"start":{"line":149,"column":8},"end":{"line":149,"column":null}},"80":{"start":{"line":150,"column":13},"end":{"line":159,"column":null}},"81":{"start":{"line":151,"column":25},"end":{"line":151,"column":null}},"82":{"start":{"line":151,"column":44},"end":{"line":151,"column":65}},"83":{"start":{"line":152,"column":24},"end":{"line":157,"column":null}},"84":{"start":{"line":152,"column":43},"end":{"line":157,"column":10}},"85":{"start":{"line":158,"column":8},"end":{"line":158,"column":null}},"86":{"start":{"line":162,"column":4},"end":{"line":162,"column":null}},"87":{"start":{"line":163,"column":4},"end":{"line":163,"column":null}},"88":{"start":{"line":166,"column":8},"end":{"line":168,"column":null}},"89":{"start":{"line":167,"column":4},"end":{"line":167,"column":null}},"90":{"start":{"line":170,"column":2},"end":{"line":224,"column":null}},"91":{"start":{"line":193,"column":44},"end":{"line":193,"column":70}},"92":{"start":{"line":221,"column":26},"end":{"line":221,"column":null}}},"fnMap":{"0":{"name":"App","decl":{"start":{"line":29,"column":9},"end":{"line":29,"column":15}},"loc":{"start":{"line":29,"column":15},"end":{"line":226,"column":null}},"line":29},"1":{"name":"(anonymous_1)","decl":{"start":{"line":41,"column":17},"end":{"line":41,"column":36}},"loc":{"start":{"line":41,"column":36},"end":{"line":41,"column":55}},"line":41},"2":{"name":"(anonymous_2)","decl":{"start":{"line":44,"column":2},"end":{"line":44,"column":18}},"loc":{"start":{"line":44,"column":18},"end":{"line":52,"column":5}},"line":44},"3":{"name":"(anonymous_3)","decl":{"start":{"line":45,"column":19},"end":{"line":45,"column":31}},"loc":{"start":{"line":45,"column":31},"end":{"line":50,"column":null}},"line":45},"4":{"name":"(anonymous_4)","decl":{"start":{"line":54,"column":27},"end":{"line":54,"column":40}},"loc":{"start":{"line":54,"column":55},"end":{"line":57,"column":5}},"line":54},"5":{"name":"(anonymous_5)","decl":{"start":{"line":59,"column":27},"end":{"line":59,"column":40}},"loc":{"start":{"line":59,"column":65},"end":{"line":62,"column":5}},"line":59},"6":{"name":"(anonymous_6)","decl":{"start":{"line":64,"column":31},"end":{"line":64,"column":49}},"loc":{"start":{"line":64,"column":49},"end":{"line":67,"column":5}},"line":64},"7":{"name":"(anonymous_7)","decl":{"start":{"line":69,"column":32},"end":{"line":69,"column":50}},"loc":{"start":{"line":69,"column":50},"end":{"line":72,"column":5}},"line":69},"8":{"name":"(anonymous_8)","decl":{"start":{"line":74,"column":25},"end":{"line":74,"column":43}},"loc":{"start":{"line":74,"column":43},"end":{"line":77,"column":5}},"line":74},"9":{"name":"(anonymous_9)","decl":{"start":{"line":79,"column":26},"end":{"line":79,"column":39}},"loc":{"start":{"line":79,"column":64},"end":{"line":82,"column":5}},"line":79},"10":{"name":"(anonymous_10)","decl":{"start":{"line":84,"column":40},"end":{"line":84,"column":47}},"loc":{"start":{"line":84,"column":72},"end":{"line":91,"column":5}},"line":84},"11":{"name":"(anonymous_11)","decl":{"start":{"line":93,"column":38},"end":{"line":93,"column":45}},"loc":{"start":{"line":93,"column":64},"end":{"line":120,"column":5}},"line":93},"12":{"name":"(anonymous_12)","decl":{"start":{"line":96,"column":38},"end":{"line":96,"column":42}},"loc":{"start":{"line":96,"column":48},"end":{"line":99,"column":8}},"line":96},"13":{"name":"(anonymous_13)","decl":{"start":{"line":104,"column":27},"end":{"line":104,"column":32}},"loc":{"start":{"line":104,"column":37},"end":{"line":104,"column":58}},"line":104},"14":{"name":"(anonymous_14)","decl":{"start":{"line":122,"column":46},"end":{"line":122,"column":53}},"loc":{"start":{"line":122,"column":93},"end":{"line":164,"column":5}},"line":122},"15":{"name":"(anonymous_15)","decl":{"start":{"line":132,"column":32},"end":{"line":132,"column":39}},"loc":{"start":{"line":132,"column":44},"end":{"line":132,"column":89}},"line":132},"16":{"name":"(anonymous_16)","decl":{"start":{"line":133,"column":44},"end":{"line":133,"column":48}},"loc":{"start":{"line":133,"column":53},"end":{"line":133,"column":57}},"line":133},"17":{"name":"(anonymous_17)","decl":{"start":{"line":135,"column":32},"end":{"line":135,"column":39}},"loc":{"start":{"line":135,"column":44},"end":{"line":135,"column":65}},"line":135},"18":{"name":"(anonymous_18)","decl":{"start":{"line":136,"column":44},"end":{"line":136,"column":48}},"loc":{"start":{"line":136,"column":53},"end":{"line":136,"column":57}},"line":136},"19":{"name":"(anonymous_19)","decl":{"start":{"line":142,"column":32},"end":{"line":142,"column":39}},"loc":{"start":{"line":142,"column":44},"end":{"line":142,"column":89}},"line":142},"20":{"name":"(anonymous_20)","decl":{"start":{"line":143,"column":33},"end":{"line":143,"column":37}},"loc":{"start":{"line":143,"column":43},"end":{"line":148,"column":10}},"line":143},"21":{"name":"(anonymous_21)","decl":{"start":{"line":151,"column":32},"end":{"line":151,"column":39}},"loc":{"start":{"line":151,"column":44},"end":{"line":151,"column":65}},"line":151},"22":{"name":"(anonymous_22)","decl":{"start":{"line":152,"column":33},"end":{"line":152,"column":37}},"loc":{"start":{"line":152,"column":43},"end":{"line":157,"column":10}},"line":152},"23":{"name":"(anonymous_23)","decl":{"start":{"line":166,"column":32},"end":{"line":166,"column":46}},"loc":{"start":{"line":166,"column":46},"end":{"line":168,"column":5}},"line":166},"24":{"name":"(anonymous_24)","decl":{"start":{"line":193,"column":22},"end":{"line":193,"column":44}},"loc":{"start":{"line":193,"column":44},"end":{"line":193,"column":70}},"line":193},"25":{"name":"(anonymous_25)","decl":{"start":{"line":221,"column":10},"end":{"line":221,"column":26}},"loc":{"start":{"line":221,"column":26},"end":{"line":221,"column":null}},"line":221}},"branchMap":{"0":{"loc":{"start":{"line":41,"column":8},"end":{"line":41,"column":null}},"type":"binary-expr","locations":[{"start":{"line":41,"column":8},"end":{"line":41,"column":60}},{"start":{"line":41,"column":60},"end":{"line":41,"column":null}}],"line":41},"1":{"loc":{"start":{"line":47,"column":6},"end":{"line":49,"column":null}},"type":"if","locations":[{"start":{"line":47,"column":6},"end":{"line":49,"column":null}},{"start":{},"end":{}}],"line":47},"2":{"loc":{"start":{"line":85,"column":4},"end":{"line":90,"column":null}},"type":"if","locations":[{"start":{"line":85,"column":4},"end":{"line":90,"column":null}},{"start":{"line":87,"column":11},"end":{"line":90,"column":null}}],"line":85},"3":{"loc":{"start":{"line":94,"column":4},"end":{"line":119,"column":null}},"type":"if","locations":[{"start":{"line":94,"column":4},"end":{"line":119,"column":null}},{"start":{"line":102,"column":11},"end":{"line":119,"column":null}}],"line":94},"4":{"loc":{"start":{"line":102,"column":11},"end":{"line":119,"column":null}},"type":"if","locations":[{"start":{"line":102,"column":11},"end":{"line":119,"column":null}},{"start":{"line":111,"column":11},"end":{"line":119,"column":null}}],"line":102},"5":{"loc":{"start":{"line":105,"column":6},"end":{"line":110,"column":null}},"type":"if","locations":[{"start":{"line":105,"column":6},"end":{"line":110,"column":null}},{"start":{"line":107,"column":13},"end":{"line":110,"column":null}}],"line":105},"6":{"loc":{"start":{"line":123,"column":4},"end":{"line":123,"column":null}},"type":"if","locations":[{"start":{"line":123,"column":4},"end":{"line":123,"column":null}},{"start":{},"end":{}}],"line":123},"7":{"loc":{"start":{"line":128,"column":4},"end":{"line":160,"column":null}},"type":"if","locations":[{"start":{"line":128,"column":4},"end":{"line":160,"column":null}},{"start":{"line":138,"column":11},"end":{"line":160,"column":null}}],"line":128},"8":{"loc":{"start":{"line":129,"column":6},"end":{"line":137,"column":null}},"type":"if","locations":[{"start":{"line":129,"column":6},"end":{"line":137,"column":null}},{"start":{"line":131,"column":13},"end":{"line":137,"column":null}}],"line":129},"9":{"loc":{"start":{"line":131,"column":13},"end":{"line":137,"column":null}},"type":"if","locations":[{"start":{"line":131,"column":13},"end":{"line":137,"column":null}},{"start":{"line":134,"column":13},"end":{"line":137,"column":null}}],"line":131},"10":{"loc":{"start":{"line":132,"column":44},"end":{"line":132,"column":89}},"type":"binary-expr","locations":[{"start":{"line":132,"column":44},"end":{"line":132,"column":69}},{"start":{"line":132,"column":69},"end":{"line":132,"column":89}}],"line":132},"11":{"loc":{"start":{"line":134,"column":13},"end":{"line":137,"column":null}},"type":"if","locations":[{"start":{"line":134,"column":13},"end":{"line":137,"column":null}},{"start":{},"end":{}}],"line":134},"12":{"loc":{"start":{"line":138,"column":11},"end":{"line":160,"column":null}},"type":"if","locations":[{"start":{"line":138,"column":11},"end":{"line":160,"column":null}},{"start":{},"end":{}}],"line":138},"13":{"loc":{"start":{"line":139,"column":6},"end":{"line":159,"column":null}},"type":"if","locations":[{"start":{"line":139,"column":6},"end":{"line":159,"column":null}},{"start":{"line":141,"column":13},"end":{"line":159,"column":null}}],"line":139},"14":{"loc":{"start":{"line":141,"column":13},"end":{"line":159,"column":null}},"type":"if","locations":[{"start":{"line":141,"column":13},"end":{"line":159,"column":null}},{"start":{"line":150,"column":13},"end":{"line":159,"column":null}}],"line":141},"15":{"loc":{"start":{"line":142,"column":44},"end":{"line":142,"column":89}},"type":"binary-expr","locations":[{"start":{"line":142,"column":44},"end":{"line":142,"column":69}},{"start":{"line":142,"column":69},"end":{"line":142,"column":89}}],"line":142},"16":{"loc":{"start":{"line":150,"column":13},"end":{"line":159,"column":null}},"type":"if","locations":[{"start":{"line":150,"column":13},"end":{"line":159,"column":null}},{"start":{},"end":{}}],"line":150},"17":{"loc":{"start":{"line":173,"column":9},"end":{"line":180,"column":null}},"type":"binary-expr","locations":[{"start":{"line":173,"column":9},"end":{"line":173,"column":null}},{"start":{"line":174,"column":10},"end":{"line":180,"column":null}}],"line":173},"18":{"loc":{"start":{"line":182,"column":9},"end":{"line":188,"column":null}},"type":"binary-expr","locations":[{"start":{"line":182,"column":9},"end":{"line":182,"column":null}},{"start":{"line":183,"column":10},"end":{"line":188,"column":null}}],"line":182},"19":{"loc":{"start":{"line":190,"column":9},"end":{"line":196,"column":null}},"type":"binary-expr","locations":[{"start":{"line":190,"column":9},"end":{"line":190,"column":null}},{"start":{"line":191,"column":10},"end":{"line":196,"column":null}}],"line":190},"20":{"loc":{"start":{"line":193,"column":22},"end":{"line":193,"column":null}},"type":"cond-expr","locations":[{"start":{"line":193,"column":22},"end":{"line":193,"column":70}},{"start":{"line":193,"column":70},"end":{"line":193,"column":null}}],"line":193},"21":{"loc":{"start":{"line":195,"column":26},"end":{"line":195,"column":null}},"type":"binary-expr","locations":[{"start":{"line":195,"column":26},"end":{"line":195,"column":43}},{"start":{"line":195,"column":43},"end":{"line":195,"column":null}}],"line":195},"22":{"loc":{"start":{"line":198,"column":9},"end":{"line":204,"column":null}},"type":"binary-expr","locations":[{"start":{"line":198,"column":9},"end":{"line":198,"column":36}},{"start":{"line":198,"column":36},"end":{"line":198,"column":null}},{"start":{"line":199,"column":10},"end":{"line":204,"column":null}}],"line":198},"23":{"loc":{"start":{"line":208,"column":7},"end":{"line":208,"column":null}},"type":"binary-expr","locations":[{"start":{"line":208,"column":7},"end":{"line":208,"column":30}},{"start":{"line":208,"column":30},"end":{"line":208,"column":null}}],"line":208},"24":{"loc":{"start":{"line":210,"column":7},"end":{"line":214,"column":null}},"type":"binary-expr","locations":[{"start":{"line":210,"column":7},"end":{"line":210,"column":null}},{"start":{"line":211,"column":8},"end":{"line":214,"column":null}}],"line":210},"25":{"loc":{"start":{"line":217,"column":7},"end":{"line":222,"column":null}},"type":"binary-expr","locations":[{"start":{"line":217,"column":7},"end":{"line":217,"column":null}},{"start":{"line":218,"column":8},"end":{"line":222,"column":null}}],"line":217},"26":{"loc":{"start":{"line":219,"column":17},"end":{"line":219,"column":null}},"type":"cond-expr","locations":[{"start":{"line":219,"column":54},"end":{"line":219,"column":73}},{"start":{"line":219,"column":73},"end":{"line":219,"column":null}}],"line":219}},"s":{"0":1,"1":14,"2":14,"3":14,"4":14,"5":14,"6":14,"7":4,"8":14,"9":1,"10":1,"11":1,"12":0,"13":1,"14":14,"15":2,"16":2,"17":14,"18":2,"19":2,"20":14,"21":2,"22":2,"23":14,"24":0,"25":0,"26":14,"27":0,"28":0,"29":14,"30":1,"31":1,"32":14,"33":1,"34":1,"35":0,"36":0,"37":14,"38":1,"39":0,"40":0,"41":0,"42":0,"43":1,"44":1,"45":1,"46":1,"47":1,"48":0,"49":0,"50":0,"51":0,"52":0,"53":14,"54":2,"55":0,"56":2,"57":2,"58":2,"59":1,"60":1,"61":0,"62":0,"63":0,"64":0,"65":0,"66":0,"67":0,"68":0,"69":0,"70":0,"71":1,"72":1,"73":0,"74":1,"75":1,"76":2,"77":1,"78":2,"79":1,"80":0,"81":0,"82":0,"83":0,"84":0,"85":0,"86":2,"87":2,"88":14,"89":7,"90":14,"91":0,"92":0},"f":{"0":14,"1":4,"2":1,"3":1,"4":2,"5":2,"6":2,"7":0,"8":0,"9":1,"10":1,"11":1,"12":0,"13":1,"14":2,"15":0,"16":0,"17":0,"18":0,"19":2,"20":2,"21":0,"22":0,"23":7,"24":0,"25":0},"b":{"0":[14,1],"1":[0,1],"2":[1,0],"3":[0,1],"4":[1,0],"5":[1,0],"6":[0,2],"7":[1,1],"8":[1,0],"9":[0,0],"10":[0,0],"11":[0,0],"12":[1,0],"13":[0,1],"14":[1,0],"15":[2,2],"16":[0,0],"17":[14,5],"18":[14,2],"19":[14,3],"20":[0,0],"21":[3,0],"22":[14,4,4],"23":[14,5],"24":[14,5],"25":[14,4],"26":[2,2]},"meta":{"lastBranch":27,"lastFunction":26,"lastStatement":93,"seen":{"s:15:39:25:Infinity":0,"f:29:9:29:15":0,"s:30:15:30:Infinity":1,"s:31:19:31:Infinity":2,"s:32:23:32:Infinity":3,"s:33:24:33:Infinity":4,"s:34:27:38:Infinity":5,"s:41:8:41:Infinity":6,"b:41:8:41:60:41:60:41:Infinity":0,"f:41:17:41:36":1,"s:41:36:41:55":7,"s:44:2:52:Infinity":8,"f:44:2:44:18":2,"s:45:19:50:Infinity":9,"f:45:19:45:31":3,"s:46:20:46:Infinity":10,"b:47:6:49:Infinity:undefined:undefined:undefined:undefined":1,"s:47:6:49:Infinity":11,"s:48:8:48:Infinity":12,"s:51:4:51:Infinity":13,"s:54:8:57:Infinity":14,"f:54:27:54:40":4,"s:55:4:55:Infinity":15,"s:56:4:56:Infinity":16,"s:59:8:62:Infinity":17,"f:59:27:59:40":5,"s:60:4:60:Infinity":18,"s:61:4:61:Infinity":19,"s:64:8:67:Infinity":20,"f:64:31:64:49":6,"s:65:4:65:Infinity":21,"s:66:4:66:Infinity":22,"s:69:8:72:Infinity":23,"f:69:32:69:50":7,"s:70:4:70:Infinity":24,"s:71:4:71:Infinity":25,"s:74:8:77:Infinity":26,"f:74:25:74:43":8,"s:75:4:75:Infinity":27,"s:76:4:76:Infinity":28,"s:79:8:82:Infinity":29,"f:79:26:79:39":9,"s:80:4:80:Infinity":30,"s:81:4:81:Infinity":31,"s:84:8:91:Infinity":32,"f:84:40:84:47":10,"b:85:4:90:Infinity:87:11:90:Infinity":2,"s:85:4:90:Infinity":33,"s:86:6:86:Infinity":34,"s:88:6:88:Infinity":35,"s:89:6:89:Infinity":36,"s:93:8:120:Infinity":37,"f:93:38:93:45":11,"b:94:4:119:Infinity:102:11:119:Infinity":3,"s:94:4:119:Infinity":38,"s:96:28:99:Infinity":39,"f:96:38:96:42":12,"s:96:48:99:8":40,"s:100:6:100:Infinity":41,"s:101:6:101:Infinity":42,"b:102:11:119:Infinity:111:11:119:Infinity":4,"s:102:11:119:Infinity":43,"s:104:20:104:Infinity":44,"f:104:27:104:32":13,"s:104:37:104:58":45,"b:105:6:110:Infinity:107:13:110:Infinity":5,"s:105:6:110:Infinity":46,"s:106:8:106:Infinity":47,"s:108:8:108:Infinity":48,"s:109:8:109:Infinity":49,"s:113:41:116:Infinity":50,"s:117:6:117:Infinity":51,"s:118:6:118:Infinity":52,"s:122:8:164:Infinity":53,"f:122:46:122:53":14,"b:123:4:123:Infinity:undefined:undefined:undefined:undefined":6,"s:123:4:123:Infinity":54,"s:123:27:123:Infinity":55,"s:125:34:125:Infinity":56,"s:126:20:126:Infinity":57,"b:128:4:160:Infinity:138:11:160:Infinity":7,"s:128:4:160:Infinity":58,"b:129:6:137:Infinity:131:13:137:Infinity":8,"s:129:6:137:Infinity":59,"s:130:8:130:Infinity":60,"b:131:13:137:Infinity:134:13:137:Infinity":9,"s:131:13:137:Infinity":61,"s:132:25:132:Infinity":62,"f:132:32:132:39":15,"s:132:44:132:89":63,"b:132:44:132:69:132:69:132:89":10,"s:133:8:133:Infinity":64,"f:133:44:133:48":16,"s:133:53:133:57":65,"b:134:13:137:Infinity:undefined:undefined:undefined:undefined":11,"s:134:13:137:Infinity":66,"s:135:25:135:Infinity":67,"f:135:32:135:39":17,"s:135:44:135:65":68,"s:136:8:136:Infinity":69,"f:136:44:136:48":18,"s:136:53:136:57":70,"b:138:11:160:Infinity:undefined:undefined:undefined:undefined":12,"s:138:11:160:Infinity":71,"b:139:6:159:Infinity:141:13:159:Infinity":13,"s:139:6:159:Infinity":72,"s:140:8:140:Infinity":73,"b:141:13:159:Infinity:150:13:159:Infinity":14,"s:141:13:159:Infinity":74,"s:142:25:142:Infinity":75,"f:142:32:142:39":19,"s:142:44:142:89":76,"b:142:44:142:69:142:69:142:89":15,"s:143:24:148:Infinity":77,"f:143:33:143:37":20,"s:143:43:148:10":78,"s:149:8:149:Infinity":79,"b:150:13:159:Infinity:undefined:undefined:undefined:undefined":16,"s:150:13:159:Infinity":80,"s:151:25:151:Infinity":81,"f:151:32:151:39":21,"s:151:44:151:65":82,"s:152:24:157:Infinity":83,"f:152:33:152:37":22,"s:152:43:157:10":84,"s:158:8:158:Infinity":85,"s:162:4:162:Infinity":86,"s:163:4:163:Infinity":87,"s:166:8:168:Infinity":88,"f:166:32:166:46":23,"s:167:4:167:Infinity":89,"s:170:2:224:Infinity":90,"b:173:9:173:Infinity:174:10:180:Infinity":17,"b:182:9:182:Infinity:183:10:188:Infinity":18,"b:190:9:190:Infinity:191:10:196:Infinity":19,"b:193:22:193:70:193:70:193:Infinity":20,"f:193:22:193:44":24,"s:193:44:193:70":91,"b:195:26:195:43:195:43:195:Infinity":21,"b:198:9:198:36:198:36:198:Infinity:199:10:204:Infinity":22,"b:208:7:208:30:208:30:208:Infinity":23,"b:210:7:210:Infinity:211:8:214:Infinity":24,"b:217:7:217:Infinity:218:8:222:Infinity":25,"b:219:54:219:73:219:73:219:Infinity":26,"f:221:10:221:26":25,"s:221:26:221:Infinity":92}}}
,"C:\\Users\\ClaudioHigón\\.gemini\\antigravity\\scratch\\calendar\\src\\assets\\icons\\month.svg": {"path":"C:\\Users\\ClaudioHigón\\.gemini\\antigravity\\scratch\\calendar\\src\\assets\\icons\\month.svg","statementMap":{},"fnMap":{},"branchMap":{},"s":{},"f":{},"b":{},"meta":{"lastBranch":0,"lastFunction":0,"lastStatement":0,"seen":{}}}
,"C:\\Users\\ClaudioHigón\\.gemini\\antigravity\\scratch\\calendar\\src\\assets\\icons\\week.svg": {"path":"C:\\Users\\ClaudioHigón\\.gemini\\antigravity\\scratch\\calendar\\src\\assets\\icons\\week.svg","statementMap":{},"fnMap":{},"branchMap":{},"s":{},"f":{},"b":{},"meta":{"lastBranch":0,"lastFunction":0,"lastStatement":0,"seen":{}}}
,"C:\\Users\\ClaudioHigón\\.gemini\\antigravity\\scratch\\calendar\\src\\assets\\icons\\year.svg": {"path":"C:\\Users\\ClaudioHigón\\.gemini\\antigravity\\scratch\\calendar\\src\\assets\\icons\\year.svg","statementMap":{},"fnMap":{},"branchMap":{},"s":{},"f":{},"b":{},"meta":{"lastBranch":0,"lastFunction":0,"lastStatement":0,"seen":{}}}
,"C:\\Users\\ClaudioHigón\\.gemini\\antigravity\\scratch\\calendar\\src\\components\\Calendar\\Calendar.scss": {"path":"C:\\Users\\ClaudioHigón\\.gemini\\antigravity\\scratch\\calendar\\src\\components\\Calendar\\Calendar.scss","statementMap":{},"fnMap":{},"branchMap":{},"s":{},"f":{},"b":{},"meta":{"lastBranch":0,"lastFunction":0,"lastStatement":0,"seen":{}}}
,"C:\\Users\\ClaudioHigón\\.gemini\\antigravity\\scratch\\calendar\\src\\components\\Calendar\\Calendar.tsx": {"path":"C:\\Users\\ClaudioHigón\\.gemini\\antigravity\\scratch\\calendar\\src\\components\\Calendar\\Calendar.tsx","statementMap":{"0":{"start":{"line":27,"column":8},"end":{"line":27,"column":null}},"1":{"start":{"line":27,"column":30},"end":{"line":27,"column":42}},"2":{"start":{"line":28,"column":22},"end":{"line":30,"column":null}},"3":{"start":{"line":29,"column":10},"end":{"line":29,"column":null}},"4":{"start":{"line":33,"column":8},"end":{"line":33,"column":null}},"5":{"start":{"line":35,"column":15},"end":{"line":35,"column":null}},"6":{"start":{"line":36,"column":16},"end":{"line":36,"column":null}},"7":{"start":{"line":40,"column":2},"end":{"line":51,"column":null}},"8":{"start":{"line":41,"column":4},"end":{"line":44,"column":null}},"9":{"start":{"line":42,"column":6},"end":{"line":42,"column":null}},"10":{"start":{"line":43,"column":6},"end":{"line":43,"column":null}},"11":{"start":{"line":45,"column":16},"end":{"line":45,"column":null}},"12":{"start":{"line":46,"column":4},"end":{"line":50,"column":null}},"13":{"start":{"line":47,"column":6},"end":{"line":47,"column":null}},"14":{"start":{"line":49,"column":6},"end":{"line":49,"column":null}},"15":{"start":{"line":53,"column":8},"end":{"line":70,"column":null}},"16":{"start":{"line":55,"column":6},"end":{"line":67,"column":null}},"17":{"start":{"line":57,"column":8},"end":{"line":64,"column":null}},"18":{"start":{"line":59,"column":10},"end":{"line":59,"column":null}},"19":{"start":{"line":60,"column":10},"end":{"line":60,"column":null}},"20":{"start":{"line":63,"column":10},"end":{"line":63,"column":null}},"21":{"start":{"line":65,"column":8},"end":{"line":65,"column":null}},"22":{"start":{"line":66,"column":8},"end":{"line":66,"column":null}},"23":{"start":{"line":72,"column":8},"end":{"line":80,"column":null}},"24":{"start":{"line":73,"column":16},"end":{"line":73,"column":null}},"25":{"start":{"line":74,"column":4},"end":{"line":78,"column":null}},"26":{"start":{"line":75,"column":6},"end":{"line":75,"column":null}},"27":{"start":{"line":77,"column":6},"end":{"line":77,"column":null}},"28":{"start":{"line":79,"column":4},"end":{"line":79,"column":null}},"29":{"start":{"line":82,"column":8},"end":{"line":84,"column":null}},"30":{"start":{"line":83,"column":4},"end":{"line":83,"column":null}},"31":{"start":{"line":86,"column":8},"end":{"line":91,"column":null}},"32":{"start":{"line":87,"column":4},"end":{"line":87,"column":null}},"33":{"start":{"line":88,"column":4},"end":{"line":88,"column":null}},"34":{"start":{"line":89,"column":4},"end":{"line":89,"column":null}},"35":{"start":{"line":90,"column":4},"end":{"line":90,"column":null}},"36":{"start":{"line":93,"column":2},"end":{"line":134,"column":null}},"37":{"start":{"line":130,"column":37},"end":{"line":130,"column":null}}},"fnMap":{"0":{"name":"Calendar","decl":{"start":{"line":19,"column":9},"end":{"line":19,"column":18}},"loc":{"start":{"line":26,"column":18},"end":{"line":136,"column":null}},"line":26},"1":{"name":"(anonymous_1)","decl":{"start":{"line":27,"column":16},"end":{"line":27,"column":30}},"loc":{"start":{"line":27,"column":30},"end":{"line":27,"column":42}},"line":27},"2":{"name":"(anonymous_2)","decl":{"start":{"line":28,"column":40},"end":{"line":28,"column":null}},"loc":{"start":{"line":29,"column":10},"end":{"line":29,"column":null}},"line":29},"3":{"name":"(anonymous_3)","decl":{"start":{"line":40,"column":2},"end":{"line":40,"column":18}},"loc":{"start":{"line":40,"column":18},"end":{"line":51,"column":5}},"line":40},"4":{"name":"(anonymous_4)","decl":{"start":{"line":53,"column":25},"end":{"line":53,"column":null}},"loc":{"start":{"line":54,"column":23},"end":{"line":68,"column":null}},"line":54},"5":{"name":"(anonymous_5)","decl":{"start":{"line":55,"column":6},"end":{"line":55,"column":22}},"loc":{"start":{"line":55,"column":31},"end":{"line":67,"column":7}},"line":55},"6":{"name":"(anonymous_6)","decl":{"start":{"line":72,"column":20},"end":{"line":72,"column":38}},"loc":{"start":{"line":72,"column":38},"end":{"line":80,"column":5}},"line":72},"7":{"name":"(anonymous_7)","decl":{"start":{"line":82,"column":27},"end":{"line":82,"column":40}},"loc":{"start":{"line":82,"column":55},"end":{"line":84,"column":5}},"line":82},"8":{"name":"(anonymous_8)","decl":{"start":{"line":86,"column":28},"end":{"line":86,"column":41}},"loc":{"start":{"line":86,"column":64},"end":{"line":91,"column":5}},"line":86},"9":{"name":"(anonymous_9)","decl":{"start":{"line":130,"column":12},"end":{"line":130,"column":27}},"loc":{"start":{"line":130,"column":37},"end":{"line":130,"column":null}},"line":130}},"branchMap":{"0":{"loc":{"start":{"line":20,"column":2},"end":{"line":20,"column":null}},"type":"default-arg","locations":[{"start":{"line":20,"column":13},"end":{"line":20,"column":null}}],"line":20},"1":{"loc":{"start":{"line":21,"column":2},"end":{"line":21,"column":null}},"type":"default-arg","locations":[{"start":{"line":21,"column":11},"end":{"line":21,"column":null}}],"line":21},"2":{"loc":{"start":{"line":41,"column":4},"end":{"line":44,"column":null}},"type":"if","locations":[{"start":{"line":41,"column":4},"end":{"line":44,"column":null}},{"start":{},"end":{}}],"line":41},"3":{"loc":{"start":{"line":46,"column":4},"end":{"line":50,"column":null}},"type":"if","locations":[{"start":{"line":46,"column":4},"end":{"line":50,"column":null}},{"start":{"line":48,"column":11},"end":{"line":50,"column":null}}],"line":46},"4":{"loc":{"start":{"line":57,"column":8},"end":{"line":64,"column":null}},"type":"if","locations":[{"start":{"line":57,"column":8},"end":{"line":64,"column":null}},{"start":{"line":61,"column":15},"end":{"line":64,"column":null}}],"line":57},"5":{"loc":{"start":{"line":74,"column":4},"end":{"line":78,"column":null}},"type":"if","locations":[{"start":{"line":74,"column":4},"end":{"line":78,"column":null}},{"start":{"line":76,"column":11},"end":{"line":78,"column":null}}],"line":74},"6":{"loc":{"start":{"line":103,"column":11},"end":{"line":103,"column":null}},"type":"cond-expr","locations":[{"start":{"line":103,"column":33},"end":{"line":103,"column":40}},{"start":{"line":103,"column":33},"end":{"line":103,"column":null}}],"line":103},"7":{"loc":{"start":{"line":109,"column":9},"end":{"line":115,"column":null}},"type":"binary-expr","locations":[{"start":{"line":109,"column":9},"end":{"line":109,"column":null}},{"start":{"line":110,"column":10},"end":{"line":115,"column":null}}],"line":109},"8":{"loc":{"start":{"line":117,"column":9},"end":{"line":122,"column":null}},"type":"binary-expr","locations":[{"start":{"line":117,"column":9},"end":{"line":117,"column":null}},{"start":{"line":118,"column":10},"end":{"line":122,"column":null}}],"line":117},"9":{"loc":{"start":{"line":124,"column":9},"end":{"line":131,"column":null}},"type":"binary-expr","locations":[{"start":{"line":124,"column":9},"end":{"line":124,"column":null}},{"start":{"line":125,"column":10},"end":{"line":131,"column":null}}],"line":124}},"s":{"0":21,"1":8,"2":21,"3":8,"4":21,"5":21,"6":21,"7":21,"8":8,"9":0,"10":0,"11":8,"12":8,"13":1,"14":7,"15":21,"16":2,"17":2,"18":1,"19":1,"20":1,"21":2,"22":2,"23":21,"24":1,"25":1,"26":0,"27":1,"28":1,"29":21,"30":2,"31":21,"32":1,"33":1,"34":1,"35":1,"36":21,"37":0},"f":{"0":21,"1":8,"2":8,"3":8,"4":2,"5":2,"6":1,"7":2,"8":1,"9":0},"b":{"0":[21],"1":[21],"2":[0,8],"3":[1,7],"4":[1,1],"5":[0,1],"6":[3,18],"7":[21,15],"8":[21,3],"9":[21,3]},"meta":{"lastBranch":10,"lastFunction":10,"lastStatement":38,"seen":{"f:19:9:19:18":0,"b:20:13:20:Infinity":0,"b:21:11:21:Infinity":1,"s:27:8:27:Infinity":0,"f:27:16:27:30":1,"s:27:30:27:42":1,"s:28:22:30:Infinity":2,"f:28:40:28:Infinity":2,"s:29:10:29:Infinity":3,"s:33:8:33:Infinity":4,"s:35:15:35:Infinity":5,"s:36:16:36:Infinity":6,"s:40:2:51:Infinity":7,"f:40:2:40:18":3,"b:41:4:44:Infinity:undefined:undefined:undefined:undefined":2,"s:41:4:44:Infinity":8,"s:42:6:42:Infinity":9,"s:43:6:43:Infinity":10,"s:45:16:45:Infinity":11,"b:46:4:50:Infinity:48:11:50:Infinity":3,"s:46:4:50:Infinity":12,"s:47:6:47:Infinity":13,"s:49:6:49:Infinity":14,"s:53:8:70:Infinity":15,"f:53:25:53:Infinity":4,"s:55:6:67:Infinity":16,"f:55:6:55:22":5,"b:57:8:64:Infinity:61:15:64:Infinity":4,"s:57:8:64:Infinity":17,"s:59:10:59:Infinity":18,"s:60:10:60:Infinity":19,"s:63:10:63:Infinity":20,"s:65:8:65:Infinity":21,"s:66:8:66:Infinity":22,"s:72:8:80:Infinity":23,"f:72:20:72:38":6,"s:73:16:73:Infinity":24,"b:74:4:78:Infinity:76:11:78:Infinity":5,"s:74:4:78:Infinity":25,"s:75:6:75:Infinity":26,"s:77:6:77:Infinity":27,"s:79:4:79:Infinity":28,"s:82:8:84:Infinity":29,"f:82:27:82:40":7,"s:83:4:83:Infinity":30,"s:86:8:91:Infinity":31,"f:86:28:86:41":8,"s:87:4:87:Infinity":32,"s:88:4:88:Infinity":33,"s:89:4:89:Infinity":34,"s:90:4:90:Infinity":35,"s:93:2:134:Infinity":36,"b:103:33:103:40:103:33:103:Infinity":6,"b:109:9:109:Infinity:110:10:115:Infinity":7,"b:117:9:117:Infinity:118:10:122:Infinity":8,"b:124:9:124:Infinity:125:10:131:Infinity":9,"f:130:12:130:27":9,"s:130:37:130:Infinity":37}}}
,"C:\\Users\\ClaudioHigón\\.gemini\\antigravity\\scratch\\calendar\\src\\components\\Calendar\\index.ts": {"path":"C:\\Users\\ClaudioHigón\\.gemini\\antigravity\\scratch\\calendar\\src\\components\\Calendar\\index.ts","statementMap":{},"fnMap":{},"branchMap":{},"s":{},"f":{},"b":{},"meta":{"lastBranch":0,"lastFunction":0,"lastStatement":0,"seen":{}}}
,"C:\\Users\\ClaudioHigón\\.gemini\\antigravity\\scratch\\calendar\\src\\components\\DayDetail\\DayDetail.scss": {"path":"C:\\Users\\ClaudioHigón\\.gemini\\antigravity\\scratch\\calendar\\src\\components\\DayDetail\\DayDetail.scss","statementMap":{},"fnMap":{},"branchMap":{},"s":{},"f":{},"b":{},"meta":{"lastBranch":0,"lastFunction":0,"lastStatement":0,"seen":{}}}
,"C:\\Users\\ClaudioHigón\\.gemini\\antigravity\\scratch\\calendar\\src\\components\\DayDetail\\DayDetail.tsx": {"path":"C:\\Users\\ClaudioHigón\\.gemini\\antigravity\\scratch\\calendar\\src\\components\\DayDetail\\DayDetail.tsx","statementMap":{"0":{"start":{"line":17,"column":8},"end":{"line":17,"column":null}},"1":{"start":{"line":20,"column":23},"end":{"line":20,"column":null}},"2":{"start":{"line":20,"column":50},"end":{"line":20,"column":88}},"3":{"start":{"line":22,"column":31},"end":{"line":24,"column":null}},"4":{"start":{"line":23,"column":4},"end":{"line":23,"column":null}},"5":{"start":{"line":26,"column":2},"end":{"line":81,"column":null}},"6":{"start":{"line":41,"column":20},"end":{"line":41,"column":null}},"7":{"start":{"line":42,"column":14},"end":{"line":71,"column":null}},"8":{"start":{"line":47,"column":33},"end":{"line":47,"column":null}},"9":{"start":{"line":54,"column":24},"end":{"line":54,"column":null}},"10":{"start":{"line":55,"column":24},"end":{"line":55,"column":null}}},"fnMap":{"0":{"name":"DayDetail","decl":{"start":{"line":16,"column":24},"end":{"line":16,"column":34}},"loc":{"start":{"line":16,"column":90},"end":{"line":83,"column":null}},"line":16},"1":{"name":"(anonymous_1)","decl":{"start":{"line":20,"column":35},"end":{"line":20,"column":41}},"loc":{"start":{"line":20,"column":50},"end":{"line":20,"column":88}},"line":20},"2":{"name":"(anonymous_2)","decl":{"start":{"line":22,"column":31},"end":{"line":22,"column":38}},"loc":{"start":{"line":22,"column":63},"end":{"line":24,"column":null}},"line":22},"3":{"name":"(anonymous_3)","decl":{"start":{"line":40,"column":26},"end":{"line":40,"column":31}},"loc":{"start":{"line":40,"column":41},"end":{"line":73,"column":13}},"line":40},"4":{"name":"(anonymous_4)","decl":{"start":{"line":47,"column":18},"end":{"line":47,"column":33}},"loc":{"start":{"line":47,"column":33},"end":{"line":47,"column":null}},"line":47},"5":{"name":"(anonymous_5)","decl":{"start":{"line":53,"column":22},"end":{"line":53,"column":33}},"loc":{"start":{"line":53,"column":39},"end":{"line":56,"column":null}},"line":53}},"branchMap":{"0":{"loc":{"start":{"line":32,"column":23},"end":{"line":32,"column":null}},"type":"cond-expr","locations":[{"start":{"line":32,"column":61},"end":{"line":32,"column":91}},{"start":{"line":32,"column":91},"end":{"line":32,"column":null}}],"line":32},"1":{"loc":{"start":{"line":38,"column":9},"end":{"line":78,"column":null}},"type":"cond-expr","locations":[{"start":{"line":39,"column":10},"end":{"line":76,"column":11}},{"start":{"line":76,"column":10},"end":{"line":78,"column":null}}],"line":38},"2":{"loc":{"start":{"line":45,"column":55},"end":{"line":45,"column":null}},"type":"cond-expr","locations":[{"start":{"line":45,"column":64},"end":{"line":45,"column":102}},{"start":{"line":45,"column":102},"end":{"line":45,"column":null}}],"line":45},"3":{"loc":{"start":{"line":62,"column":21},"end":{"line":63,"column":null}},"type":"binary-expr","locations":[{"start":{"line":62,"column":21},"end":{"line":62,"column":38}},{"start":{"line":62,"column":38},"end":{"line":63,"column":null}}],"line":62},"4":{"loc":{"start":{"line":68,"column":23},"end":{"line":69,"column":null}},"type":"binary-expr","locations":[{"start":{"line":68,"column":23},"end":{"line":68,"column":44}},{"start":{"line":68,"column":44},"end":{"line":69,"column":null}}],"line":68}},"s":{"0":7,"1":7,"2":3,"3":7,"4":1,"5":7,"6":8,"7":8,"8":4,"9":1,"10":1},"f":{"0":7,"1":3,"2":1,"3":8,"4":4,"5":1},"b":{"0":[1,6],"1":[5,2],"2":[0,8],"3":[8,3],"4":[8,0]},"meta":{"lastBranch":5,"lastFunction":6,"lastStatement":11,"seen":{"f:16:24:16:34":0,"s:17:8:17:Infinity":0,"s:20:23:20:Infinity":1,"f:20:35:20:41":1,"s:20:50:20:88":2,"s:22:31:24:Infinity":3,"f:22:31:22:38":2,"s:23:4:23:Infinity":4,"s:26:2:81:Infinity":5,"b:32:61:32:91:32:91:32:Infinity":0,"b:39:10:76:11:76:10:78:Infinity":1,"f:40:26:40:31":3,"s:41:20:41:Infinity":6,"s:42:14:71:Infinity":7,"b:45:64:45:102:45:102:45:Infinity":2,"f:47:18:47:33":4,"s:47:33:47:Infinity":8,"f:53:22:53:33":5,"s:54:24:54:Infinity":9,"s:55:24:55:Infinity":10,"b:62:21:62:38:62:38:63:Infinity":3,"b:68:23:68:44:68:44:69:Infinity":4}}}
,"C:\\Users\\ClaudioHigón\\.gemini\\antigravity\\scratch\\calendar\\src\\components\\DayDetail\\index.ts": {"path":"C:\\Users\\ClaudioHigón\\.gemini\\antigravity\\scratch\\calendar\\src\\components\\DayDetail\\index.ts","statementMap":{},"fnMap":{},"branchMap":{},"s":{},"f":{},"b":{},"meta":{"lastBranch":0,"lastFunction":0,"lastStatement":0,"seen":{}}}
,"C:\\Users\\ClaudioHigón\\.gemini\\antigravity\\scratch\\calendar\\src\\components\\EventDetail\\EventDetail.scss": {"path":"C:\\Users\\ClaudioHigón\\.gemini\\antigravity\\scratch\\calendar\\src\\components\\EventDetail\\EventDetail.scss","statementMap":{},"fnMap":{},"branchMap":{},"s":{},"f":{},"b":{},"meta":{"lastBranch":0,"lastFunction":0,"lastStatement":0,"seen":{}}}
,"C:\\Users\\ClaudioHigón\\.gemini\\antigravity\\scratch\\calendar\\src\\components\\EventDetail\\EventDetail.tsx": {"path":"C:\\Users\\ClaudioHigón\\.gemini\\antigravity\\scratch\\calendar\\src\\components\\EventDetail\\EventDetail.tsx","statementMap":{"0":{"start":{"line":14,"column":8},"end":{"line":14,"column":null}},"1":{"start":{"line":15,"column":20},"end":{"line":15,"column":null}},"2":{"start":{"line":17,"column":2},"end":{"line":92,"column":null}},"3":{"start":{"line":26,"column":27},"end":{"line":26,"column":null}},"4":{"start":{"line":33,"column":27},"end":{"line":33,"column":null}},"5":{"start":{"line":84,"column":16},"end":{"line":86,"column":null}}},"fnMap":{"0":{"name":"EventDetail","decl":{"start":{"line":13,"column":24},"end":{"line":13,"column":36}},"loc":{"start":{"line":13,"column":92},"end":{"line":94,"column":null}},"line":13},"1":{"name":"(anonymous_1)","decl":{"start":{"line":26,"column":12},"end":{"line":26,"column":27}},"loc":{"start":{"line":26,"column":27},"end":{"line":26,"column":null}},"line":26},"2":{"name":"(anonymous_2)","decl":{"start":{"line":33,"column":12},"end":{"line":33,"column":27}},"loc":{"start":{"line":33,"column":27},"end":{"line":33,"column":null}},"line":33},"3":{"name":"(anonymous_3)","decl":{"start":{"line":83,"column":28},"end":{"line":83,"column":32}},"loc":{"start":{"line":84,"column":16},"end":{"line":86,"column":null}},"line":84}},"branchMap":{"0":{"loc":{"start":{"line":56,"column":32},"end":{"line":56,"column":null}},"type":"cond-expr","locations":[{"start":{"line":56,"column":48},"end":{"line":56,"column":72}},{"start":{"line":56,"column":72},"end":{"line":56,"column":null}}],"line":56},"1":{"loc":{"start":{"line":59,"column":11},"end":{"line":68,"column":null}},"type":"binary-expr","locations":[{"start":{"line":59,"column":11},"end":{"line":59,"column":27}},{"start":{"line":59,"column":27},"end":{"line":59,"column":null}},{"start":{"line":60,"column":12},"end":{"line":68,"column":null}}],"line":59},"2":{"loc":{"start":{"line":63,"column":17},"end":{"line":63,"column":null}},"type":"binary-expr","locations":[{"start":{"line":63,"column":17},"end":{"line":63,"column":45}},{"start":{"line":63,"column":45},"end":{"line":63,"column":null}}],"line":63},"3":{"loc":{"start":{"line":64,"column":17},"end":{"line":64,"column":null}},"type":"binary-expr","locations":[{"start":{"line":64,"column":17},"end":{"line":64,"column":46}},{"start":{"line":64,"column":46},"end":{"line":64,"column":null}}],"line":64},"4":{"loc":{"start":{"line":65,"column":17},"end":{"line":65,"column":null}},"type":"binary-expr","locations":[{"start":{"line":65,"column":17},"end":{"line":65,"column":47}},{"start":{"line":65,"column":47},"end":{"line":65,"column":null}}],"line":65},"5":{"loc":{"start":{"line":66,"column":17},"end":{"line":66,"column":null}},"type":"binary-expr","locations":[{"start":{"line":66,"column":17},"end":{"line":66,"column":46}},{"start":{"line":66,"column":46},"end":{"line":66,"column":null}}],"line":66},"6":{"loc":{"start":{"line":72,"column":9},"end":{"line":76,"column":null}},"type":"binary-expr","locations":[{"start":{"line":72,"column":9},"end":{"line":72,"column":null}},{"start":{"line":73,"column":10},"end":{"line":76,"column":null}}],"line":72},"7":{"loc":{"start":{"line":79,"column":9},"end":{"line":89,"column":null}},"type":"binary-expr","locations":[{"start":{"line":79,"column":9},"end":{"line":79,"column":25}},{"start":{"line":79,"column":25},"end":{"line":79,"column":null}},{"start":{"line":80,"column":10},"end":{"line":89,"column":null}}],"line":79},"8":{"loc":{"start":{"line":85,"column":19},"end":{"line":85,"column":null}},"type":"cond-expr","locations":[{"start":{"line":85,"column":32},"end":{"line":85,"column":55}},{"start":{"line":85,"column":55},"end":{"line":85,"column":null}}],"line":85}},"s":{"0":8,"1":8,"2":8,"3":2,"4":2,"5":8},"f":{"0":8,"1":2,"2":2,"3":8},"b":{"0":[4,4],"1":[8,4,4],"2":[4,0],"3":[4,4],"4":[4,0],"5":[4,0],"6":[8,4],"7":[8,4,4],"8":[4,4]},"meta":{"lastBranch":9,"lastFunction":4,"lastStatement":6,"seen":{"f:13:24:13:36":0,"s:14:8:14:Infinity":0,"s:15:20:15:Infinity":1,"s:17:2:92:Infinity":2,"f:26:12:26:27":1,"s:26:27:26:Infinity":3,"f:33:12:33:27":2,"s:33:27:33:Infinity":4,"b:56:48:56:72:56:72:56:Infinity":0,"b:59:11:59:27:59:27:59:Infinity:60:12:68:Infinity":1,"b:63:17:63:45:63:45:63:Infinity":2,"b:64:17:64:46:64:46:64:Infinity":3,"b:65:17:65:47:65:47:65:Infinity":4,"b:66:17:66:46:66:46:66:Infinity":5,"b:72:9:72:Infinity:73:10:76:Infinity":6,"b:79:9:79:25:79:25:79:Infinity:80:10:89:Infinity":7,"f:83:28:83:32":3,"s:84:16:86:Infinity":5,"b:85:32:85:55:85:55:85:Infinity":8}}}
,"C:\\Users\\ClaudioHigón\\.gemini\\antigravity\\scratch\\calendar\\src\\components\\EventDetail\\index.ts": {"path":"C:\\Users\\ClaudioHigón\\.gemini\\antigravity\\scratch\\calendar\\src\\components\\EventDetail\\index.ts","statementMap":{},"fnMap":{},"branchMap":{},"s":{},"f":{},"b":{},"meta":{"lastBranch":0,"lastFunction":0,"lastStatement":0,"seen":{}}}
,"C:\\Users\\ClaudioHigón\\.gemini\\antigravity\\scratch\\calendar\\src\\components\\EventForm\\EventForm.scss": {"path":"C:\\Users\\ClaudioHigón\\.gemini\\antigravity\\scratch\\calendar\\src\\components\\EventForm\\EventForm.scss","statementMap":{},"fnMap":{},"branchMap":{},"s":{},"f":{},"b":{},"meta":{"lastBranch":0,"lastFunction":0,"lastStatement":0,"seen":{}}}
,"C:\\Users\\ClaudioHigón\\.gemini\\antigravity\\scratch\\calendar\\src\\components\\EventForm\\EventForm.tsx": {"path":"C:\\Users\\ClaudioHigón\\.gemini\\antigravity\\scratch\\calendar\\src\\components\\EventForm\\EventForm.tsx","statementMap":{"0":{"start":{"line":12,"column":63},"end":{"line":18,"column":null}},"1":{"start":{"line":20,"column":22},"end":{"line":27,"column":null}},"2":{"start":{"line":33,"column":16},"end":{"line":33,"column":null}},"3":{"start":{"line":34,"column":15},"end":{"line":36,"column":null}},"4":{"start":{"line":37,"column":20},"end":{"line":37,"column":null}},"5":{"start":{"line":38,"column":18},"end":{"line":38,"column":null}},"6":{"start":{"line":39,"column":17},"end":{"line":39,"column":null}},"7":{"start":{"line":40,"column":19},"end":{"line":40,"column":null}},"8":{"start":{"line":41,"column":17},"end":{"line":41,"column":null}},"9":{"start":{"line":42,"column":22},"end":{"line":42,"column":null}},"10":{"start":{"line":43,"column":20},"end":{"line":43,"column":null}},"11":{"start":{"line":45,"column":8},"end":{"line":103,"column":null}},"12":{"start":{"line":46,"column":4},"end":{"line":46,"column":null}},"13":{"start":{"line":47,"column":4},"end":{"line":47,"column":null}},"14":{"start":{"line":47,"column":23},"end":{"line":47,"column":null}},"15":{"start":{"line":50,"column":4},"end":{"line":53,"column":null}},"16":{"start":{"line":51,"column":6},"end":{"line":51,"column":null}},"17":{"start":{"line":52,"column":6},"end":{"line":52,"column":null}},"18":{"start":{"line":55,"column":4},"end":{"line":55,"column":null}},"19":{"start":{"line":56,"column":10},"end":{"line":56,"column":null}},"20":{"start":{"line":58,"column":22},"end":{"line":69,"column":null}},"21":{"start":{"line":71,"column":4},"end":{"line":102,"column":null}},"22":{"start":{"line":73,"column":6},"end":{"line":73,"column":null}},"23":{"start":{"line":74,"column":11},"end":{"line":102,"column":null}},"24":{"start":{"line":75,"column":6},"end":{"line":75,"column":null}},"25":{"start":{"line":78,"column":22},"end":{"line":78,"column":null}},"26":{"start":{"line":79,"column":73},"end":{"line":79,"column":null}},"27":{"start":{"line":80,"column":24},"end":{"line":80,"column":null}},"28":{"start":{"line":82,"column":25},"end":{"line":82,"column":null}},"29":{"start":{"line":83,"column":6},"end":{"line":83,"column":null}},"30":{"start":{"line":83,"column":30},"end":{"line":83,"column":null}},"31":{"start":{"line":84,"column":6},"end":{"line":84,"column":null}},"32":{"start":{"line":84,"column":31},"end":{"line":84,"column":null}},"33":{"start":{"line":85,"column":6},"end":{"line":85,"column":null}},"34":{"start":{"line":85,"column":32},"end":{"line":85,"column":null}},"35":{"start":{"line":86,"column":6},"end":{"line":86,"column":null}},"36":{"start":{"line":86,"column":31},"end":{"line":86,"column":null}},"37":{"start":{"line":88,"column":6},"end":{"line":100,"column":null}},"38":{"start":{"line":88,"column":19},"end":{"line":88,"column":22}},"39":{"start":{"line":89,"column":18},"end":{"line":89,"column":null}},"40":{"start":{"line":90,"column":8},"end":{"line":90,"column":null}},"41":{"start":{"line":90,"column":32},"end":{"line":90,"column":null}},"42":{"start":{"line":91,"column":8},"end":{"line":91,"column":null}},"43":{"start":{"line":91,"column":33},"end":{"line":91,"column":null}},"44":{"start":{"line":92,"column":8},"end":{"line":92,"column":null}},"45":{"start":{"line":92,"column":34},"end":{"line":92,"column":null}},"46":{"start":{"line":93,"column":8},"end":{"line":93,"column":null}},"47":{"start":{"line":93,"column":33},"end":{"line":93,"column":null}},"48":{"start":{"line":95,"column":8},"end":{"line":99,"column":null}},"49":{"start":{"line":101,"column":6},"end":{"line":101,"column":null}},"50":{"start":{"line":105,"column":8},"end":{"line":111,"column":null}},"51":{"start":{"line":106,"column":4},"end":{"line":110,"column":null}},"52":{"start":{"line":107,"column":6},"end":{"line":109,"column":null}},"53":{"start":{"line":108,"column":27},"end":{"line":108,"column":38}},"54":{"start":{"line":113,"column":8},"end":{"line":126,"column":null}},"55":{"start":{"line":115,"column":19},"end":{"line":115,"column":null}},"56":{"start":{"line":116,"column":4},"end":{"line":124,"column":null}},"57":{"start":{"line":118,"column":24},"end":{"line":118,"column":null}},"58":{"start":{"line":119,"column":6},"end":{"line":120,"column":null}},"59":{"start":{"line":119,"column":28},"end":{"line":119,"column":null}},"60":{"start":{"line":120,"column":11},"end":{"line":120,"column":null}},"61":{"start":{"line":122,"column":6},"end":{"line":123,"column":null}},"62":{"start":{"line":122,"column":28},"end":{"line":122,"column":null}},"63":{"start":{"line":123,"column":11},"end":{"line":123,"column":null}},"64":{"start":{"line":125,"column":4},"end":{"line":125,"column":null}},"65":{"start":{"line":128,"column":2},"end":{"line":261,"column":null}},"66":{"start":{"line":157,"column":27},"end":{"line":157,"column":null}},"67":{"start":{"line":170,"column":27},"end":{"line":170,"column":null}},"68":{"start":{"line":184,"column":31},"end":{"line":184,"column":null}},"69":{"start":{"line":194,"column":31},"end":{"line":194,"column":null}},"70":{"start":{"line":209,"column":29},"end":{"line":209,"column":null}},"71":{"start":{"line":212,"column":16},"end":{"line":212,"column":null}},"72":{"start":{"line":222,"column":29},"end":{"line":222,"column":null}},"73":{"start":{"line":225,"column":16},"end":{"line":225,"column":null}},"74":{"start":{"line":236,"column":14},"end":{"line":243,"column":null}},"75":{"start":{"line":240,"column":31},"end":{"line":240,"column":null}},"76":{"start":{"line":256,"column":27},"end":{"line":256,"column":null}}},"fnMap":{"0":{"name":"EventForm","decl":{"start":{"line":32,"column":24},"end":{"line":32,"column":34}},"loc":{"start":{"line":32,"column":99},"end":{"line":263,"column":null}},"line":32},"1":{"name":"(anonymous_1)","decl":{"start":{"line":45,"column":8},"end":{"line":45,"column":24}},"loc":{"start":{"line":45,"column":47},"end":{"line":103,"column":null}},"line":45},"2":{"name":"(anonymous_2)","decl":{"start":{"line":105,"column":8},"end":{"line":105,"column":23}},"loc":{"start":{"line":105,"column":41},"end":{"line":111,"column":null}},"line":105},"3":{"name":"(anonymous_3)","decl":{"start":{"line":106,"column":4},"end":{"line":106,"column":14}},"loc":{"start":{"line":107,"column":6},"end":{"line":109,"column":null}},"line":107},"4":{"name":"(anonymous_4)","decl":{"start":{"line":108,"column":15},"end":{"line":108,"column":22}},"loc":{"start":{"line":108,"column":27},"end":{"line":108,"column":38}},"line":108},"5":{"name":"(anonymous_5)","decl":{"start":{"line":113,"column":8},"end":{"line":113,"column":28}},"loc":{"start":{"line":113,"column":69},"end":{"line":126,"column":null}},"line":113},"6":{"name":"(anonymous_6)","decl":{"start":{"line":157,"column":12},"end":{"line":157,"column":22}},"loc":{"start":{"line":157,"column":27},"end":{"line":157,"column":null}},"line":157},"7":{"name":"(anonymous_7)","decl":{"start":{"line":170,"column":12},"end":{"line":170,"column":22}},"loc":{"start":{"line":170,"column":27},"end":{"line":170,"column":null}},"line":170},"8":{"name":"(anonymous_8)","decl":{"start":{"line":184,"column":16},"end":{"line":184,"column":26}},"loc":{"start":{"line":184,"column":31},"end":{"line":184,"column":null}},"line":184},"9":{"name":"(anonymous_9)","decl":{"start":{"line":194,"column":16},"end":{"line":194,"column":26}},"loc":{"start":{"line":194,"column":31},"end":{"line":194,"column":null}},"line":194},"10":{"name":"(anonymous_10)","decl":{"start":{"line":209,"column":14},"end":{"line":209,"column":24}},"loc":{"start":{"line":209,"column":29},"end":{"line":209,"column":null}},"line":209},"11":{"name":"(anonymous_11)","decl":{"start":{"line":211,"column":26},"end":{"line":211,"column":30}},"loc":{"start":{"line":212,"column":16},"end":{"line":212,"column":null}},"line":212},"12":{"name":"(anonymous_12)","decl":{"start":{"line":222,"column":14},"end":{"line":222,"column":24}},"loc":{"start":{"line":222,"column":29},"end":{"line":222,"column":null}},"line":222},"13":{"name":"(anonymous_13)","decl":{"start":{"line":224,"column":30},"end":{"line":224,"column":34}},"loc":{"start":{"line":225,"column":16},"end":{"line":225,"column":null}},"line":225},"14":{"name":"(anonymous_14)","decl":{"start":{"line":235,"column":27},"end":{"line":235,"column":31}},"loc":{"start":{"line":236,"column":14},"end":{"line":243,"column":null}},"line":236},"15":{"name":"(anonymous_15)","decl":{"start":{"line":240,"column":16},"end":{"line":240,"column":31}},"loc":{"start":{"line":240,"column":31},"end":{"line":240,"column":null}},"line":240},"16":{"name":"(anonymous_16)","decl":{"start":{"line":256,"column":12},"end":{"line":256,"column":22}},"loc":{"start":{"line":256,"column":27},"end":{"line":256,"column":null}},"line":256}},"branchMap":{"0":{"loc":{"start":{"line":33,"column":37},"end":{"line":33,"column":62}},"type":"binary-expr","locations":[{"start":{"line":33,"column":37},"end":{"line":33,"column":60}},{"start":{"line":33,"column":60},"end":{"line":33,"column":62}}],"line":33},"1":{"loc":{"start":{"line":35,"column":4},"end":{"line":35,"column":null}},"type":"binary-expr","locations":[{"start":{"line":35,"column":4},"end":{"line":35,"column":27}},{"start":{"line":35,"column":18},"end":{"line":35,"column":null}}],"line":35},"2":{"loc":{"start":{"line":35,"column":27},"end":{"line":35,"column":54}},"type":"binary-expr","locations":[{"start":{"line":35,"column":27},"end":{"line":35,"column":42}},{"start":{"line":35,"column":42},"end":{"line":35,"column":54}}],"line":35},"3":{"loc":{"start":{"line":37,"column":45},"end":{"line":37,"column":79}},"type":"binary-expr","locations":[{"start":{"line":37,"column":45},"end":{"line":37,"column":72}},{"start":{"line":37,"column":72},"end":{"line":37,"column":79}}],"line":37},"4":{"loc":{"start":{"line":38,"column":41},"end":{"line":38,"column":73}},"type":"binary-expr","locations":[{"start":{"line":38,"column":41},"end":{"line":38,"column":66}},{"start":{"line":38,"column":66},"end":{"line":38,"column":73}}],"line":38},"5":{"loc":{"start":{"line":39,"column":51},"end":{"line":39,"column":81}},"type":"binary-expr","locations":[{"start":{"line":39,"column":51},"end":{"line":39,"column":75}},{"start":{"line":39,"column":75},"end":{"line":39,"column":81}}],"line":39},"6":{"loc":{"start":{"line":40,"column":43},"end":{"line":40,"column":79}},"type":"binary-expr","locations":[{"start":{"line":40,"column":43},"end":{"line":40,"column":69}},{"start":{"line":40,"column":69},"end":{"line":40,"column":79}}],"line":40},"7":{"loc":{"start":{"line":41,"column":49},"end":{"line":41,"column":75}},"type":"binary-expr","locations":[{"start":{"line":41,"column":49},"end":{"line":41,"column":73}},{"start":{"line":41,"column":73},"end":{"line":41,"column":75}}],"line":41},"8":{"loc":{"start":{"line":42,"column":49},"end":{"line":42,"column":80}},"type":"binary-expr","locations":[{"start":{"line":42,"column":49},"end":{"line":42,"column":78}},{"start":{"line":42,"column":78},"end":{"line":42,"column":80}}],"line":42},"9":{"loc":{"start":{"line":47,"column":4},"end":{"line":47,"column":null}},"type":"if","locations":[{"start":{"line":47,"column":4},"end":{"line":47,"column":null}},{"start":{},"end":{}}],"line":47},"10":{"loc":{"start":{"line":50,"column":4},"end":{"line":53,"column":null}},"type":"if","locations":[{"start":{"line":50,"column":4},"end":{"line":53,"column":null}},{"start":{},"end":{}}],"line":50},"11":{"loc":{"start":{"line":50,"column":8},"end":{"line":50,"column":41}},"type":"binary-expr","locations":[{"start":{"line":50,"column":8},"end":{"line":50,"column":19}},{"start":{"line":50,"column":19},"end":{"line":50,"column":41}}],"line":50},"12":{"loc":{"start":{"line":64,"column":19},"end":{"line":64,"column":null}},"type":"binary-expr","locations":[{"start":{"line":64,"column":19},"end":{"line":64,"column":48}},{"start":{"line":64,"column":48},"end":{"line":64,"column":null}}],"line":64},"13":{"loc":{"start":{"line":71,"column":4},"end":{"line":102,"column":null}},"type":"if","locations":[{"start":{"line":71,"column":4},"end":{"line":102,"column":null}},{"start":{"line":74,"column":11},"end":{"line":102,"column":null}}],"line":71},"14":{"loc":{"start":{"line":74,"column":11},"end":{"line":102,"column":null}},"type":"if","locations":[{"start":{"line":74,"column":11},"end":{"line":102,"column":null}},{"start":{"line":76,"column":11},"end":{"line":102,"column":null}}],"line":74},"15":{"loc":{"start":{"line":83,"column":6},"end":{"line":83,"column":null}},"type":"if","locations":[{"start":{"line":83,"column":6},"end":{"line":83,"column":null}},{"start":{},"end":{}}],"line":83},"16":{"loc":{"start":{"line":84,"column":6},"end":{"line":84,"column":null}},"type":"if","locations":[{"start":{"line":84,"column":6},"end":{"line":84,"column":null}},{"start":{},"end":{}}],"line":84},"17":{"loc":{"start":{"line":85,"column":6},"end":{"line":85,"column":null}},"type":"if","locations":[{"start":{"line":85,"column":6},"end":{"line":85,"column":null}},{"start":{},"end":{}}],"line":85},"18":{"loc":{"start":{"line":86,"column":6},"end":{"line":86,"column":null}},"type":"if","locations":[{"start":{"line":86,"column":6},"end":{"line":86,"column":null}},{"start":{},"end":{}}],"line":86},"19":{"loc":{"start":{"line":90,"column":8},"end":{"line":90,"column":null}},"type":"if","locations":[{"start":{"line":90,"column":8},"end":{"line":90,"column":null}},{"start":{},"end":{}}],"line":90},"20":{"loc":{"start":{"line":91,"column":8},"end":{"line":91,"column":null}},"type":"if","locations":[{"start":{"line":91,"column":8},"end":{"line":91,"column":null}},{"start":{},"end":{}}],"line":91},"21":{"loc":{"start":{"line":92,"column":8},"end":{"line":92,"column":null}},"type":"if","locations":[{"start":{"line":92,"column":8},"end":{"line":92,"column":null}},{"start":{},"end":{}}],"line":92},"22":{"loc":{"start":{"line":93,"column":8},"end":{"line":93,"column":null}},"type":"if","locations":[{"start":{"line":93,"column":8},"end":{"line":93,"column":null}},{"start":{},"end":{}}],"line":93},"23":{"loc":{"start":{"line":107,"column":6},"end":{"line":109,"column":null}},"type":"cond-expr","locations":[{"start":{"line":108,"column":10},"end":{"line":108,"column":null}},{"start":{"line":109,"column":10},"end":{"line":109,"column":null}}],"line":107},"24":{"loc":{"start":{"line":116,"column":4},"end":{"line":124,"column":null}},"type":"if","locations":[{"start":{"line":116,"column":4},"end":{"line":124,"column":null}},{"start":{"line":121,"column":11},"end":{"line":124,"column":null}}],"line":116},"25":{"loc":{"start":{"line":119,"column":6},"end":{"line":120,"column":null}},"type":"if","locations":[{"start":{"line":119,"column":6},"end":{"line":120,"column":null}},{"start":{"line":120,"column":11},"end":{"line":120,"column":null}}],"line":119},"26":{"loc":{"start":{"line":122,"column":6},"end":{"line":123,"column":null}},"type":"if","locations":[{"start":{"line":122,"column":6},"end":{"line":123,"column":null}},{"start":{"line":123,"column":11},"end":{"line":123,"column":null}}],"line":122},"27":{"loc":{"start":{"line":140,"column":20},"end":{"line":140,"column":null}},"type":"binary-expr","locations":[{"start":{"line":140,"column":20},"end":{"line":140,"column":37}},{"start":{"line":140,"column":37},"end":{"line":140,"column":null}}],"line":140},"28":{"loc":{"start":{"line":182,"column":48},"end":{"line":182,"column":null}},"type":"cond-expr","locations":[{"start":{"line":182,"column":60},"end":{"line":182,"column":89}},{"start":{"line":182,"column":89},"end":{"line":182,"column":null}}],"line":182},"29":{"loc":{"start":{"line":192,"column":48},"end":{"line":192,"column":null}},"type":"cond-expr","locations":[{"start":{"line":192,"column":60},"end":{"line":192,"column":89}},{"start":{"line":192,"column":89},"end":{"line":192,"column":null}}],"line":192},"30":{"loc":{"start":{"line":198,"column":11},"end":{"line":199,"column":null}},"type":"binary-expr","locations":[{"start":{"line":198,"column":11},"end":{"line":198,"column":24}},{"start":{"line":198,"column":24},"end":{"line":199,"column":null}}],"line":198},"31":{"loc":{"start":{"line":239,"column":53},"end":{"line":239,"column":null}},"type":"cond-expr","locations":[{"start":{"line":239,"column":82},"end":{"line":239,"column":117}},{"start":{"line":239,"column":117},"end":{"line":239,"column":null}}],"line":239}},"s":{"0":2,"1":2,"2":26,"3":26,"4":26,"5":26,"6":26,"7":26,"8":26,"9":26,"10":26,"11":26,"12":4,"13":4,"14":0,"15":4,"16":1,"17":1,"18":3,"19":3,"20":3,"21":4,"22":1,"23":2,"24":1,"25":1,"26":1,"27":1,"28":1,"29":1,"30":1,"31":1,"32":0,"33":1,"34":0,"35":1,"36":0,"37":1,"38":1,"39":365,"40":365,"41":365,"42":365,"43":0,"44":365,"45":0,"46":365,"47":0,"48":365,"49":1,"50":26,"51":2,"52":2,"53":1,"54":26,"55":2,"56":2,"57":0,"58":0,"59":0,"60":0,"61":2,"62":1,"63":1,"64":2,"65":26,"66":6,"67":0,"68":1,"69":1,"70":0,"71":260,"72":1,"73":130,"74":156,"75":2,"76":0},"f":{"0":26,"1":4,"2":2,"3":2,"4":1,"5":2,"6":6,"7":0,"8":1,"9":1,"10":0,"11":260,"12":1,"13":130,"14":156,"15":2,"16":0},"b":{"0":[26,21],"1":[26,21],"2":[21,21],"3":[26,21],"4":[26,25],"5":[26,25],"6":[26,21],"7":[26,26],"8":[26,25],"9":[0,4],"10":[1,3],"11":[4,4],"12":[3,3],"13":[1,2],"14":[1,1],"15":[1,0],"16":[0,1],"17":[0,1],"18":[0,1],"19":[365,0],"20":[0,365],"21":[0,365],"22":[0,365],"23":[1,1],"24":[0,2],"25":[0,0],"26":[1,1],"27":[26,16],"28":[1,25],"29":[1,25],"30":[26,1],"31":[1,155]},"meta":{"lastBranch":32,"lastFunction":17,"lastStatement":77,"seen":{"s:12:63:18:Infinity":0,"s:20:22:27:Infinity":1,"f:32:24:32:34":0,"s:33:16:33:Infinity":2,"b:33:37:33:60:33:60:33:62":0,"s:34:15:36:Infinity":3,"b:35:4:35:27:35:18:35:Infinity":1,"b:35:27:35:42:35:42:35:54":2,"s:37:20:37:Infinity":4,"b:37:45:37:72:37:72:37:79":3,"s:38:18:38:Infinity":5,"b:38:41:38:66:38:66:38:73":4,"s:39:17:39:Infinity":6,"b:39:51:39:75:39:75:39:81":5,"s:40:19:40:Infinity":7,"b:40:43:40:69:40:69:40:79":6,"s:41:17:41:Infinity":8,"b:41:49:41:73:41:73:41:75":7,"s:42:22:42:Infinity":9,"b:42:49:42:78:42:78:42:80":8,"s:43:20:43:Infinity":10,"s:45:8:103:Infinity":11,"f:45:8:45:24":1,"s:46:4:46:Infinity":12,"b:47:4:47:Infinity:undefined:undefined:undefined:undefined":9,"s:47:4:47:Infinity":13,"s:47:23:47:Infinity":14,"b:50:4:53:Infinity:undefined:undefined:undefined:undefined":10,"s:50:4:53:Infinity":15,"b:50:8:50:19:50:19:50:41":11,"s:51:6:51:Infinity":16,"s:52:6:52:Infinity":17,"s:55:4:55:Infinity":18,"s:56:10:56:Infinity":19,"s:58:22:69:Infinity":20,"b:64:19:64:48:64:48:64:Infinity":12,"b:71:4:102:Infinity:74:11:102:Infinity":13,"s:71:4:102:Infinity":21,"s:73:6:73:Infinity":22,"b:74:11:102:Infinity:76:11:102:Infinity":14,"s:74:11:102:Infinity":23,"s:75:6:75:Infinity":24,"s:78:22:78:Infinity":25,"s:79:73:79:Infinity":26,"s:80:24:80:Infinity":27,"s:82:25:82:Infinity":28,"b:83:6:83:Infinity:undefined:undefined:undefined:undefined":15,"s:83:6:83:Infinity":29,"s:83:30:83:Infinity":30,"b:84:6:84:Infinity:undefined:undefined:undefined:undefined":16,"s:84:6:84:Infinity":31,"s:84:31:84:Infinity":32,"b:85:6:85:Infinity:undefined:undefined:undefined:undefined":17,"s:85:6:85:Infinity":33,"s:85:32:85:Infinity":34,"b:86:6:86:Infinity:undefined:undefined:undefined:undefined":18,"s:86:6:86:Infinity":35,"s:86:31:86:Infinity":36,"s:88:6:100:Infinity":37,"s:88:19:88:22":38,"s:89:18:89:Infinity":39,"b:90:8:90:Infinity:undefined:undefined:undefined:undefined":19,"s:90:8:90:Infinity":40,"s:90:32:90:Infinity":41,"b:91:8:91:Infinity:undefined:undefined:undefined:undefined":20,"s:91:8:91:Infinity":42,"s:91:33:91:Infinity":43,"b:92:8:92:Infinity:undefined:undefined:undefined:undefined":21,"s:92:8:92:Infinity":44,"s:92:34:92:Infinity":45,"b:93:8:93:Infinity:undefined:undefined:undefined:undefined":22,"s:93:8:93:Infinity":46,"s:93:33:93:Infinity":47,"s:95:8:99:Infinity":48,"s:101:6:101:Infinity":49,"s:105:8:111:Infinity":50,"f:105:8:105:23":2,"s:106:4:110:Infinity":51,"f:106:4:106:14":3,"s:107:6:109:Infinity":52,"b:108:10:108:Infinity:109:10:109:Infinity":23,"f:108:15:108:22":4,"s:108:27:108:38":53,"s:113:8:126:Infinity":54,"f:113:8:113:28":5,"s:115:19:115:Infinity":55,"b:116:4:124:Infinity:121:11:124:Infinity":24,"s:116:4:124:Infinity":56,"s:118:24:118:Infinity":57,"b:119:6:120:Infinity:120:11:120:Infinity":25,"s:119:6:120:Infinity":58,"s:119:28:119:Infinity":59,"s:120:11:120:Infinity":60,"b:122:6:123:Infinity:123:11:123:Infinity":26,"s:122:6:123:Infinity":61,"s:122:28:122:Infinity":62,"s:123:11:123:Infinity":63,"s:125:4:125:Infinity":64,"s:128:2:261:Infinity":65,"b:140:20:140:37:140:37:140:Infinity":27,"f:157:12:157:22":6,"s:157:27:157:Infinity":66,"f:170:12:170:22":7,"s:170:27:170:Infinity":67,"b:182:60:182:89:182:89:182:Infinity":28,"f:184:16:184:26":8,"s:184:31:184:Infinity":68,"b:192:60:192:89:192:89:192:Infinity":29,"f:194:16:194:26":9,"s:194:31:194:Infinity":69,"b:198:11:198:24:198:24:199:Infinity":30,"f:209:14:209:24":10,"s:209:29:209:Infinity":70,"f:211:26:211:30":11,"s:212:16:212:Infinity":71,"f:222:14:222:24":12,"s:222:29:222:Infinity":72,"f:224:30:224:34":13,"s:225:16:225:Infinity":73,"f:235:27:235:31":14,"s:236:14:243:Infinity":74,"b:239:82:239:117:239:117:239:Infinity":31,"f:240:16:240:31":15,"s:240:31:240:Infinity":75,"f:256:12:256:22":16,"s:256:27:256:Infinity":76}}}
,"C:\\Users\\ClaudioHigón\\.gemini\\antigravity\\scratch\\calendar\\src\\components\\EventForm\\index.ts": {"path":"C:\\Users\\ClaudioHigón\\.gemini\\antigravity\\scratch\\calendar\\src\\components\\EventForm\\index.ts","statementMap":{},"fnMap":{},"branchMap":{},"s":{},"f":{},"b":{},"meta":{"lastBranch":0,"lastFunction":0,"lastStatement":0,"seen":{}}}
,"C:\\Users\\ClaudioHigón\\.gemini\\antigravity\\scratch\\calendar\\src\\components\\Fab\\Fab.scss": {"path":"C:\\Users\\ClaudioHigón\\.gemini\\antigravity\\scratch\\calendar\\src\\components\\Fab\\Fab.scss","statementMap":{},"fnMap":{},"branchMap":{},"s":{},"f":{},"b":{},"meta":{"lastBranch":0,"lastFunction":0,"lastStatement":0,"seen":{}}}
,"C:\\Users\\ClaudioHigón\\.gemini\\antigravity\\scratch\\calendar\\src\\components\\Fab\\Fab.tsx": {"path":"C:\\Users\\ClaudioHigón\\.gemini\\antigravity\\scratch\\calendar\\src\\components\\Fab\\Fab.tsx","statementMap":{"0":{"start":{"line":9,"column":2},"end":{"line":29,"column":null}}},"fnMap":{"0":{"name":"Fab","decl":{"start":{"line":8,"column":24},"end":{"line":8,"column":28}},"loc":{"start":{"line":8,"column":94},"end":{"line":31,"column":null}},"line":8}},"branchMap":{"0":{"loc":{"start":{"line":8,"column":53},"end":{"line":8,"column":94}},"type":"default-arg","locations":[{"start":{"line":8,"column":65},"end":{"line":8,"column":94}}],"line":8}},"s":{"0":7},"f":{"0":7},"b":{"0":[7]},"meta":{"lastBranch":1,"lastFunction":1,"lastStatement":1,"seen":{"f:8:24:8:28":0,"b:8:65:8:94":0,"s:9:2:29:Infinity":0}}}
,"C:\\Users\\ClaudioHigón\\.gemini\\antigravity\\scratch\\calendar\\src\\components\\Fab\\index.ts": {"path":"C:\\Users\\ClaudioHigón\\.gemini\\antigravity\\scratch\\calendar\\src\\components\\Fab\\index.ts","statementMap":{},"fnMap":{},"branchMap":{},"s":{},"f":{},"b":{},"meta":{"lastBranch":0,"lastFunction":0,"lastStatement":0,"seen":{}}}
,"C:\\Users\\ClaudioHigón\\.gemini\\antigravity\\scratch\\calendar\\src\\components\\MonthView\\MonthView.scss": {"path":"C:\\Users\\ClaudioHigón\\.gemini\\antigravity\\scratch\\calendar\\src\\components\\MonthView\\MonthView.scss","statementMap":{},"fnMap":{},"branchMap":{},"s":{},"f":{},"b":{},"meta":{"lastBranch":0,"lastFunction":0,"lastStatement":0,"seen":{}}}
,"C:\\Users\\ClaudioHigón\\.gemini\\antigravity\\scratch\\calendar\\src\\components\\MonthView\\MonthView.tsx": {"path":"C:\\Users\\ClaudioHigón\\.gemini\\antigravity\\scratch\\calendar\\src\\components\\MonthView\\MonthView.tsx","statementMap":{"0":{"start":{"line":19,"column":17},"end":{"line":19,"column":null}},"1":{"start":{"line":24,"column":8},"end":{"line":24,"column":null}},"2":{"start":{"line":24,"column":30},"end":{"line":24,"column":42}},"3":{"start":{"line":25,"column":8},"end":{"line":25,"column":null}},"4":{"start":{"line":26,"column":26},"end":{"line":26,"column":null}},"5":{"start":{"line":28,"column":15},"end":{"line":28,"column":null}},"6":{"start":{"line":29,"column":16},"end":{"line":29,"column":null}},"7":{"start":{"line":31,"column":8},"end":{"line":63,"column":null}},"8":{"start":{"line":32,"column":10},"end":{"line":32,"column":null}},"9":{"start":{"line":33,"column":10},"end":{"line":33,"column":null}},"10":{"start":{"line":34,"column":10},"end":{"line":34,"column":null}},"11":{"start":{"line":36,"column":65},"end":{"line":36,"column":null}},"12":{"start":{"line":38,"column":4},"end":{"line":43,"column":null}},"13":{"start":{"line":38,"column":17},"end":{"line":38,"column":31}},"14":{"start":{"line":39,"column":6},"end":{"line":42,"column":null}},"15":{"start":{"line":45,"column":4},"end":{"line":50,"column":null}},"16":{"start":{"line":45,"column":17},"end":{"line":45,"column":20}},"17":{"start":{"line":46,"column":6},"end":{"line":49,"column":null}},"18":{"start":{"line":52,"column":27},"end":{"line":52,"column":null}},"19":{"start":{"line":53,"column":10},"end":{"line":53,"column":null}},"20":{"start":{"line":55,"column":4},"end":{"line":60,"column":null}},"21":{"start":{"line":55,"column":17},"end":{"line":55,"column":20}},"22":{"start":{"line":56,"column":6},"end":{"line":59,"column":null}},"23":{"start":{"line":62,"column":4},"end":{"line":62,"column":null}},"24":{"start":{"line":65,"column":8},"end":{"line":67,"column":null}},"25":{"start":{"line":66,"column":4},"end":{"line":66,"column":null}},"26":{"start":{"line":66,"column":60},"end":{"line":66,"column":66}},"27":{"start":{"line":69,"column":8},"end":{"line":71,"column":null}},"28":{"start":{"line":70,"column":4},"end":{"line":70,"column":null}},"29":{"start":{"line":73,"column":8},"end":{"line":82,"column":null}},"30":{"start":{"line":74,"column":4},"end":{"line":74,"column":null}},"31":{"start":{"line":74,"column":38},"end":{"line":74,"column":null}},"32":{"start":{"line":75,"column":22},"end":{"line":75,"column":null}},"33":{"start":{"line":76,"column":17},"end":{"line":76,"column":null}},"34":{"start":{"line":78,"column":4},"end":{"line":80,"column":null}},"35":{"start":{"line":79,"column":6},"end":{"line":79,"column":null}},"36":{"start":{"line":81,"column":4},"end":{"line":81,"column":null}},"37":{"start":{"line":84,"column":8},"end":{"line":93,"column":null}},"38":{"start":{"line":85,"column":20},"end":{"line":85,"column":null}},"39":{"start":{"line":86,"column":4},"end":{"line":88,"column":null}},"40":{"start":{"line":87,"column":6},"end":{"line":87,"column":null}},"41":{"start":{"line":89,"column":4},"end":{"line":91,"column":null}},"42":{"start":{"line":90,"column":6},"end":{"line":90,"column":null}},"43":{"start":{"line":92,"column":4},"end":{"line":92,"column":null}},"44":{"start":{"line":95,"column":2},"end":{"line":175,"column":null}},"45":{"start":{"line":104,"column":10},"end":{"line":104,"column":null}},"46":{"start":{"line":110,"column":10},"end":{"line":112,"column":null}},"47":{"start":{"line":111,"column":12},"end":{"line":111,"column":null}},"48":{"start":{"line":114,"column":16},"end":{"line":114,"column":null}},"49":{"start":{"line":115,"column":28},"end":{"line":115,"column":null}},"50":{"start":{"line":117,"column":32},"end":{"line":117,"column":null}},"51":{"start":{"line":117,"column":54},"end":{"line":117,"column":80}},"52":{"start":{"line":118,"column":34},"end":{"line":118,"column":null}},"53":{"start":{"line":118,"column":51},"end":{"line":118,"column":81}},"54":{"start":{"line":121,"column":83},"end":{"line":121,"column":null}},"55":{"start":{"line":122,"column":34},"end":{"line":122,"column":null}},"56":{"start":{"line":124,"column":10},"end":{"line":128,"column":null}},"57":{"start":{"line":125,"column":12},"end":{"line":127,"column":null}},"58":{"start":{"line":126,"column":14},"end":{"line":126,"column":null}},"59":{"start":{"line":130,"column":10},"end":{"line":132,"column":null}},"60":{"start":{"line":131,"column":12},"end":{"line":131,"column":null}},"61":{"start":{"line":134,"column":31},"end":{"line":134,"column":null}},"62":{"start":{"line":134,"column":59},"end":{"line":134,"column":80}},"63":{"start":{"line":135,"column":29},"end":{"line":135,"column":null}},"64":{"start":{"line":137,"column":10},"end":{"line":171,"column":null}},"65":{"start":{"line":141,"column":29},"end":{"line":141,"column":null}},"66":{"start":{"line":153,"column":18},"end":{"line":164,"column":null}}},"fnMap":{"0":{"name":"MonthView","decl":{"start":{"line":23,"column":24},"end":{"line":23,"column":34}},"loc":{"start":{"line":23,"column":101},"end":{"line":177,"column":null}},"line":23},"1":{"name":"(anonymous_1)","decl":{"start":{"line":24,"column":16},"end":{"line":24,"column":30}},"loc":{"start":{"line":24,"column":30},"end":{"line":24,"column":42}},"line":24},"2":{"name":"(anonymous_2)","decl":{"start":{"line":31,"column":23},"end":{"line":31,"column":37}},"loc":{"start":{"line":31,"column":37},"end":{"line":63,"column":5}},"line":31},"3":{"name":"(anonymous_3)","decl":{"start":{"line":65,"column":23},"end":{"line":65,"column":37}},"loc":{"start":{"line":65,"column":37},"end":{"line":67,"column":5}},"line":65},"4":{"name":"(anonymous_4)","decl":{"start":{"line":66,"column":51},"end":{"line":66,"column":55}},"loc":{"start":{"line":66,"column":60},"end":{"line":66,"column":66}},"line":66},"5":{"name":"(anonymous_5)","decl":{"start":{"line":69,"column":8},"end":{"line":69,"column":28}},"loc":{"start":{"line":69,"column":52},"end":{"line":71,"column":null}},"line":69},"6":{"name":"(anonymous_6)","decl":{"start":{"line":73,"column":8},"end":{"line":73,"column":26}},"loc":{"start":{"line":73,"column":50},"end":{"line":82,"column":null}},"line":73},"7":{"name":"(anonymous_7)","decl":{"start":{"line":84,"column":8},"end":{"line":84,"column":27}},"loc":{"start":{"line":84,"column":75},"end":{"line":93,"column":null}},"line":84},"8":{"name":"(anonymous_8)","decl":{"start":{"line":103,"column":18},"end":{"line":103,"column":23}},"loc":{"start":{"line":104,"column":10},"end":{"line":104,"column":null}},"line":104},"9":{"name":"(anonymous_9)","decl":{"start":{"line":109,"column":22},"end":{"line":109,"column":27}},"loc":{"start":{"line":109,"column":63},"end":{"line":173,"column":9}},"line":109},"10":{"name":"(anonymous_10)","decl":{"start":{"line":117,"column":42},"end":{"line":117,"column":49}},"loc":{"start":{"line":117,"column":54},"end":{"line":117,"column":80}},"line":117},"11":{"name":"(anonymous_11)","decl":{"start":{"line":118,"column":44},"end":{"line":118,"column":51}},"loc":{"start":{"line":118,"column":51},"end":{"line":118,"column":81}},"line":118},"12":{"name":"(anonymous_12)","decl":{"start":{"line":124,"column":24},"end":{"line":124,"column":32}},"loc":{"start":{"line":124,"column":37},"end":{"line":128,"column":11}},"line":124},"13":{"name":"(anonymous_13)","decl":{"start":{"line":134,"column":44},"end":{"line":134,"column":51}},"loc":{"start":{"line":134,"column":59},"end":{"line":134,"column":80}},"line":134},"14":{"name":"(anonymous_14)","decl":{"start":{"line":141,"column":14},"end":{"line":141,"column":29}},"loc":{"start":{"line":141,"column":29},"end":{"line":141,"column":null}},"line":141},"15":{"name":"(anonymous_15)","decl":{"start":{"line":152,"column":30},"end":{"line":152,"column":35}},"loc":{"start":{"line":153,"column":18},"end":{"line":164,"column":null}},"line":153}},"branchMap":{"0":{"loc":{"start":{"line":74,"column":4},"end":{"line":74,"column":null}},"type":"if","locations":[{"start":{"line":74,"column":4},"end":{"line":74,"column":null}},{"start":{},"end":{}}],"line":74},"1":{"loc":{"start":{"line":78,"column":4},"end":{"line":80,"column":null}},"type":"if","locations":[{"start":{"line":78,"column":4},"end":{"line":80,"column":null}},{"start":{},"end":{}}],"line":78},"2":{"loc":{"start":{"line":79,"column":17},"end":{"line":79,"column":34}},"type":"cond-expr","locations":[{"start":{"line":79,"column":28},"end":{"line":79,"column":32}},{"start":{"line":79,"column":32},"end":{"line":79,"column":34}}],"line":79},"3":{"loc":{"start":{"line":86,"column":4},"end":{"line":88,"column":null}},"type":"if","locations":[{"start":{"line":86,"column":4},"end":{"line":88,"column":null}},{"start":{},"end":{}}],"line":86},"4":{"loc":{"start":{"line":89,"column":4},"end":{"line":91,"column":null}},"type":"if","locations":[{"start":{"line":89,"column":4},"end":{"line":91,"column":null}},{"start":{},"end":{}}],"line":89},"5":{"loc":{"start":{"line":110,"column":10},"end":{"line":112,"column":null}},"type":"if","locations":[{"start":{"line":110,"column":10},"end":{"line":112,"column":null}},{"start":{},"end":{}}],"line":110},"6":{"loc":{"start":{"line":115,"column":28},"end":{"line":115,"column":null}},"type":"binary-expr","locations":[{"start":{"line":115,"column":28},"end":{"line":115,"column":57}},{"start":{"line":115,"column":57},"end":{"line":115,"column":null}}],"line":115},"7":{"loc":{"start":{"line":122,"column":34},"end":{"line":122,"column":null}},"type":"cond-expr","locations":[{"start":{"line":122,"column":63},"end":{"line":122,"column":67}},{"start":{"line":122,"column":67},"end":{"line":122,"column":null}}],"line":122},"8":{"loc":{"start":{"line":125,"column":12},"end":{"line":127,"column":null}},"type":"if","locations":[{"start":{"line":125,"column":12},"end":{"line":127,"column":null}},{"start":{},"end":{}}],"line":125},"9":{"loc":{"start":{"line":130,"column":10},"end":{"line":132,"column":null}},"type":"if","locations":[{"start":{"line":130,"column":10},"end":{"line":132,"column":null}},{"start":{},"end":{}}],"line":130},"10":{"loc":{"start":{"line":153,"column":18},"end":{"line":164,"column":null}},"type":"cond-expr","locations":[{"start":{"line":154,"column":20},"end":{"line":160,"column":null}},{"start":{"line":162,"column":20},"end":{"line":164,"column":null}}],"line":153},"11":{"loc":{"start":{"line":167,"column":17},"end":{"line":170,"column":null}},"type":"binary-expr","locations":[{"start":{"line":167,"column":17},"end":{"line":167,"column":null}},{"start":{"line":168,"column":18},"end":{"line":170,"column":null}}],"line":167}},"s":{"0":3,"1":19,"2":10,"3":19,"4":19,"5":19,"6":19,"7":19,"8":11,"9":11,"10":11,"11":11,"12":11,"13":11,"14":40,"15":11,"16":11,"17":340,"18":11,"19":11,"20":11,"21":11,"22":5,"23":11,"24":19,"25":17,"26":595,"27":19,"28":1,"29":19,"30":1,"31":0,"32":1,"33":1,"34":1,"35":1,"36":1,"37":19,"38":588,"39":588,"
[...]
"line":28,"column":null}},"12":{"start":{"line":29,"column":22},"end":{"line":29,"column":null}},"13":{"start":{"line":30,"column":17},"end":{"line":30,"column":null}},"14":{"start":{"line":32,"column":4},"end":{"line":34,"column":null}},"15":{"start":{"line":33,"column":6},"end":{"line":33,"column":null}},"16":{"start":{"line":35,"column":4},"end":{"line":35,"column":null}},"17":{"start":{"line":38,"column":2},"end":{"line":55,"column":null}},"18":{"start":{"line":47,"column":10},"end":{"line":52,"column":null}},"19":{"start":{"line":51,"column":27},"end":{"line":51,"column":null}},"20":{"start":{"line":66,"column":8},"end":{"line":69,"column":null}},"21":{"start":{"line":67,"column":17},"end":{"line":67,"column":null}},"22":{"start":{"line":68,"column":4},"end":{"line":68,"column":null}},"23":{"start":{"line":71,"column":8},"end":{"line":87,"column":null}},"24":{"start":{"line":72,"column":10},"end":{"line":72,"column":null}},"25":{"start":{"line":73,"column":10},"end":{"line":73,"column":null}},"26":{"start":{"line":74,"column":41},"end":{"line":74,"column":null}},"27":{"start":{"line":77,"column":4},"end":{"line":79,"column":null}},"28":{"start":{"line":77,"column":17},"end":{"line":77,"column":20}},"29":{"start":{"line":78,"column":6},"end":{"line":78,"column":null}},"30":{"start":{"line":82,"column":4},"end":{"line":84,"column":null}},"31":{"start":{"line":82,"column":17},"end":{"line":82,"column":20}},"32":{"start":{"line":83,"column":6},"end":{"line":83,"column":null}},"33":{"start":{"line":86,"column":4},"end":{"line":86,"column":null}},"34":{"start":{"line":89,"column":2},"end":{"line":110,"column":null}},"35":{"start":{"line":94,"column":10},"end":{"line":94,"column":null}},"36":{"start":{"line":99,"column":31},"end":{"line":99,"column":null}},"37":{"start":{"line":100,"column":10},"end":{"line":106,"column":null}}},"fnMap":{"0":{"name":"YearView","decl":{"start":{"line":17,"column":24},"end":{"line":17,"column":33}},"loc":{"start":{"line":17,"column":92},"end":{"line":57,"column":null}},"line":17},"1":{"name":"(anonymous_1)","decl":{"start":{"line":19,"column":17},"end":{"line":19,"column":31}},"loc":{"start":{"line":19,"column":31},"end":{"line":19,"column":72}},"line":19},"2":{"name":"(anonymous_2)","decl":{"start":{"line":19,"column":55},"end":{"line":19,"column":59}},"loc":{"start":{"line":19,"column":68},"end":{"line":19,"column":69}},"line":19},"3":{"name":"(anonymous_3)","decl":{"start":{"line":23,"column":8},"end":{"line":23,"column":28}},"loc":{"start":{"line":23,"column":52},"end":{"line":25,"column":null}},"line":23},"4":{"name":"(anonymous_4)","decl":{"start":{"line":27,"column":8},"end":{"line":27,"column":26}},"loc":{"start":{"line":27,"column":50},"end":{"line":36,"column":null}},"line":27},"5":{"name":"(anonymous_5)","decl":{"start":{"line":46,"column":16},"end":{"line":46,"column":21}},"loc":{"start":{"line":47,"column":10},"end":{"line":52,"column":null}},"line":47},"6":{"name":"(anonymous_6)","decl":{"start":{"line":51,"column":12},"end":{"line":51,"column":27}},"loc":{"start":{"line":51,"column":27},"end":{"line":51,"column":null}},"line":51},"7":{"name":"MiniMonth","decl":{"start":{"line":65,"column":9},"end":{"line":65,"column":19}},"loc":{"start":{"line":65,"column":61},"end":{"line":112,"column":null}},"line":65},"8":{"name":"(anonymous_8)","decl":{"start":{"line":66,"column":20},"end":{"line":66,"column":34}},"loc":{"start":{"line":66,"column":34},"end":{"line":69,"column":5}},"line":66},"9":{"name":"(anonymous_9)","decl":{"start":{"line":71,"column":15},"end":{"line":71,"column":29}},"loc":{"start":{"line":71,"column":29},"end":{"line":87,"column":5}},"line":71},"10":{"name":"(anonymous_10)","decl":{"start":{"line":93,"column":27},"end":{"line":93,"column":32}},"loc":{"start":{"line":94,"column":10},"end":{"line":94,"column":null}},"line":94},"11":{"name":"(anonymous_11)","decl":{"start":{"line":98,"column":14},"end":{"line":98,"column":19}},"loc":{"start":{"line":98,"column":30},"end":{"line":108,"column":9}},"line":98}},"branchMap":{"0":{"loc":{"start":{"line":28,"column":4},"end":{"line":28,"column":null}},"type":"if","locations":[{"start":{"line":28,"column":4},"end":{"line":28,"column":null}},{"start":{},"end":{}}],"line":28},"1":{"loc":{"start":{"line":32,"column":4},"end":{"line":34,"column":null}},"type":"if","locations":[{"start":{"line":32,"column":4},"end":{"line":34,"column":null}},{"start":{},"end":{}}],"line":32},"2":{"loc":{"start":{"line":33,"column":17},"end":{"line":33,"column":36}},"type":"cond-expr","locations":[{"start":{"line":33,"column":28},"end":{"line":33,"column":33}},{"start":{"line":33,"column":33},"end":{"line":33,"column":36}}],"line":33},"3":{"loc":{"start":{"line":99,"column":31},"end":{"line":99,"column":null}},"type":"cond-expr","locations":[{"start":{"line":99,"column":31},"end":{"line":99,"column":77}},{"start":{"line":99,"column":77},"end":{"line":99,"column":null}}],"line":99},"4":{"loc":{"start":{"line":103,"column":44},"end":{"line":103,"column":null}},"type":"cond-expr","locations":[{"start":{"line":103,"column":59},"end":{"line":103,"column":88}},{"start":{"line":103,"column":88},"end":{"line":103,"column":null}}],"line":103}},"s":{"0":3,"1":7,"2":7,"3":5,"4":60,"5":7,"6":7,"7":7,"8":1,"9":7,"10":1,"11":0,"12":1,"13":1,"14":1,"15":1,"16":1,"17":7,"18":84,"19":2,"20":84,"21":60,"22":60,"23":84,"24":60,"25":60,"26":60,"27":60,"28":60,"29":195,"30":60,"31":60,"32":1825,"33":60,"34":84,"35":588,"36":2828,"37":2828},"f":{"0":7,"1":5,"2":60,"3":1,"4":1,"5":84,"6":2,"7":84,"8":60,"9":60,"10":588,"11":2828},"b":{"0":[0,1],"1":[1,0],"2":[1,0],"3":[2555,273],"4":[728,2100]},"meta":{"lastBranch":5,"lastFunction":12,"lastStatement":38,"seen":{"s:15:26:15:Infinity":0,"f:17:24:17:33":0,"s:18:15:18:Infinity":1,"s:19:8:19:Infinity":2,"f:19:17:19:31":1,"s:19:31:19:72":3,"f:19:55:19:59":2,"s:19:68:19:69":4,"s:20:8:20:Infinity":5,"s:21:26:21:Infinity":6,"s:23:8:25:Infinity":7,"f:23:8:23:28":3,"s:24:4:24:Infinity":8,"s:27:8:36:Infinity":9,"f:27:8:27:26":4,"b:28:4:28:Infinity:undefined:undefined:undefined:undefined":0,"s:28:4:28:Infinity":10,"s:28:38:28:Infinity":11,"s:29:22:29:Infinity":12,"s:30:17:30:Infinity":13,"b:32:4:34:Infinity:undefined:undefined:undefined:undefined":1,"s:32:4:34:Infinity":14,"s:33:6:33:Infinity":15,"b:33:28:33:33:33:33:33:36":2,"s:35:4:35:Infinity":16,"s:38:2:55:Infinity":17,"f:46:16:46:21":5,"s:47:10:52:Infinity":18,"f:51:12:51:27":6,"s:51:27:51:Infinity":19,"f:65:9:65:19":7,"s:66:8:69:Infinity":20,"f:66:20:66:34":8,"s:67:17:67:Infinity":21,"s:68:4:68:Infinity":22,"s:71:8:87:Infinity":23,"f:71:15:71:29":9,"s:72:10:72:Infinity":24,"s:73:10:73:Infinity":25,"s:74:41:74:Infinity":26,"s:77:4:79:Infinity":27,"s:77:17:77:20":28,"s:78:6:78:Infinity":29,"s:82:4:84:Infinity":30,"s:82:17:82:20":31,"s:83:6:83:Infinity":32,"s:86:4:86:Infinity":33,"s:89:2:110:Infinity":34,"f:93:27:93:32":10,"s:94:10:94:Infinity":35,"f:98:14:98:19":11,"s:99:31:99:Infinity":36,"b:99:31:99:77:99:77:99:Infinity":3,"s:100:10:106:Infinity":37,"b:103:59:103:88:103:88:103:Infinity":4}}}
,"C:\\Users\\ClaudioHigón\\.gemini\\antigravity\\scratch\\calendar\\src\\components\\YearView\\index.ts": {"path":"C:\\Users\\ClaudioHigón\\.gemini\\antigravity\\scratch\\calendar\\src\\components\\YearView\\index.ts","statementMap":{},"fnMap":{},"branchMap":{},"s":{},"f":{},"b":{},"meta":{"lastBranch":0,"lastFunction":0,"lastStatement":0,"seen":{}}}
,"C:\\Users\\ClaudioHigón\\.gemini\\antigravity\\scratch\\calendar\\src\\constants\\categories.ts": {"path":"C:\\Users\\ClaudioHigón\\.gemini\\antigravity\\scratch\\calendar\\src\\constants\\categories.ts","statementMap":{"0":{"start":{"line":7,"column":38},"end":{"line":18,"column":null}},"1":{"start":{"line":20,"column":13},"end":{"line":20,"column":null}},"2":{"start":{"line":20,"column":47},"end":{"line":20,"column":null}},"3":{"start":{"line":20,"column":68},"end":{"line":20,"column":79}}},"fnMap":{"0":{"name":"(anonymous_0)","decl":{"start":{"line":20,"column":13},"end":{"line":20,"column":32}},"loc":{"start":{"line":20,"column":47},"end":{"line":20,"column":null}},"line":20},"1":{"name":"(anonymous_1)","decl":{"start":{"line":20,"column":58},"end":{"line":20,"column":63}},"loc":{"start":{"line":20,"column":68},"end":{"line":20,"column":79}},"line":20}},"branchMap":{"0":{"loc":{"start":{"line":20,"column":47},"end":{"line":20,"column":null}},"type":"binary-expr","locations":[{"start":{"line":20,"column":47},"end":{"line":20,"column":84}},{"start":{"line":20,"column":84},"end":{"line":20,"column":null}}],"line":20}},"s":{"0":3,"1":3,"2":11,"3":38},"f":{"0":11,"1":38},"b":{"0":[11,0]},"meta":{"lastBranch":1,"lastFunction":2,"lastStatement":4,"seen":{"s:7:38:18:Infinity":0,"s:20:13:20:Infinity":1,"f:20:13:20:32":0,"s:20:47:20:Infinity":2,"b:20:47:20:84:20:84:20:Infinity":0,"f:20:58:20:63":1,"s:20:68:20:79":3}}}
,"C:\\Users\\ClaudioHigón\\.gemini\\antigravity\\scratch\\calendar\\src\\services\\db.ts": {"path":"C:\\Users\\ClaudioHigón\\.gemini\\antigravity\\scratch\\calendar\\src\\services\\db.ts","statementMap":{"0":{"start":{"line":8,"column":4},"end":{"line":8,"column":null}},"1":{"start":{"line":9,"column":4},"end":{"line":11,"column":null}},"2":{"start":{"line":15,"column":4},"end":{"line":15,"column":null}},"3":{"start":{"line":16,"column":4},"end":{"line":16,"column":null}},"4":{"start":{"line":20,"column":18},"end":{"line":20,"column":null}}},"fnMap":{"0":{"name":"(anonymous_0)","decl":{"start":{"line":7,"column":2},"end":{"line":7,"column":16}},"loc":{"start":{"line":7,"column":16},"end":{"line":12,"column":null}},"line":7},"1":{"name":"(anonymous_1)","decl":{"start":{"line":14,"column":8},"end":{"line":14,"column":16}},"loc":{"start":{"line":14,"column":16},"end":{"line":17,"column":null}},"line":14}},"branchMap":{},"s":{"0":1,"1":1,"2":1,"3":1,"4":1},"f":{"0":1,"1":1},"b":{},"meta":{"lastBranch":0,"lastFunction":2,"lastStatement":5,"seen":{"f:7:2:7:16":0,"s:8:4:8:Infinity":0,"s:9:4:11:Infinity":1,"f:14:8:14:16":1,"s:15:4:15:Infinity":2,"s:16:4:16:Infinity":3,"s:20:18:20:Infinity":4}}}
,"C:\\Users\\ClaudioHigón\\.gemini\\antigravity\\scratch\\calendar\\src\\utils\\dateUtils.ts": {"path":"C:\\Users\\ClaudioHigón\\.gemini\\antigravity\\scratch\\calendar\\src\\utils\\dateUtils.ts","statementMap":{"0":{"start":{"line":4,"column":13},"end":{"line":7,"column":null}},"1":{"start":{"line":5,"column":2},"end":{"line":7,"column":null}},"2":{"start":{"line":12,"column":13},"end":{"line":14,"column":null}},"3":{"start":{"line":13,"column":2},"end":{"line":13,"column":null}},"4":{"start":{"line":19,"column":13},"end":{"line":20,"column":null}},"5":{"start":{"line":20,"column":2},"end":{"line":20,"column":null}},"6":{"start":{"line":25,"column":13},"end":{"line":28,"column":null}},"7":{"start":{"line":26,"column":14},"end":{"line":26,"column":null}},"8":{"start":{"line":27,"column":2},"end":{"line":27,"column":null}},"9":{"start":{"line":33,"column":13},"end":{"line":35,"column":null}},"10":{"start":{"line":34,"column":2},"end":{"line":34,"column":null}},"11":{"start":{"line":40,"column":13},"end":{"line":47,"column":null}},"12":{"start":{"line":41,"column":2},"end":{"line":46,"column":null}},"13":{"start":{"line":51,"column":13},"end":{"line":54,"column":null}},"14":{"start":{"line":52,"column":14},"end":{"line":52,"column":null}},"15":{"start":{"line":53,"column":2},"end":{"line":53,"column":null}},"16":{"start":{"line":59,"column":13},"end":{"line":66,"column":null}},"17":{"start":{"line":60,"column":14},"end":{"line":60,"column":null}},"18":{"start":{"line":61,"column":15},"end":{"line":61,"column":null}},"19":{"start":{"line":62,"column":16},"end":{"line":62,"column":null}},"20":{"start":{"line":63,"column":2},"end":{"line":63,"column":null}},"21":{"start":{"line":64,"column":2},"end":{"line":64,"column":null}},"22":{"start":{"line":65,"column":2},"end":{"line":65,"column":null}},"23":{"start":{"line":71,"column":13},"end":{"line":79,"column":null}},"24":{"start":{"line":72,"column":23},"end":{"line":72,"column":null}},"25":{"start":{"line":73,"column":2},"end":{"line":77,"column":null}},"26":{"start":{"line":73,"column":15},"end":{"line":73,"column":18}},"27":{"start":{"line":74,"column":16},"end":{"line":74,"column":null}},"28":{"start":{"line":75,"column":4},"end":{"line":75,"column":null}},"29":{"start":{"line":76,"column":4},"end":{"line":76,"column":null}},"30":{"start":{"line":78,"column":2},"end":{"line":78,"column":null}}},"fnMap":{"0":{"name":"(anonymous_0)","decl":{"start":{"line":4,"column":13},"end":{"line":4,"column":26}},"loc":{"start":{"line":5,"column":2},"end":{"line":7,"column":null}},"line":5},"1":{"name":"(anonymous_1)","decl":{"start":{"line":12,"column":13},"end":{"line":12,"column":32}},"loc":{"start":{"line":12,"column":55},"end":{"line":14,"column":null}},"line":12},"2":{"name":"(anonymous_2)","decl":{"start":{"line":19,"column":13},"end":{"line":19,"column":31}},"loc":{"start":{"line":20,"column":2},"end":{"line":20,"column":null}},"line":20},"3":{"name":"(anonymous_3)","decl":{"start":{"line":25,"column":13},"end":{"line":25,"column":35}},"loc":{"start":{"line":25,"column":75},"end":{"line":28,"column":null}},"line":25},"4":{"name":"(anonymous_4)","decl":{"start":{"line":33,"column":13},"end":{"line":33,"column":30}},"loc":{"start":{"line":33,"column":53},"end":{"line":35,"column":null}},"line":33},"5":{"name":"(anonymous_5)","decl":{"start":{"line":40,"column":13},"end":{"line":40,"column":31}},"loc":{"start":{"line":40,"column":54},"end":{"line":47,"column":null}},"line":40},"6":{"name":"(anonymous_6)","decl":{"start":{"line":51,"column":13},"end":{"line":51,"column":26}},"loc":{"start":{"line":51,"column":50},"end":{"line":54,"column":null}},"line":51},"7":{"name":"(anonymous_7)","decl":{"start":{"line":59,"column":13},"end":{"line":59,"column":31}},"loc":{"start":{"line":59,"column":52},"end":{"line":66,"column":null}},"line":59},"8":{"name":"(anonymous_8)","decl":{"start":{"line":71,"column":13},"end":{"line":71,"column":28}},"loc":{"start":{"line":71,"column":56},"end":{"line":79,"column":null}},"line":71}},"branchMap":{"0":{"loc":{"start":{"line":5,"column":2},"end":{"line":7,"column":null}},"type":"binary-expr","locations":[{"start":{"line":5,"column":2},"end":{"line":5,"column":null}},{"start":{"line":6,"column":2},"end":{"line":6,"column":null}},{"start":{"line":7,"column":2},"end":{"line":7,"column":null}}],"line":5},"1":{"loc":{"start":{"line":27,"column":9},"end":{"line":27,"column":null}},"type":"cond-expr","locations":[{"start":{"line":27,"column":21},"end":{"line":27,"column":25}},{"start":{"line":27,"column":25},"end":{"line":27,"column":null}}],"line":27},"2":{"loc":{"start":{"line":53,"column":9},"end":{"line":53,"column":null}},"type":"binary-expr","locations":[{"start":{"line":53,"column":9},"end":{"line":53,"column":22}},{"start":{"line":53,"column":22},"end":{"line":53,"column":null}}],"line":53},"3":{"loc":{"start":{"line":61,"column":33},"end":{"line":61,"column":null}},"type":"cond-expr","locations":[{"start":{"line":61,"column":45},"end":{"line":61,"column":49}},{"start":{"line":61,"column":49},"end":{"line":61,"column":null}}],"line":61}},"s":{"0":8,"1":644,"2":8,"3":18,"4":8,"5":82,"6":8,"7":71,"8":71,"9":8,"10":1920,"11":8,"12":15,"13":8,"14":3206,"15":3206,"16":8,"17":9,"18":9,"19":9,"20":9,"21":9,"22":9,"23":8,"24":8,"25":8,"26":8,"27":56,"28":56,"29":56,"30":8},"f":{"0":644,"1":18,"2":82,"3":71,"4":1920,"5":15,"6":3206,"7":9,"8":8},"b":{"0":[644,644,610],"1":[15,56],"2":[3206,2740],"3":[0,9]},"meta":{"lastBranch":4,"lastFunction":9,"lastStatement":31,"seen":{"s:4:13:7:Infinity":0,"f:4:13:4:26":0,"s:5:2:7:Infinity":1,"b:5:2:5:Infinity:6:2:6:Infinity:7:2:7:Infinity":0,"s:12:13:14:Infinity":2,"f:12:13:12:32":1,"s:13:2:13:Infinity":3,"s:19:13:20:Infinity":4,"f:19:13:19:31":2,"s:20:2:20:Infinity":5,"s:25:13:28:Infinity":6,"f:25:13:25:35":3,"s:26:14:26:Infinity":7,"s:27:2:27:Infinity":8,"b:27:21:27:25:27:25:27:Infinity":1,"s:33:13:35:Infinity":9,"f:33:13:33:30":4,"s:34:2:34:Infinity":10,"s:40:13:47:Infinity":11,"f:40:13:40:31":5,"s:41:2:46:Infinity":12,"s:51:13:54:Infinity":13,"f:51:13:51:26":6,"s:52:14:52:Infinity":14,"s:53:2:53:Infinity":15,"b:53:9:53:22:53:22:53:Infinity":2,"s:59:13:66:Infinity":16,"f:59:13:59:31":7,"s:60:14:60:Infinity":17,"s:61:15:61:Infinity":18,"b:61:45:61:49:61:49:61:Infinity":3,"s:62:16:62:Infinity":19,"s:63:2:63:Infinity":20,"s:64:2:64:Infinity":21,"s:65:2:65:Infinity":22,"s:71:13:79:Infinity":23,"f:71:13:71:28":8,"s:72:23:72:Infinity":24,"s:73:2:77:Infinity":25,"s:73:15:73:18":26,"s:74:16:74:Infinity":27,"s:75:4:75:Infinity":28,"s:76:4:76:Infinity":29,"s:78:2:78:Infinity":30}}}
,"C:\\Users\\ClaudioHigón\\.gemini\\antigravity\\scratch\\calendar\\src\\utils\\eventUtils.ts": {"path":"C:\\Users\\ClaudioHigón\\.gemini\\antigravity\\scratch\\calendar\\src\\utils\\eventUtils.ts","statementMap":{"0":{"start":{"line":8,"column":13},"end":{"line":10,"column":null}},"1":{"start":{"line":9,"column":2},"end":{"line":9,"column":null}},"2":{"start":{"line":15,"column":13},"end":{"line":17,"column":null}},"3":{"start":{"line":16,"column":2},"end":{"line":16,"column":null}},"4":{"start":{"line":22,"column":13},"end":{"line":24,"column":null}},"5":{"start":{"line":23,"column":2},"end":{"line":23,"column":null}},"6":{"start":{"line":23,"column":32},"end":{"line":23,"column":58}},"7":{"start":{"line":29,"column":13},"end":{"line":41,"column":null}},"8":{"start":{"line":30,"column":14},"end":{"line":30,"column":null}},"9":{"start":{"line":32,"column":2},"end":{"line":38,"column":null}},"10":{"start":{"line":33,"column":10},"end":{"line":33,"column":null}},"11":{"start":{"line":34,"column":22},"end":{"line":34,"column":null}},"12":{"start":{"line":35,"column":4},"end":{"line":37,"column":null}},"13":{"start":{"line":36,"column":6},"end":{"line":36,"column":null}},"14":{"start":{"line":40,"column":2},"end":{"line":40,"column":null}}},"fnMap":{"0":{"name":"(anonymous_0)","decl":{"start":{"line":8,"column":13},"end":{"line":8,"column":30}},"loc":{"start":{"line":8,"column":76},"end":{"line":10,"column":null}},"line":8},"1":{"name":"(anonymous_1)","decl":{"start":{"line":15,"column":13},"end":{"line":15,"column":39}},"loc":{"start":{"line":15,"column":73},"end":{"line":17,"column":null}},"line":15},"2":{"name":"(anonymous_2)","decl":{"start":{"line":22,"column":13},"end":{"line":22,"column":33}},"loc":{"start":{"line":22,"column":90},"end":{"line":24,"column":null}},"line":22},"3":{"name":"(anonymous_3)","decl":{"start":{"line":23,"column":16},"end":{"line":23,"column":23}},"loc":{"start":{"line":23,"column":32},"end":{"line":23,"column":58}},"line":23},"4":{"name":"(anonymous_4)","decl":{"start":{"line":29,"column":13},"end":{"line":29,"column":35}},"loc":{"start":{"line":29,"column":108},"end":{"line":41,"column":null}},"line":29},"5":{"name":"(anonymous_5)","decl":{"start":{"line":32,"column":8},"end":{"line":32,"column":16}},"loc":{"start":{"line":32,"column":24},"end":{"line":38,"column":3}},"line":32}},"branchMap":{"0":{"loc":{"start":{"line":35,"column":4},"end":{"line":37,"column":null}},"type":"if","locations":[{"start":{"line":35,"column":4},"end":{"line":37,"column":null}},{"start":{},"end":{}}],"line":35}},"s":{"0":5,"1":372,"2":5,"3":30,"4":5,"5":602,"6":358,"7":5,"8":17,"9":17,"10":595,"11":595,"12":595,"13":7,"14":17},"f":{"0":372,"1":30,"2":602,"3":358,"4":17,"5":595},"b":{"0":[7,588]},"meta":{"lastBranch":1,"lastFunction":6,"lastStatement":15,"seen":{"s:8:13:10:Infinity":0,"f:8:13:8:30":0,"s:9:2:9:Infinity":1,"s:15:13:17:Infinity":2,"f:15:13:15:39":1,"s:16:2:16:Infinity":3,"s:22:13:24:Infinity":4,"f:22:13:22:33":2,"s:23:2:23:Infinity":5,"f:23:16:23:23":3,"s:23:32:23:58":6,"s:29:13:41:Infinity":7,"f:29:13:29:35":4,"s:30:14:30:Infinity":8,"s:32:2:38:Infinity":9,"f:32:8:32:16":5,"s:33:10:33:Infinity":10,"s:34:22:34:Infinity":11,"b:35:4:37:Infinity:undefined:undefined:undefined:undefined":0,"s:35:4:37:Infinity":12,"s:36:6:36:Infinity":13,"s:40:2:40:Infinity":14}}}
}
