{"C:\\Users\\ClaudioHigón\\.gemini\\antigravity\\scratch\\calendar\\src\\App.scss": {"path":"C:\\Users\\ClaudioHigón\\.gemini\\antigravity\\scratch\\calendar\\src\\App.scss","statementMap":{},"fnMap":{},"branchMap":{},"s":{},"f":{},"b":{},"meta":{"lastBranch":0,"lastFunction":0,"lastStatement":0,"seen":{}}}
,"C:\\Users\\ClaudioHigón\\.gemini\\antigravity\\scratch\\calendar\\src\\App.tsx": {"path":"C:\\Users\\ClaudioHigón\\.gemini\\antigravity\\scratch\\calendar\\src\\App.tsx","statementMap":{"0":{"start":{"line":11,"column":39},"end":{"line":22,"column":null}},"1":{"start":{"line":25,"column":15},"end":{"line":25,"column":null}},"2":{"start":{"line":26,"column":19},"end":{"line":26,"column":null}},"3":{"start":{"line":27,"column":23},"end":{"line":27,"column":null}},"4":{"start":{"line":28,"column":17},"end":{"line":28,"column":null}},"5":{"start":{"line":30,"column":8},"end":{"line":33,"column":null}},"6":{"start":{"line":31,"column":4},"end":{"line":31,"column":null}},"7":{"start":{"line":32,"column":4},"end":{"line":32,"column":null}},"8":{"start":{"line":35,"column":8},"end":{"line":37,"column":null}},"9":{"start":{"line":36,"column":4},"end":{"line":36,"column":null}},"10":{"start":{"line":39,"column":8},"end":{"line":41,"column":null}},"11":{"start":{"line":40,"column":4},"end":{"line":40,"column":null}},"12":{"start":{"line":43,"column":8},"end":{"line":50,"column":null}},"13":{"start":{"line":44,"column":39},"end":{"line":47,"column":null}},"14":{"start":{"line":48,"column":4},"end":{"line":48,"column":null}},"15":{"start":{"line":48,"column":22},"end":{"line":48,"column":44}},"16":{"start":{"line":49,"column":4},"end":{"line":49,"column":null}},"17":{"start":{"line":52,"column":8},"end":{"line":55,"column":null}},"18":{"start":{"line":53,"column":20},"end":{"line":53,"column":null}},"19":{"start":{"line":54,"column":4},"end":{"line":54,"column":null}},"20":{"start":{"line":54,"column":30},"end":{"line":54,"column":48}},"21":{"start":{"line":57,"column":2},"end":{"line":93,"column":null}}},"fnMap":{"0":{"name":"App","decl":{"start":{"line":24,"column":9},"end":{"line":24,"column":15}},"loc":{"start":{"line":24,"column":15},"end":{"line":95,"column":null}},"line":24},"1":{"name":"(anonymous_1)","decl":{"start":{"line":30,"column":27},"end":{"line":30,"column":40}},"loc":{"start":{"line":30,"column":55},"end":{"line":33,"column":5}},"line":30},"2":{"name":"(anonymous_2)","decl":{"start":{"line":35,"column":31},"end":{"line":35,"column":49}},"loc":{"start":{"line":35,"column":49},"end":{"line":37,"column":5}},"line":35},"3":{"name":"(anonymous_3)","decl":{"start":{"line":39,"column":25},"end":{"line":39,"column":43}},"loc":{"start":{"line":39,"column":43},"end":{"line":41,"column":5}},"line":39},"4":{"name":"(anonymous_4)","decl":{"start":{"line":43,"column":26},"end":{"line":43,"column":39}},"loc":{"start":{"line":43,"column":79},"end":{"line":50,"column":5}},"line":43},"5":{"name":"(anonymous_5)","decl":{"start":{"line":48,"column":4},"end":{"line":48,"column":14}},"loc":{"start":{"line":48,"column":22},"end":{"line":48,"column":44}},"line":48},"6":{"name":"(anonymous_6)","decl":{"start":{"line":52,"column":32},"end":{"line":52,"column":46}},"loc":{"start":{"line":52,"column":46},"end":{"line":55,"column":5}},"line":52},"7":{"name":"(anonymous_7)","decl":{"start":{"line":54,"column":18},"end":{"line":54,"column":25}},"loc":{"start":{"line":54,"column":30},"end":{"line":54,"column":48}},"line":54}},"branchMap":{"0":{"loc":{"start":{"line":61,"column":9},"end":{"line":67,"column":null}},"type":"binary-expr","locations":[{"start":{"line":61,"column":9},"end":{"line":61,"column":null}},{"start":{"line":62,"column":10},"end":{"line":67,"column":null}}],"line":61},"1":{"loc":{"start":{"line":69,"column":9},"end":{"line":74,"column":null}},"type":"binary-expr","locations":[{"start":{"line":69,"column":9},"end":{"line":69,"column":null}},{"start":{"line":70,"column":10},"end":{"line":74,"column":null}}],"line":69},"2":{"loc":{"start":{"line":76,"column":9},"end":{"line":81,"column":null}},"type":"binary-expr","locations":[{"start":{"line":76,"column":9},"end":{"line":76,"column":null}},{"start":{"line":77,"column":10},"end":{"line":81,"column":null}}],"line":76},"3":{"loc":{"start":{"line":87,"column":7},"end":{"line":91,"column":null}},"type":"binary-expr","locations":[{"start":{"line":87,"column":7},"end":{"line":87,"column":null}},{"start":{"line":88,"column":8},"end":{"line":91,"column":null}}],"line":87}},"s":{"0":1,"1":8,"2":8,"3":8,"4":8,"5":8,"6":3,"7":3,"8":8,"9":1,"10":8,"11":0,"12":8,"13":0,"14":0,"15":0,"16":0,"17":8,"18":7,"19":7,"20":63,"21":8},"f":{"0":8,"1":3,"2":1,"3":0,"4":0,"5":0,"6":7,"7":63},"b":{"0":[8,5],"1":[8,3],"2":[8,0],"3":[8,5]},"meta":{"lastBranch":4,"lastFunction":8,"lastStatement":22,"seen":{"s:11:39:22:Infinity":0,"f:24:9:24:15":0,"s:25:15:25:Infinity":1,"s:26:19:26:Infinity":2,"s:27:23:27:Infinity":3,"s:28:17:28:Infinity":4,"s:30:8:33:Infinity":5,"f:30:27:30:40":1,"s:31:4:31:Infinity":6,"s:32:4:32:Infinity":7,"s:35:8:37:Infinity":8,"f:35:31:35:49":2,"s:36:4:36:Infinity":9,"s:39:8:41:Infinity":10,"f:39:25:39:43":3,"s:40:4:40:Infinity":11,"s:43:8:50:Infinity":12,"f:43:26:43:39":4,"s:44:39:47:Infinity":13,"s:48:4:48:Infinity":14,"f:48:4:48:14":5,"s:48:22:48:44":15,"s:49:4:49:Infinity":16,"s:52:8:55:Infinity":17,"f:52:32:52:46":6,"s:53:20:53:Infinity":18,"s:54:4:54:Infinity":19,"f:54:18:54:25":7,"s:54:30:54:48":20,"s:57:2:93:Infinity":21,"b:61:9:61:Infinity:62:10:67:Infinity":0,"b:69:9:69:Infinity:70:10:74:Infinity":1,"b:76:9:76:Infinity:77:10:81:Infinity":2,"b:87:7:87:Infinity:88:8:91:Infinity":3}}}
,"C:\\Users\\ClaudioHigón\\.gemini\\antigravity\\scratch\\calendar\\src\\components\\Calendar\\Calendar.scss": {"path":"C:\\Users\\ClaudioHigón\\.gemini\\antigravity\\scratch\\calendar\\src\\components\\Calendar\\Calendar.scss","statementMap":{},"fnMap":{},"branchMap":{},"s":{},"f":{},"b":{},"meta":{"lastBranch":0,"lastFunction":0,"lastStatement":0,"seen":{}}}
,"C:\\Users\\ClaudioHigón\\.gemini\\antigravity\\scratch\\calendar\\src\\components\\Calendar\\Calendar.tsx": {"path":"C:\\Users\\ClaudioHigón\\.gemini\\antigravity\\scratch\\calendar\\src\\components\\Calendar\\Calendar.tsx","statementMap":{"0":{"start":{"line":25,"column":8},"end":{"line":25,"column":null}},"1":{"start":{"line":25,"column":30},"end":{"line":25,"column":42}},"2":{"start":{"line":26,"column":22},"end":{"line":28,"column":null}},"3":{"start":{"line":27,"column":10},"end":{"line":27,"column":null}},"4":{"start":{"line":31,"column":8},"end":{"line":31,"column":null}},"5":{"start":{"line":33,"column":15},"end":{"line":33,"column":null}},"6":{"start":{"line":34,"column":16},"end":{"line":34,"column":null}},"7":{"start":{"line":38,"column":2},"end":{"line":49,"column":null}},"8":{"start":{"line":39,"column":4},"end":{"line":42,"column":null}},"9":{"start":{"line":40,"column":6},"end":{"line":40,"column":null}},"10":{"start":{"line":41,"column":6},"end":{"line":41,"column":null}},"11":{"start":{"line":43,"column":16},"end":{"line":43,"column":null}},"12":{"start":{"line":44,"column":4},"end":{"line":48,"column":null}},"13":{"start":{"line":45,"column":6},"end":{"line":45,"column":null}},"14":{"start":{"line":47,"column":6},"end":{"line":47,"column":null}},"15":{"start":{"line":51,"column":8},"end":{"line":68,"column":null}},"16":{"start":{"line":53,"column":6},"end":{"line":65,"column":null}},"17":{"start":{"line":55,"column":8},"end":{"line":62,"column":null}},"18":{"start":{"line":57,"column":10},"end":{"line":57,"column":null}},"19":{"start":{"line":58,"column":10},"end":{"line":58,"column":null}},"20":{"start":{"line":61,"column":10},"end":{"line":61,"column":null}},"21":{"start":{"line":63,"column":8},"end":{"line":63,"column":null}},"22":{"start":{"line":64,"column":8},"end":{"line":64,"column":null}},"23":{"start":{"line":70,"column":8},"end":{"line":78,"column":null}},"24":{"start":{"line":71,"column":16},"end":{"line":71,"column":null}},"25":{"start":{"line":72,"column":4},"end":{"line":76,"column":null}},"26":{"start":{"line":73,"column":6},"end":{"line":73,"column":null}},"27":{"start":{"line":75,"column":6},"end":{"line":75,"column":null}},"28":{"start":{"line":77,"column":4},"end":{"line":77,"column":null}},"29":{"start":{"line":80,"column":8},"end":{"line":82,"column":null}},"30":{"start":{"line":81,"column":4},"end":{"line":81,"column":null}},"31":{"start":{"line":84,"column":8},"end":{"line":89,"column":null}},"32":{"start":{"line":85,"column":4},"end":{"line":85,"column":null}},"33":{"start":{"line":86,"column":4},"end":{"line":86,"column":null}},"34":{"start":{"line":87,"column":4},"end":{"line":87,"column":null}},"35":{"start":{"line":88,"column":4},"end":{"line":88,"column":null}},"36":{"start":{"line":91,"column":2},"end":{"line":131,"column":null}}},"fnMap":{"0":{"name":"Calendar","decl":{"start":{"line":18,"column":9},"end":{"line":18,"column":18}},"loc":{"start":{"line":24,"column":18},"end":{"line":133,"column":null}},"line":24},"1":{"name":"(anonymous_1)","decl":{"start":{"line":25,"column":16},"end":{"line":25,"column":30}},"loc":{"start":{"line":25,"column":30},"end":{"line":25,"column":42}},"line":25},"2":{"name":"(anonymous_2)","decl":{"start":{"line":26,"column":40},"end":{"line":26,"column":null}},"loc":{"start":{"line":27,"column":10},"end":{"line":27,"column":null}},"line":27},"3":{"name":"(anonymous_3)","decl":{"start":{"line":38,"column":2},"end":{"line":38,"column":18}},"loc":{"start":{"line":38,"column":18},"end":{"line":49,"column":5}},"line":38},"4":{"name":"(anonymous_4)","decl":{"start":{"line":51,"column":25},"end":{"line":51,"column":null}},"loc":{"start":{"line":52,"column":23},"end":{"line":66,"column":null}},"line":52},"5":{"name":"(anonymous_5)","decl":{"start":{"line":53,"column":6},"end":{"line":53,"column":22}},"loc":{"start":{"line":53,"column":31},"end":{"line":65,"column":7}},"line":53},"6":{"name":"(anonymous_6)","decl":{"start":{"line":70,"column":20},"end":{"line":70,"column":38}},"loc":{"start":{"line":70,"column":38},"end":{"line":78,"column":5}},"line":70},"7":{"name":"(anonymous_7)","decl":{"start":{"line":80,"column":27},"end":{"line":80,"column":40}},"loc":{"start":{"line":80,"column":55},"end":{"line":82,"column":5}},"line":80},"8":{"name":"(anonymous_8)","decl":{"start":{"line":84,"column":28},"end":{"line":84,"column":41}},"loc":{"start":{"line":84,"column":64},"end":{"line":89,"column":5}},"line":84}},"branchMap":{"0":{"loc":{"start":{"line":19,"column":2},"end":{"line":19,"column":null}},"type":"default-arg","locations":[{"start":{"line":19,"column":13},"end":{"line":19,"column":null}}],"line":19},"1":{"loc":{"start":{"line":20,"column":2},"end":{"line":20,"column":null}},"type":"default-arg","locations":[{"start":{"line":20,"column":11},"end":{"line":20,"column":null}}],"line":20},"2":{"loc":{"start":{"line":39,"column":4},"end":{"line":42,"column":null}},"type":"if","locations":[{"start":{"line":39,"column":4},"end":{"line":42,"column":null}},{"start":{},"end":{}}],"line":39},"3":{"loc":{"start":{"line":44,"column":4},"end":{"line":48,"column":null}},"type":"if","locations":[{"start":{"line":44,"column":4},"end":{"line":48,"column":null}},{"start":{"line":46,"column":11},"end":{"line":48,"column":null}}],"line":44},"4":{"loc":{"start":{"line":55,"column":8},"end":{"line":62,"column":null}},"type":"if","locations":[{"start":{"line":55,"column":8},"end":{"line":62,"column":null}},{"start":{"line":59,"column":15},"end":{"line":62,"column":null}}],"line":55},"5":{"loc":{"start":{"line":72,"column":4},"end":{"line":76,"column":null}},"type":"if","locations":[{"start":{"line":72,"column":4},"end":{"line":76,"column":null}},{"start":{"line":74,"column":11},"end":{"line":76,"column":null}}],"line":72},"6":{"loc":{"start":{"line":101,"column":11},"end":{"line":101,"column":null}},"type":"cond-expr","locations":[{"start":{"line":101,"column":33},"end":{"line":101,"column":40}},{"start":{"line":101,"column":33},"end":{"line":101,"column":null}}],"line":101},"7":{"loc":{"start":{"line":107,"column":9},"end":{"line":113,"column":null}},"type":"binary-expr","locations":[{"start":{"line":107,"column":9},"end":{"line":107,"column":null}},{"start":{"line":108,"column":10},"end":{"line":113,"column":null}}],"line":107},"8":{"loc":{"start":{"line":115,"column":9},"end":{"line":120,"column":null}},"type":"binary-expr","locations":[{"start":{"line":115,"column":9},"end":{"line":115,"column":null}},{"start":{"line":116,"column":10},"end":{"line":120,"column":null}}],"line":115},"9":{"loc":{"start":{"line":122,"column":9},"end":{"line":128,"column":null}},"type":"binary-expr","locations":[{"start":{"line":122,"column":9},"end":{"line":122,"column":null}},{"start":{"line":123,"column":10},"end":{"line":128,"column":null}}],"line":122}},"s":{"0":18,"1":8,"2":18,"3":8,"4":18,"5":18,"6":18,"7":18,"8":9,"9":0,"10":0,"11":9,"12":9,"13":1,"14":8,"15":18,"16":0,"17":0,"18":0,"19":0,"20":0,"21":0,"22":0,"23":18,"24":0,"25":0,"26":0,"27":0,"28":0,"29":18,"30":3,"31":18,"32":0,"33":0,"34":0,"35":0,"36":18},"f":{"0":18,"1":8,"2":8,"3":9,"4":0,"5":0,"6":0,"7":3,"8":0},"b":{"0":[18],"1":[18],"2":[0,9],"3":[1,8],"4":[0,0],"5":[0,0],"6":[2,16],"7":[18,14],"8":[18,2],"9":[18,2]},"meta":{"lastBranch":10,"lastFunction":9,"lastStatement":37,"seen":{"f:18:9:18:18":0,"b:19:13:19:Infinity":0,"b:20:11:20:Infinity":1,"s:25:8:25:Infinity":0,"f:25:16:25:30":1,"s:25:30:25:42":1,"s:26:22:28:Infinity":2,"f:26:40:26:Infinity":2,"s:27:10:27:Infinity":3,"s:31:8:31:Infinity":4,"s:33:15:33:Infinity":5,"s:34:16:34:Infinity":6,"s:38:2:49:Infinity":7,"f:38:2:38:18":3,"b:39:4:42:Infinity:undefined:undefined:undefined:undefined":2,"s:39:4:42:Infinity":8,"s:40:6:40:Infinity":9,"s:41:6:41:Infinity":10,"s:43:16:43:Infinity":11,"b:44:4:48:Infinity:46:11:48:Infinity":3,"s:44:4:48:Infinity":12,"s:45:6:45:Infinity":13,"s:47:6:47:Infinity":14,"s:51:8:68:Infinity":15,"f:51:25:51:Infinity":4,"s:53:6:65:Infinity":16,"f:53:6:53:22":5,"b:55:8:62:Infinity:59:15:62:Infinity":4,"s:55:8:62:Infinity":17,"s:57:10:57:Infinity":18,"s:58:10:58:Infinity":19,"s:61:10:61:Infinity":20,"s:63:8:63:Infinity":21,"s:64:8:64:Infinity":22,"s:70:8:78:Infinity":23,"f:70:20:70:38":6,"s:71:16:71:Infinity":24,"b:72:4:76:Infinity:74:11:76:Infinity":5,"s:72:4:76:Infinity":25,"s:73:6:73:Infinity":26,"s:75:6:75:Infinity":27,"s:77:4:77:Infinity":28,"s:80:8:82:Infinity":29,"f:80:27:80:40":7,"s:81:4:81:Infinity":30,"s:84:8:89:Infinity":31,"f:84:28:84:41":8,"s:85:4:85:Infinity":32,"s:86:4:86:Infinity":33,"s:87:4:87:Infinity":34,"s:88:4:88:Infinity":35,"s:91:2:131:Infinity":36,"b:101:33:101:40:101:33:101:Infinity":6,"b:107:9:107:Infinity:108:10:113:Infinity":7,"b:115:9:115:Infinity:116:10:120:Infinity":8,"b:122:9:122:Infinity:123:10:128:Infinity":9}}}
,"C:\\Users\\ClaudioHigón\\.gemini\\antigravity\\scratch\\calendar\\src\\components\\Calendar\\index.ts": {"path":"C:\\Users\\ClaudioHigón\\.gemini\\antigravity\\scratch\\calendar\\src\\components\\Calendar\\index.ts","statementMap":{},"fnMap":{},"branchMap":{},"s":{},"f":{},"b":{},"meta":{"lastBranch":0,"lastFunction":0,"lastStatement":0,"seen":{}}}
,"C:\\Users\\ClaudioHigón\\.gemini\\antigravity\\scratch\\calendar\\src\\components\\DayDetail\\DayDetail.scss": {"path":"C:\\Users\\ClaudioHigón\\.gemini\\antigravity\\scratch\\calendar\\src\\components\\DayDetail\\DayDetail.scss","statementMap":{},"fnMap":{},"branchMap":{},"s":{},"f":{},"b":{},"meta":{"lastBranch":0,"lastFunction":0,"lastStatement":0,"seen":{}}}
,"C:\\Users\\ClaudioHigón\\.gemini\\antigravity\\scratch\\calendar\\src\\components\\DayDetail\\DayDetail.tsx": {"path":"C:\\Users\\ClaudioHigón\\.gemini\\antigravity\\scratch\\calendar\\src\\components\\DayDetail\\DayDetail.tsx","statementMap":{"0":{"start":{"line":12,"column":8},"end":{"line":12,"column":null}},"1":{"start":{"line":15,"column":23},"end":{"line":15,"column":null}},"2":{"start":{"line":15,"column":50},"end":{"line":15,"column":88}},"3":{"start":{"line":17,"column":2},"end":{"line":50,"column":null}},"4":{"start":{"line":32,"column":14},"end":{"line":41,"column":null}}},"fnMap":{"0":{"name":"DayDetail","decl":{"start":{"line":11,"column":24},"end":{"line":11,"column":34}},"loc":{"start":{"line":11,"column":76},"end":{"line":52,"column":null}},"line":11},"1":{"name":"(anonymous_1)","decl":{"start":{"line":15,"column":35},"end":{"line":15,"column":41}},"loc":{"start":{"line":15,"column":50},"end":{"line":15,"column":88}},"line":15},"2":{"name":"(anonymous_2)","decl":{"start":{"line":31,"column":26},"end":{"line":31,"column":31}},"loc":{"start":{"line":32,"column":14},"end":{"line":41,"column":null}},"line":32}},"branchMap":{"0":{"loc":{"start":{"line":23,"column":23},"end":{"line":23,"column":null}},"type":"cond-expr","locations":[{"start":{"line":23,"column":61},"end":{"line":23,"column":91}},{"start":{"line":23,"column":91},"end":{"line":23,"column":null}}],"line":23},"1":{"loc":{"start":{"line":29,"column":9},"end":{"line":47,"column":null}},"type":"cond-expr","locations":[{"start":{"line":30,"column":10},"end":{"line":45,"column":11}},{"start":{"line":45,"column":10},"end":{"line":47,"column":null}}],"line":29},"2":{"loc":{"start":{"line":35,"column":19},"end":{"line":36,"column":null}},"type":"binary-expr","locations":[{"start":{"line":35,"column":19},"end":{"line":35,"column":36}},{"start":{"line":35,"column":36},"end":{"line":36,"column":null}}],"line":35}},"s":{"0":6,"1":6,"2":1,"3":6,"4":2},"f":{"0":6,"1":1,"2":2},"b":{"0":[0,6],"1":[1,5],"2":[2,1]},"meta":{"lastBranch":3,"lastFunction":3,"lastStatement":5,"seen":{"f:11:24:11:34":0,"s:12:8:12:Infinity":0,"s:15:23:15:Infinity":1,"f:15:35:15:41":1,"s:15:50:15:88":2,"s:17:2:50:Infinity":3,"b:23:61:23:91:23:91:23:Infinity":0,"b:30:10:45:11:45:10:47:Infinity":1,"f:31:26:31:31":2,"s:32:14:41:Infinity":4,"b:35:19:35:36:35:36:36:Infinity":2}}}
,"C:\\Users\\ClaudioHigón\\.gemini\\antigravity\\scratch\\calendar\\src\\components\\DayDetail\\index.ts": {"path":"C:\\Users\\ClaudioHigón\\.gemini\\antigravity\\scratch\\calendar\\src\\components\\DayDetail\\index.ts","statementMap":{},"fnMap":{},"branchMap":{},"s":{},"f":{},"b":{},"meta":{"lastBranch":0,"lastFunction":0,"lastStatement":0,"seen":{}}}
,"C:\\Users\\ClaudioHigón\\.gemini\\antigravity\\scratch\\calendar\\src\\components\\EventForm\\EventForm.scss": {"path":"C:\\Users\\ClaudioHigón\\.gemini\\antigravity\\scratch\\calendar\\src\\components\\EventForm\\EventForm.scss","statementMap":{},"fnMap":{},"branchMap":{},"s":{},"f":{},"b":{},"meta":{"lastBranch":0,"lastFunction":0,"lastStatement":0,"seen":{}}}
,"C:\\Users\\ClaudioHigón\\.gemini\\antigravity\\scratch\\calendar\\src\\components\\EventForm\\EventForm.tsx": {"path":"C:\\Users\\ClaudioHigón\\.gemini\\antigravity\\scratch\\calendar\\src\\components\\EventForm\\EventForm.tsx","statementMap":{"0":{"start":{"line":11,"column":63},"end":{"line":17,"column":null}},"1":{"start":{"line":19,"column":22},"end":{"line":26,"column":null}},"2":{"start":{"line":29,"column":16},"end":{"line":29,"column":null}},"3":{"start":{"line":30,"column":15},"end":{"line":32,"column":null}},"4":{"start":{"line":33,"column":20},"end":{"line":33,"column":null}},"5":{"start":{"line":34,"column":18},"end":{"line":34,"column":null}},"6":{"start":{"line":35,"column":17},"end":{"line":35,"column":null}},"7":{"start":{"line":36,"column":17},"end":{"line":36,"column":null}},"8":{"start":{"line":37,"column":22},"end":{"line":37,"column":null}},"9":{"start":{"line":39,"column":8},"end":{"line":53,"column":null}},"10":{"start":{"line":40,"column":4},"end":{"line":40,"column":null}},"11":{"start":{"line":41,"column":4},"end":{"line":41,"column":null}},"12":{"start":{"line":41,"column":23},"end":{"line":41,"column":null}},"13":{"start":{"line":43,"column":4},"end":{"line":52,"column":null}},"14":{"start":{"line":55,"column":8},"end":{"line":61,"column":null}},"15":{"start":{"line":56,"column":4},"end":{"line":60,"column":null}},"16":{"start":{"line":57,"column":6},"end":{"line":59,"column":null}},"17":{"start":{"line":58,"column":27},"end":{"line":58,"column":38}},"18":{"start":{"line":63,"column":2},"end":{"line":178,"column":null}},"19":{"start":{"line":92,"column":27},"end":{"line":92,"column":null}},"20":{"start":{"line":105,"column":27},"end":{"line":105,"column":null}},"21":{"start":{"line":118,"column":29},"end":{"line":118,"column":null}},"22":{"start":{"line":128,"column":29},"end":{"line":128,"column":null}},"23":{"start":{"line":140,"column":27},"end":{"line":140,"column":null}},"24":{"start":{"line":143,"column":14},"end":{"line":143,"column":null}},"25":{"start":{"line":153,"column":14},"end":{"line":160,"column":null}},"26":{"start":{"line":157,"column":31},"end":{"line":157,"column":null}},"27":{"start":{"line":173,"column":27},"end":{"line":173,"column":null}}},"fnMap":{"0":{"name":"EventForm","decl":{"start":{"line":28,"column":24},"end":{"line":28,"column":34}},"loc":{"start":{"line":28,"column":85},"end":{"line":180,"column":null}},"line":28},"1":{"name":"(anonymous_1)","decl":{"start":{"line":39,"column":8},"end":{"line":39,"column":24}},"loc":{"start":{"line":39,"column":47},"end":{"line":53,"column":null}},"line":39},"2":{"name":"(anonymous_2)","decl":{"start":{"line":55,"column":8},"end":{"line":55,"column":23}},"loc":{"start":{"line":55,"column":41},"end":{"line":61,"column":null}},"line":55},"3":{"name":"(anonymous_3)","decl":{"start":{"line":56,"column":4},"end":{"line":56,"column":14}},"loc":{"start":{"line":57,"column":6},"end":{"line":59,"column":null}},"line":57},"4":{"name":"(anonymous_4)","decl":{"start":{"line":58,"column":15},"end":{"line":58,"column":22}},"loc":{"start":{"line":58,"column":27},"end":{"line":58,"column":38}},"line":58},"5":{"name":"(anonymous_5)","decl":{"start":{"line":92,"column":12},"end":{"line":92,"column":22}},"loc":{"start":{"line":92,"column":27},"end":{"line":92,"column":null}},"line":92},"6":{"name":"(anonymous_6)","decl":{"start":{"line":105,"column":12},"end":{"line":105,"column":22}},"loc":{"start":{"line":105,"column":27},"end":{"line":105,"column":null}},"line":105},"7":{"name":"(anonymous_7)","decl":{"start":{"line":118,"column":14},"end":{"line":118,"column":24}},"loc":{"start":{"line":118,"column":29},"end":{"line":118,"column":null}},"line":118},"8":{"name":"(anonymous_8)","decl":{"start":{"line":128,"column":14},"end":{"line":128,"column":24}},"loc":{"start":{"line":128,"column":29},"end":{"line":128,"column":null}},"line":128},"9":{"name":"(anonymous_9)","decl":{"start":{"line":140,"column":12},"end":{"line":140,"column":22}},"loc":{"start":{"line":140,"column":27},"end":{"line":140,"column":null}},"line":140},"10":{"name":"(anonymous_10)","decl":{"start":{"line":142,"column":28},"end":{"line":142,"column":32}},"loc":{"start":{"line":143,"column":14},"end":{"line":143,"column":null}},"line":143},"11":{"name":"(anonymous_11)","decl":{"start":{"line":152,"column":27},"end":{"line":152,"column":31}},"loc":{"start":{"line":153,"column":14},"end":{"line":160,"column":null}},"line":153},"12":{"name":"(anonymous_12)","decl":{"start":{"line":157,"column":16},"end":{"line":157,"column":31}},"loc":{"start":{"line":157,"column":31},"end":{"line":157,"column":null}},"line":157},"13":{"name":"(anonymous_13)","decl":{"start":{"line":173,"column":12},"end":{"line":173,"column":22}},"loc":{"start":{"line":173,"column":27},"end":{"line":173,"column":null}},"line":173}},"branchMap":{"0":{"loc":{"start":{"line":31,"column":5},"end":{"line":31,"column":32}},"type":"binary-expr","locations":[{"start":{"line":31,"column":5},"end":{"line":31,"column":20}},{"start":{"line":31,"column":20},"end":{"line":31,"column":32}}],"line":31},"1":{"loc":{"start":{"line":41,"column":4},"end":{"line":41,"column":null}},"type":"if","locations":[{"start":{"line":41,"column":4},"end":{"line":41,"column":null}},{"start":{},"end":{}}],"line":41},"2":{"loc":{"start":{"line":57,"column":6},"end":{"line":59,"column":null}},"type":"cond-expr","locations":[{"start":{"line":58,"column":10},"end":{"line":58,"column":null}},{"start":{"line":59,"column":10},"end":{"line":59,"column":null}}],"line":57},"3":{"loc":{"start":{"line":156,"column":53},"end":{"line":156,"column":null}},"type":"cond-expr","locations":[{"start":{"line":156,"column":82},"end":{"line":156,"column":117}},{"start":{"line":156,"column":117},"end":{"line":156,"column":null}}],"line":156}},"s":{"0":2,"1":2,"2":11,"3":11,"4":11,"5":11,"6":11,"7":11,"8":11,"9":11,"10":1,"11":1,"12":0,"13":1,"14":11,"15":2,"16":2,"17":1,"18":11,"19":3,"20":0,"21":0,"22":0,"23":0,"24":55,"25":66,"26":2,"27":0},"f":{"0":11,"1":1,"2":2,"3":2,"4":1,"5":3,"6":0,"7":0,"8":0,"9":0,"10":55,"11":66,"12":2,"13":0},"b":{"0":[11,11],"1":[0,1],"2":[1,1],"3":[1,65]},"meta":{"lastBranch":4,"lastFunction":14,"lastStatement":28,"seen":{"s:11:63:17:Infinity":0,"s:19:22:26:Infinity":1,"f:28:24:28:34":0,"s:29:16:29:Infinity":2,"s:30:15:32:Infinity":3,"b:31:5:31:20:31:20:31:32":0,"s:33:20:33:Infinity":4,"s:34:18:34:Infinity":5,"s:35:17:35:Infinity":6,"s:36:17:36:Infinity":7,"s:37:22:37:Infinity":8,"s:39:8:53:Infinity":9,"f:39:8:39:24":1,"s:40:4:40:Infinity":10,"b:41:4:41:Infinity:undefined:undefined:undefined:undefined":1,"s:41:4:41:Infinity":11,"s:41:23:41:Infinity":12,"s:43:4:52:Infinity":13,"s:55:8:61:Infinity":14,"f:55:8:55:23":2,"s:56:4:60:Infinity":15,"f:56:4:56:14":3,"s:57:6:59:Infinity":16,"b:58:10:58:Infinity:59:10:59:Infinity":2,"f:58:15:58:22":4,"s:58:27:58:38":17,"s:63:2:178:Infinity":18,"f:92:12:92:22":5,"s:92:27:92:Infinity":19,"f:105:12:105:22":6,"s:105:27:105:Infinity":20,"f:118:14:118:24":7,"s:118:29:118:Infinity":21,"f:128:14:128:24":8,"s:128:29:128:Infinity":22,"f:140:12:140:22":9,"s:140:27:140:Infinity":23,"f:142:28:142:32":10,"s:143:14:143:Infinity":24,"f:152:27:152:31":11,"s:153:14:160:Infinity":25,"b:156:82:156:117:156:117:156:Infinity":3,"f:157:16:157:31":12,"s:157:31:157:Infinity":26,"f:173:12:173:22":13,"s:173:27:173:Infinity":27}}}
,"C:\\Users\\ClaudioHigón\\.gemini\\antigravity\\scratch\\calendar\\src\\components\\EventForm\\index.ts": {"path":"C:\\Users\\ClaudioHigón\\.gemini\\antigravity\\scratch\\calendar\\src\\components\\EventForm\\index.ts","statementMap":{},"fnMap":{},"branchMap":{},"s":{},"f":{},"b":{},"meta":{"lastBranch":0,"lastFunction":0,"lastStatement":0,"seen":{}}}
,"C:\\Users\\ClaudioHigón\\.gemini\\antigravity\\scratch\\calendar\\src\\components\\Fab\\Fab.scss": {"path":"C:\\Users\\ClaudioHigón\\.gemini\\antigravity\\scratch\\calendar\\src\\components\\Fab\\Fab.scss","statementMap":{},"fnMap":{},"branchMap":{},"s":{},"f":{},"b":{},"meta":{"lastBranch":0,"lastFunction":0,"lastStatement":0,"seen":{}}}
,"C:\\Users\\ClaudioHigón\\.gemini\\antigravity\\scratch\\calendar\\src\\components\\Fab\\Fab.tsx": {"path":"C:\\Users\\ClaudioHigón\\.gemini\\antigravity\\scratch\\calendar\\src\\components\\Fab\\Fab.tsx","statementMap":{"0":{"start":{"line":9,"column":2},"end":{"line":29,"column":null}}},"fnMap":{"0":{"name":"Fab","decl":{"start":{"line":8,"column":24},"end":{"line":8,"column":28}},"loc":{"start":{"line":8,"column":94},"end":{"line":31,"column":null}},"line":8}},"branchMap":{"0":{"loc":{"start":{"line":8,"column":53},"end":{"line":8,"column":94}},"type":"default-arg","locations":[{"start":{"line":8,"column":65},"end":{"line":8,"column":94}}],"line":8}},"s":{"0":10},"f":{"0":10},"b":{"0":[10]},"meta":{"lastBranch":1,"lastFunction":1,"lastStatement":1,"seen":{"f:8:24:8:28":0,"b:8:65:8:94":0,"s:9:2:29:Infinity":0}}}
,"C:\\Users\\ClaudioHigón\\.gemini\\antigravity\\scratch\\calendar\\src\\components\\Fab\\index.ts": {"path":"C:\\Users\\ClaudioHigón\\.gemini\\antigravity\\scratch\\calendar\\src\\components\\Fab\\index.ts","statementMap":{},"fnMap":{},"branchMap":{},"s":{},"f":{},"b":{},"meta":{"lastBranch":0,"lastFunction":0,"lastStatement":0,"seen":{}}}
,"C:\\Users\\ClaudioHigón\\.gemini\\antigravity\\scratch\\calendar\\src\\components\\MonthView\\MonthView.scss": {"path":"C:\\Users\\ClaudioHigón\\.gemini\\antigravity\\scratch\\calendar\\src\\components\\MonthView\\MonthView.scss","statementMap":{},"fnMap":{},"branchMap":{},"s":{},"f":{},"b":{},"meta":{"lastBranch":0,"lastFunction":0,"lastStatement":0,"seen":{}}}
,"C:\\Users\\ClaudioHigón\\.gemini\\antigravity\\scratch\\calendar\\src\\components\\MonthView\\MonthView.tsx": {"path":"C:\\Users\\ClaudioHigón\\.gemini\\antigravity\\scratch\\calendar\\src\\components\\MonthView\\MonthView.tsx","statementMap":{"0":{"start":{"line":19,"column":17},"end":{"line":19,"column":null}},"1":{"start":{"line":22,"column":8},"end":{"line":22,"column":null}},"2":{"start":{"line":22,"column":30},"end":{"line":22,"column":42}},"3":{"start":{"line":23,"column":8},"end":{"line":23,"column":null}},"4":{"start":{"line":24,"column":26},"end":{"line":24,"column":null}},"5":{"start":{"line":26,"column":15},"end":{"line":26,"column":null}},"6":{"start":{"line":27,"column":16},"end":{"line":27,"column":null}},"7":{"start":{"line":29,"column":8},"end":{"line":61,"column":null}},"8":{"start":{"line":30,"column":10},"end":{"line":30,"column":null}},"9":{"start":{"line":31,"column":10},"end":{"line":31,"column":null}},"10":{"start":{"line":32,"column":10},"end":{"line":32,"column":null}},"11":{"start":{"line":34,"column":65},"end":{"line":34,"column":null}},"12":{"start":{"line":36,"column":4},"end":{"line":41,"column":null}},"13":{"start":{"line":36,"column":17},"end":{"line":36,"column":31}},"14":{"start":{"line":37,"column":6},"end":{"line":40,"column":null}},"15":{"start":{"line":43,"column":4},"end":{"line":48,"column":null}},"16":{"start":{"line":43,"column":17},"end":{"line":43,"column":20}},"17":{"start":{"line":44,"column":6},"end":{"line":47,"column":null}},"18":{"start":{"line":50,"column":27},"end":{"line":50,"column":null}},"19":{"start":{"line":51,"column":10},"end":{"line":51,"column":null}},"20":{"start":{"line":53,"column":4},"end":{"line":58,"column":null}},"21":{"start":{"line":53,"column":17},"end":{"line":53,"column":20}},"22":{"start":{"line":54,"column":6},"end":{"line":57,"column":null}},"23":{"start":{"line":60,"column":4},"end":{"line":60,"column":null}},"24":{"start":{"line":63,"column":8},"end":{"line":70,"column":null}},"25":{"start":{"line":64,"column":16},"end":{"line":64,"column":null}},"26":{"start":{"line":65,"column":4},"end":{"line":68,"column":null}},"27":{"start":{"line":66,"column":23},"end":{"line":66,"column":null}},"28":{"start":{"line":67,"column":6},"end":{"line":67,"column":null}},"29":{"start":{"line":69,"column":4},"end":{"line":69,"column":null}},"30":{"start":{"line":72,"column":8},"end":{"line":74,"column":null}},"31":{"start":{"line":73,"column":4},"end":{"line":73,"column":null}},"32":{"start":{"line":76,"column":8},"end":{"line":85,"column":null}},"33":{"start":{"line":77,"column":4},"end":{"line":77,"column":null}},"34":{"start":{"line":77,"column":38},"end":{"line":77,"column":null}},"35":{"start":{"line":78,"column":22},"end":{"line":78,"column":null}},"36":{"start":{"line":79,"column":17},"end":{"line":79,"column":null}},"37":{"start":{"line":81,"column":4},"end":{"line":83,"column":null}},"38":{"start":{"line":82,"column":6},"end":{"line":82,"column":null}},"39":{"start":{"line":84,"column":4},"end":{"line":84,"column":null}},"40":{"start":{"line":87,"column":8},"end":{"line":96,"column":null}},"41":{"start":{"line":88,"column":20},"end":{"line":88,"column":null}},"42":{"start":{"line":89,"column":4},"end":{"line":91,"column":null}},"43":{"start":{"line":90,"column":6},"end":{"line":90,"column":null}},"44":{"start":{"line":92,"column":4},"end":{"line":94,"column":null}},"45":{"start":{"line":93,"column":6},"end":{"line":93,"column":null}},"46":{"start":{"line":95,"column":4},"end":{"line":95,"column":null}},"47":{"start":{"line":98,"column":2},"end":{"line":154,"column":null}},"48":{"start":{"line":107,"column":10},"end":{"line":107,"column":null}},"49":{"start":{"line":113,"column":10},"end":{"line":115,"column":null}},"50":{"start":{"line":114,"column":12},"end":{"line":114,"column":null}},"51":{"start":{"line":117,"column":16},"end":{"line":117,"column":null}},"52":{"start":{"line":118,"column":28},"end":{"line":118,"column":null}},"53":{"start":{"line":119,"column":32},"end":{"line":119,"column":null}},"54":{"start":{"line":120,"column":35},"end":{"line":120,"column":null}},"55":{"start":{"line":122,"column":10},"end":{"line":150,"column":null}},"56":{"start":{"line":126,"column":29},"end":{"line":126,"column":null}},"57":{"start":{"line":138,"column":18},"end":{"line":144,"column":null}}},"fnMap":{"0":{"name":"MonthView","decl":{"start":{"line":21,"column":24},"end":{"line":21,"column":34}},"loc":{"start":{"line":21,"column":101},"end":{"line":156,"column":null}},"line":21},"1":{"name":"(anonymous_1)","decl":{"start":{"line":22,"column":16},"end":{"line":22,"column":30}},"loc":{"start":{"line":22,"column":30},"end":{"line":22,"column":42}},"line":22},"2":{"name":"(anonymous_2)","decl":{"start":{"line":29,"column":23},"end":{"line":29,"column":37}},"loc":{"start":{"line":29,"column":37},"end":{"line":61,"column":5}},"line":29},"3":{"name":"(anonymous_3)","decl":{"start":{"line":63,"column":23},"end":{"line":63,"column":37}},"loc":{"start":{"line":63,"column":37},"end":{"line":70,"column":5}},"line":63},"4":{"name":"(anonymous_4)","decl":{"start":{"line":65,"column":11},"end":{"line":65,"column":20}},"loc":{"start":{"line":65,"column":30},"end":{"line":68,"column":5}},"line":65},"5":{"name":"(anonymous_5)","decl":{"start":{"line":72,"column":8},"end":{"line":72,"column":28}},"loc":{"start":{"line":72,"column":52},"end":{"line":74,"column":null}},"line":72},"6":{"name":"(anonymous_6)","decl":{"start":{"line":76,"column":8},"end":{"line":76,"column":26}},"loc":{"start":{"line":76,"column":50},"end":{"line":85,"column":null}},"line":76},"7":{"name":"(anonymous_7)","decl":{"start":{"line":87,"column":8},"end":{"line":87,"column":27}},"loc":{"start":{"line":87,"column":75},"end":{"line":96,"column":null}},"line":87},"8":{"name":"(anonymous_8)","decl":{"start":{"line":106,"column":18},"end":{"line":106,"column":23}},"loc":{"start":{"line":107,"column":10},"end":{"line":107,"column":null}},"line":107},"9":{"name":"(anonymous_9)","decl":{"start":{"line":112,"column":22},"end":{"line":112,"column":27}},"loc":{"start":{"line":112,"column":63},"end":{"line":152,"column":9}},"line":112},"10":{"name":"(anonymous_10)","decl":{"start":{"line":126,"column":14},"end":{"line":126,"column":29}},"loc":{"start":{"line":126,"column":29},"end":{"line":126,"column":null}},"line":126},"11":{"name":"(anonymous_11)","decl":{"start":{"line":137,"column":31},"end":{"line":137,"column":36}},"loc":{"start":{"line":138,"column":18},"end":{"line":144,"column":null}},"line":138}},"branchMap":{"0":{"loc":{"start":{"line":66,"column":23},"end":{"line":66,"column":null}},"type":"binary-expr","locations":[{"start":{"line":66,"column":23},"end":{"line":66,"column":46}},{"start":{"line":66,"column":46},"end":{"line":66,"column":null}}],"line":66},"1":{"loc":{"start":{"line":77,"column":4},"end":{"line":77,"column":null}},"type":"if","locations":[{"start":{"line":77,"column":4},"end":{"line":77,"column":null}},{"start":{},"end":{}}],"line":77},"2":{"loc":{"start":{"line":81,"column":4},"end":{"line":83,"column":null}},"type":"if","locations":[{"start":{"line":81,"column":4},"end":{"line":83,"column":null}},{"start":{},"end":{}}],"line":81},"3":{"loc":{"start":{"line":82,"column":17},"end":{"line":82,"column":34}},"type":"cond-expr","locations":[{"start":{"line":82,"column":28},"end":{"line":82,"column":32}},{"start":{"line":82,"column":32},"end":{"line":82,"column":34}}],"line":82},"4":{"loc":{"start":{"line":89,"column":4},"end":{"line":91,"column":null}},"type":"if","locations":[{"start":{"line":89,"column":4},"end":{"line":91,"column":null}},{"start":{},"end":{}}],"line":89},"5":{"loc":{"start":{"line":92,"column":4},"end":{"line":94,"column":null}},"type":"if","locations":[{"start":{"line":92,"column":4},"end":{"line":94,"column":null}},{"start":{},"end":{}}],"line":92},"6":{"loc":{"start":{"line":113,"column":10},"end":{"line":115,"column":null}},"type":"if","locations":[{"start":{"line":113,"column":10},"end":{"line":115,"column":null}},{"start":{},"end":{}}],"line":113},"7":{"loc":{"start":{"line":118,"column":28},"end":{"line":118,"column":null}},"type":"binary-expr","locations":[{"start":{"line":118,"column":28},"end":{"line":118,"column":57}},{"start":{"line":118,"column":57},"end":{"line":118,"column":null}}],"line":118},"8":{"loc":{"start":{"line":146,"column":17},"end":{"line":149,"column":null}},"type":"binary-expr","locations":[{"start":{"line":146,"column":17},"end":{"line":146,"column":null}},{"start":{"line":147,"column":18},"end":{"line":149,"column":null}}],"line":146}},"s":{"0":3,"1":18,"2":11,"3":18,"4":18,"5":18,"6":18,"7":18,"8":11,"9":11,"10":11,"11":11,"12":11,"13":11,"14":44,"15":11,"16":11,"17":341,"18":11,"19":11,"20":11,"21":11,"22":0,"23":11,"24":18,"25":13,"26":13,"27":50,"28":50,"29":13,"30":18,"31":0,"32":18,"33":0,"34":0,"35":0,"36":0,"37":0,"38":0,"39":0,"40":18,"41":558,"42":558,"43":18,"44":558,"45":180,"46":558,"47":18,"48":126,"49":630,"50":72,"51":558,"52":558,"53":630,"54":630,"55":630,"56":4,"57":84},"f":{"0":18,"1":11,"2":11,"3":13,"4":50,"5":0,"6":0,"7":558,"8":126,"9":630,"10":4,"11":84},"b":{"0":[50,22],"1":[0,0],"2":[0,0],"3":[0,0],"4":[18,540],"5":[180,378],"6":[72,558],"7":[558,516],"8":[630,11]},"meta":{"lastBranch":9,"lastFunction":12,"lastStatement":58,"seen":{"s:19:17:19:Infinity":0,"f:21:24:21:34":0,"s:22:8:22:Infinity":1,"f:22:16:22:30":1,"s:22:30:22:42":2,"s:23:8:23:Infinity":3,"s:24:26:24:Infinity":4,"s:26:15:26:Infinity":5,"s:27:16:27:Infinity":6,"s:29:8:61:Infinity":7,"f:29:23:29:37":2,"s:30:10:30:Infinity":8,"s:31:10:31:Infinity":9,"s:32:10:32:Infinity":10,"s:34:65:34:Infinity":11,"s:36:4:41:Infinity":12,"s:36:17:36:31":13,"s:37:6:40:Infinity":14,"s:43:4:48:Infinity":15,"s:43:17:43:20":16,"s:44:6:47:Infinity":17,"s:50:27:50:Infinity":18,"s:51:10:51:Infinity":19,"s:53:4:58:Infinity":20,"s:53:17:53:20":21,"s:54:6:57:Infinity":22,"s:60:4:60:Infinity":23,"s:63:8:70:Infinity":24,"f:63:23:63:37":3,"s:64:16:64:Infinity":25,"s:65:4:68:Infinity":26,"f:65:11:65:20":4,"s:66:23:66:Infinity":27,"b:66:23:66:46:66:46:66:Infinity":0,"s:67:6:67:Infinity":28,"s:69:4:69:Infinity":29,"s:72:8:74:Infinity":30,"f:72:8:72:28":5,"s:73:4:73:Infinity":31,"s:76:8:85:Infinity":32,"f:76:8:76:26":6,"b:77:4:77:Infinity:undefined:undefined:undefined:undefined":1,"s:77:4:77:Infinity":33,"s:77:38:77:Infinity":34,"s:78:22:78:Infinity":35,"s:79:17:79:Infinity":36,"b:81:4:83:Infinity:undefined:undefined:undefined:undefined":2,"s:81:4:83:Infinity":37,"s:82:6:82:Infinity":38,"b:82:28:82:32:82:32:82:34":3,"s:84:4:84:Infinity":39,"s:87:8:96:Infinity":40,"f:87:8:87:27":7,"s:88:20:88:Infinity":41,"b:89:4:91:Infinity:undefined:undefined:undefined:undefined":4,"s:89:4:91:Infinity":42,"s:90:6:90:Infinity":43,"b:92:4:94:Infinity:undefined:undefined:undefined:undefined":5,"s:92:4:94:Infinity":44,"s:93:6:93:Infinity":45,"s:95:4:95:Infinity":46,"s:98:2:154:Infinity":47,"f:106:18:106:23":8,"s:107:10:107:Infinity":48,"f:112:22:112:27":9,"b:113:10:115:Infinity:undefined:undefined:undefined:undefined":6,"s:113:10:115:Infinity":49,"s:114:12:114:Infinity":50,"s:117:16:117:Infinity":51,"s:118:28:118:Infinity":52,"b:118:28:118:57:118:57:118:Infinity":7,"s:119:32:119:Infinity":53,"s:120:35:120:Infinity":54,"s:122:10:150:Infinity":55,"f:126:14:126:29":10,"s:126:29:126:Infinity":56,"f:137:31:137:36":11,"s:138:18:144:Infinity":57,"b:146:17:146:Infinity:147:18:149:Infinity":8}}}
,"C:\\Users\\ClaudioHigón\\.gemini\\antigravity\\scratch\\calendar\\src\\components\\MonthView\\index.ts": {"path":"C:\\Users\\ClaudioHigón\\.gemini\\antigravity\\scratch\\calendar\\src\\components\\MonthView\\index.ts","statementMap":{},"fnMap":{},"branchMap":{},"s":{},"f":{},"b":{},"meta":{"lastBranch":0,"lastFunction":0,"lastStatement":0,"seen":{}}}
,"C:\\Users\\ClaudioHigón\\.gemini\\antigravity\\scratch\\calendar\\src\\components\\ViewSelector\\ViewSelector.scss": {"path":"C:\\Users\\ClaudioHigón\\.gemini\\antigravity\\scratch\\calendar\\src\\components\\ViewSelector\\ViewSelector.scss","statementMap":{},"fnMap":{},"branchMap":{},"s":{},"f":{},"b":{},"meta":{"lastBranch":0,"lastFunction":0,"lastStatement":0,"seen":{}}}
,"C:\\Users\\ClaudioHigón\\.gemini\\antigravity\\scratch\\calendar\\src\\components\\ViewSelector\\ViewSelector.tsx": {"path":"C:\\Users\\ClaudioHigón\\.gemini\\antigravity\\scratch\\calendar\\src\\components\\ViewSelector\\ViewSelector.tsx","statementMap":{"0":{"start":{"line":9,"column":49},"end":{"line":13,"column":null}},"1":{"start":{"line":16,"column":2},"end":{"line":31,"column":null}},"2":{"start":{"line":20,"column":10},"end":{"line":28,"column":null}},"3":{"start":{"line":23,"column":27},"end":{"line":23,"column":null}}},"fnMap":{"0":{"name":"ViewSelector","decl":{"start":{"line":15,"column":24},"end":{"line":15,"column":37}},"loc":{"start":{"line":15,"column":83},"end":{"line":33,"column":null}},"line":15},"1":{"name":"(anonymous_1)","decl":{"start":{"line":19,"column":15},"end":{"line":19,"column":20}},"loc":{"start":{"line":20,"column":10},"end":{"line":28,"column":null}},"line":20},"2":{"name":"(anonymous_2)","decl":{"start":{"line":23,"column":12},"end":{"line":23,"column":27}},"loc":{"start":{"line":23,"column":27},"end":{"line":23,"column":null}},"line":23}},"branchMap":{"0":{"loc":{"start":{"line":22,"column":45},"end":{"line":22,"column":null}},"type":"cond-expr","locations":[{"start":{"line":22,"column":71},"end":{"line":22,"column":102}},{"start":{"line":22,"column":102},"end":{"line":22,"column":null}}],"line":22}},"s":{"0":2,"1":8,"2":24,"3":1},"f":{"0":8,"1":24,"2":1},"b":{"0":[8,16]},"meta":{"lastBranch":1,"lastFunction":3,"lastStatement":4,"seen":{"s:9:49:13:Infinity":0,"f:15:24:15:37":0,"s:16:2:31:Infinity":1,"f:19:15:19:20":1,"s:20:10:28:Infinity":2,"b:22:71:22:102:22:102:22:Infinity":0,"f:23:12:23:27":2,"s:23:27:23:Infinity":3}}}
,"C:\\Users\\ClaudioHigón\\.gemini\\antigravity\\scratch\\calendar\\src\\components\\ViewSelector\\index.ts": {"path":"C:\\Users\\ClaudioHigón\\.gemini\\antigravity\\scratch\\calendar\\src\\components\\ViewSelector\\index.ts","statementMap":{},"fnMap":{},"branchMap":{},"s":{},"f":{},"b":{},"meta":{"lastBranch":0,"lastFunction":0,"lastStatement":0,"seen":{}}}
,"C:\\Users\\ClaudioHigón\\.gemini\\antigravity\\scratch\\calendar\\src\\components\\WeekView\\WeekView.scss": {"path":"C:\\Users\\ClaudioHigón\\.gemini\\antigravity\\scratch\\calendar\\src\\components\\WeekView\\WeekView.scss","statementMap":{},"fnMap":{},"branchMap":{},"s":{},"f":{},"b":{},"meta":{"lastBranch":0,"lastFunction":0,"lastStatement":0,"seen":{}}}
,"C:\\Users\\ClaudioHigón\\.gemini\\antigravity\\scratch\\calendar\\src\\components\\WeekView\\WeekView.tsx": {"path":"C:\\Users\\ClaudioHigón\\.gemini\\antigravity\\scratch\\calendar\\src\\components\\WeekView\\WeekView.tsx","statementMap":{"0":{"start":{"line":19,"column":23},"end":{"line":19,"column":null}},"1":{"start":{"line":20,"column":14},"end":{"line":20,"column":null}},"2":{"start":{"line":20,"column":51},"end":{"line":20,"column":52}},"3":{"start":{"line":23,"column":8},"end":{"line":23,"column":null}},"4":{"start":{"line":23,"column":30},"end":{"line":23,"column":42}},"5":{"start":{"line":24,"column":8},"end":{"line":24,"column":null}},"6":{"start":{"line":25,"column":8},"end":{"line":25,"column":null}},"7":{"start":{"line":26,"column":26},"end":{"line":26,"column":null}},"8":{"start":{"line":28,"column":8},"end":{"line":28,"column":null}},"9":{"start":{"line":28,"column":22},"end":{"line":28,"column":65}},"10":{"start":{"line":29,"column":8},"end":{"line":29,"column":null}},"11":{"start":{"line":29,"column":19},"end":{"line":29,"column":59}},"12":{"start":{"line":32,"column":2},"end":{"line":39,"column":null}},"13":{"start":{"line":33,"column":4},"end":{"line":38,"column":null}},"14":{"start":{"line":34,"column":18},"end":{"line":34,"column":null}},"15":{"start":{"line":35,"column":26},"end":{"line":35,"column":null}},"16":{"start":{"line":36,"column":29},"end":{"line":36,"column":null}},"17":{"start":{"line":37,"column":6},"end":{"line":37,"column":null}},"18":{"start":{"line":41,"column":8},"end":{"line":43,"column":null}},"19":{"start":{"line":42,"column":4},"end":{"line":42,"column":null}},"20":{"start":{"line":45,"column":8},"end":{"line":54,"column":null}},"21":{"start":{"line":46,"column":4},"end":{"line":46,"column":null}},"22":{"start":{"line":46,"column":38},"end":{"line":46,"column":null}},"23":{"start":{"line":47,"column":22},"end":{"line":47,"column":null}},"24":{"start":{"line":48,"column":17},"end":{"line":48,"column":null}},"25":{"start":{"line":50,"column":4},"end":{"line":52,"column":null}},"26":{"start":{"line":51,"column":6},"end":{"line":51,"column":null}},"27":{"start":{"line":53,"column":4},"end":{"line":53,"column":null}},"28":{"start":{"line":56,"column":8},"end":{"line":69,"column":null}},"29":{"start":{"line":57,"column":29},"end":{"line":57,"column":null}},"30":{"start":{"line":58,"column":17},"end":{"line":58,"column":null}},"31":{"start":{"line":60,"column":17},"end":{"line":60,"column":null}},"32":{"start":{"line":61,"column":23},"end":{"line":61,"column":null}},"33":{"start":{"line":62,"column":19},"end":{"line":62,"column":null}},"34":{"start":{"line":64,"column":4},"end":{"line":68,"column":null}},"35":{"start":{"line":71,"column":2},"end":{"line":145,"column":null}},"36":{"start":{"line":83,"column":12},"end":{"line":92,"column":null}},"37":{"start":{"line":86,"column":29},"end":{"line":86,"column":null}},"38":{"start":{"line":103,"column":14},"end":{"line":105,"column":null}},"39":{"start":{"line":113,"column":14},"end":{"line":113,"column":null}},"40":{"start":{"line":119,"column":22},"end":{"line":119,"column":null}},"41":{"start":{"line":120,"column":34},"end":{"line":120,"column":null}},"42":{"start":{"line":120,"column":53},"end":{"line":120,"column":71}},"43":{"start":{"line":122,"column":16},"end":{"line":138,"column":null}},"44":{"start":{"line":125,"column":22},"end":{"line":136,"column":null}},"45":{"start":{"line":130,"column":26},"end":{"line":130,"column":null}},"46":{"start":{"line":131,"column":26},"end":{"line":131,"column":null}}},"fnMap":{"0":{"name":"(anonymous_0)","decl":{"start":{"line":20,"column":38},"end":{"line":20,"column":42}},"loc":{"start":{"line":20,"column":51},"end":{"line":20,"column":52}},"line":20},"1":{"name":"WeekView","decl":{"start":{"line":22,"column":24},"end":{"line":22,"column":33}},"loc":{"start":{"line":22,"column":99},"end":{"line":147,"column":null}},"line":22},"2":{"name":"(anonymous_2)","decl":{"start":{"line":23,"column":16},"end":{"line":23,"column":30}},"loc":{"start":{"line":23,"column":30},"end":{"line":23,"column":42}},"line":23},"3":{"name":"(anonymous_3)","decl":{"start":{"line":28,"column":22},"end":{"line":28,"column":36}},"loc":{"start":{"line":28,"column":22},"end":{"line":28,"column":65}},"line":28},"4":{"name":"(anonymous_4)","decl":{"start":{"line":29,"column":19},"end":{"line":29,"column":33}},"loc":{"start":{"line":29,"column":19},"end":{"line":29,"column":59}},"line":29},"5":{"name":"(anonymous_5)","decl":{"start":{"line":32,"column":2},"end":{"line":32,"column":18}},"loc":{"start":{"line":32,"column":18},"end":{"line":39,"column":5}},"line":32},"6":{"name":"(anonymous_6)","decl":{"start":{"line":41,"column":8},"end":{"line":41,"column":28}},"loc":{"start":{"line":41,"column":52},"end":{"line":43,"column":null}},"line":41},"7":{"name":"(anonymous_7)","decl":{"start":{"line":45,"column":8},"end":{"line":45,"column":26}},"loc":{"start":{"line":45,"column":50},"end":{"line":54,"column":null}},"line":45},"8":{"name":"(anonymous_8)","decl":{"start":{"line":56,"column":8},"end":{"line":56,"column":25}},"loc":{"start":{"line":56,"column":50},"end":{"line":69,"column":null}},"line":56},"9":{"name":"(anonymous_9)","decl":{"start":{"line":82,"column":20},"end":{"line":82,"column":25}},"loc":{"start":{"line":83,"column":12},"end":{"line":92,"column":null}},"line":83},"10":{"name":"(anonymous_10)","decl":{"start":{"line":86,"column":14},"end":{"line":86,"column":29}},"loc":{"start":{"line":86,"column":29},"end":{"line":86,"column":null}},"line":86},"11":{"name":"(anonymous_11)","decl":{"start":{"line":102,"column":19},"end":{"line":102,"column":23}},"loc":{"start":{"line":103,"column":14},"end":{"line":105,"column":null}},"line":103},"12":{"name":"(anonymous_12)","decl":{"start":{"line":112,"column":19},"end":{"line":112,"column":23}},"loc":{"start":{"line":113,"column":14},"end":{"line":113,"column":null}},"line":113},"13":{"name":"(anonymous_13)","decl":{"start":{"line":118,"column":24},"end":{"line":118,"column":29}},"loc":{"start":{"line":118,"column":45},"end":{"line":140,"column":15}},"line":118},"14":{"name":"(anonymous_14)","decl":{"start":{"line":120,"column":41},"end":{"line":120,"column":48}},"loc":{"start":{"line":120,"column":53},"end":{"line":120,"column":71}},"line":120},"15":{"name":"(anonymous_15)","decl":{"start":{"line":124,"column":31},"end":{"line":124,"column":35}},"loc":{"start":{"line":125,"column":22},"end":{"line":136,"column":null}},"line":125},"16":{"name":"(anonymous_16)","decl":{"start":{"line":129,"column":24},"end":{"line":129,"column":34}},"loc":{"start":{"line":129,"column":40},"end":{"line":132,"column":null}},"line":129}},"branchMap":{"0":{"loc":{"start":{"line":33,"column":4},"end":{"line":38,"column":null}},"type":"if","locations":[{"start":{"line":33,"column":4},"end":{"line":38,"column":null}},{"start":{},"end":{}}],"line":33},"1":{"loc":{"start":{"line":46,"column":4},"end":{"line":46,"column":null}},"type":"if","locations":[{"start":{"line":46,"column":4},"end":{"line":46,"column":null}},{"start":{},"end":{}}],"line":46},"2":{"loc":{"start":{"line":50,"column":4},"end":{"line":52,"column":null}},"type":"if","locations":[{"start":{"line":50,"column":4},"end":{"line":52,"column":null}},{"start":{},"end":{}}],"line":50},"3":{"loc":{"start":{"line":51,"column":17},"end":{"line":51,"column":34}},"type":"cond-expr","locations":[{"start":{"line":51,"column":28},"end":{"line":51,"column":32}},{"start":{"line":51,"column":32},"end":{"line":51,"column":34}}],"line":51},"4":{"loc":{"start":{"line":58,"column":26},"end":{"line":58,"column":70}},"type":"binary-expr","locations":[{"start":{"line":58,"column":26},"end":{"line":58,"column":43}},{"start":{"line":58,"column":43},"end":{"line":58,"column":70}}],"line":58},"5":{"loc":{"start":{"line":85,"column":25},"end":{"line":85,"column":null}},"type":"cond-expr","locations":[{"start":{"line":85,"column":78},"end":{"line":85,"column":115}},{"start":{"line":85,"column":115},"end":{"line":85,"column":null}}],"line":85},"6":{"loc":{"start":{"line":89,"column":31},"end":{"line":89,"column":null}},"type":"cond-expr","locations":[{"start":{"line":89,"column":73},"end":{"line":89,"column":108}},{"start":{"line":89,"column":108},"end":{"line":89,"column":null}}],"line":89}},"s":{"0":3,"1":3,"2":72,"3":6,"4":5,"5":6,"6":6,"7":6,"8":6,"9":6,"10":6,"11":6,"12":6,"13":5,"14":5,"15":5,"16":5,"17":5,"18":6,"19":0,"20":6,"21":0,"22":0,"23":0,"24":0,"25":0,"26":0,"27":0,"28":6,"29":1,"30":1,"31":1,"32":1,"33":1,"34":1,"35":6,"36":42,"37":1,"38":144,"39":144,"40":42,"41":42,"42":7,"43":42,"44":1,"45":0,"46":0},"f":{"0":72,"1":6,"2":5,"3":6,"4":6,"5":5,"6":0,"7":0,"8":1,"9":42,"10":1,"11":144,"12":144,"13":42,"14":7,"15":1,"16":0},"b":{"0":[5,0],"1":[0,0],"2":[0,0],"3":[0,0],"4":[1,0],"5":[5,37],"6":[12,30]},"meta":{"lastBranch":7,"lastFunction":17,"lastStatement":47,"seen":{"s:19:23:19:Infinity":0,"s:20:14:20:Infinity":1,"f:20:38:20:42":0,"s:20:51:20:52":2,"f:22:24:22:33":1,"s:23:8:23:Infinity":3,"f:23:16:23:30":2,"s:23:30:23:42":4,"s:24:8:24:Infinity":5,"s:25:8:25:Infinity":6,"s:26:26:26:Infinity":7,"s:28:8:28:Infinity":8,"f:28:22:28:36":3,"s:28:22:28:65":9,"s:29:8:29:Infinity":10,"f:29:19:29:33":4,"s:29:19:29:59":11,"s:32:2:39:Infinity":12,"f:32:2:32:18":5,"b:33:4:38:Infinity:undefined:undefined:undefined:undefined":0,"s:33:4:38:Infinity":13,"s:34:18:34:Infinity":14,"s:35:26:35:Infinity":15,"s:36:29:36:Infinity":16,"s:37:6:37:Infinity":17,"s:41:8:43:Infinity":18,"f:41:8:41:28":6,"s:42:4:42:Infinity":19,"s:45:8:54:Infinity":20,"f:45:8:45:26":7,"b:46:4:46:Infinity:undefined:undefined:undefined:undefined":1,"s:46:4:46:Infinity":21,"s:46:38:46:Infinity":22,"s:47:22:47:Infinity":23,"s:48:17:48:Infinity":24,"b:50:4:52:Infinity:undefined:undefined:undefined:undefined":2,"s:50:4:52:Infinity":25,"s:51:6:51:Infinity":26,"b:51:28:51:32:51:32:51:34":3,"s:53:4:53:Infinity":27,"s:56:8:69:Infinity":28,"f:56:8:56:25":8,"s:57:29:57:Infinity":29,"s:58:17:58:Infinity":30,"b:58:26:58:43:58:43:58:70":4,"s:60:17:60:Infinity":31,"s:61:23:61:Infinity":32,"s:62:19:62:Infinity":33,"s:64:4:68:Infinity":34,"s:71:2:145:Infinity":35,"f:82:20:82:25":9,"s:83:12:92:Infinity":36,"b:85:78:85:115:85:115:85:Infinity":5,"f:86:14:86:29":10,"s:86:29:86:Infinity":37,"b:89:73:89:108:89:108:89:Infinity":6,"f:102:19:102:23":11,"s:103:14:105:Infinity":38,"f:112:19:112:23":12,"s:113:14:113:Infinity":39,"f:118:24:118:29":13,"s:119:22:119:Infinity":40,"s:120:34:120:Infinity":41,"f:120:41:120:48":14,"s:120:53:120:71":42,"s:122:16:138:Infinity":43,"f:124:31:124:35":15,"s:125:22:136:Infinity":44,"f:129:24:129:34":16,"s:130:26:130:Infinity":45,"s:131:26:131:Infinity":46}}}
,"C:\\Users\\ClaudioHigón\\.gemini\\antigravity\\scratch\\calendar\\src\\components\\WeekView\\index.ts": {"path":"C:\\Users\\ClaudioHigón\\.gemini\\antigravity\\scratch\\calendar\\src\\components\\WeekView\\index.ts","statementMap":{},"fnMap":{},"branchMap":{},"s":{},"f":{},"b":{},"meta":{"lastBranch":0,"lastFunction":0,"lastStatement":0,"seen":{}}}
,"C:\\Users\\ClaudioHigón\\.gemini\\antigravity\\scratch\\calendar\\src\\components\\YearView\\YearView.scss": {"path":"C:\\Users\\ClaudioHigón\\.gemini\\antigravity\\scratch\\calendar\\src\\components\\YearView\\YearView.scss","statementMap":{},"fnMap":{},"branchMap":{},"s":{},"f":{},"b":{},"meta":{"lastBranch":0,"lastFunction":0,"lastStatement":0,"seen":{}}}
,"C:\\Users\\ClaudioHigón\\.gemini\\antigravity\\scratch\\calendar\\src\\components\\YearView\\YearView.tsx": {"path":"C:\\Users\\ClaudioHigón\\.gemini\\antigravity\\scratch\\calendar\\src\\components\\YearView\\YearView.tsx","statementMap":{"0":{"start":{"line":15,"column":26},"end":{"line":15,"column":null}},"1":{"start":{"line":18,"column":15},"end":{"line":18,"column":null}},"2":{"start":{"line":19,"column":8},"end":{"line":19,"column":null}},"3":{"start":{"line":19,"column":31},"end":{"line":19,"column":72}},"4":{"start":{"line":19,"column":68},"end":{"line":19,"column":69}},"5":{"start":{"line":20,"column":8},"end":{"line":20,"column":null}},"6":{"start":{"line":21,"column":26},"end":{"line":21,"column":null}},"7":{"start":{"line":23,"column":8},"end":{"line":25,"column":null}},"8":{"start":{"line":24,"column":4},"end":{"line":24,"column":null}},"9":{"start":{"line":27,"column":8},"end":{"line":36,"column":null}},"10":{"start":{"line":28,"column":4},"end":{"line":28,"column":null}},"11":{"start":{"line":28,"column":38},"end":{"line":28,"column":null}},"12":{"start":{"line":29,"column":22},"end":{"line":29,"column":null}},"13":{"start":{"line":30,"column":17},"end":{"line":30,"column":null}},"14":{"start":{"line":32,"column":4},"end":{"line":34,"column":null}},"15":{"start":{"line":33,"column":6},"end":{"line":33,"column":null}},"16":{"start":{"line":35,"column":4},"end":{"line":35,"column":null}},"17":{"start":{"line":38,"column":2},"end":{"line":55,"column":null}},"18":{"start":{"line":47,"column":10},"end":{"line":52,"column":null}},"19":{"start":{"line":51,"column":27},"end":{"line":51,"column":null}},"20":{"start":{"line":66,"column":8},"end":{"line":69,"column":null}},"21":{"start":{"line":67,"column":17},"end":{"line":67,"column":null}},"22":{"start":{"line":68,"column":4},"end":{"line":68,"column":null}},"23":{"start":{"line":71,"column":8},"end":{"line":87,"column":null}},"24":{"start":{"line":72,"column":10},"end":{"line":72,"column":null}},"25":{"start":{"line":73,"column":10},"end":{"line":73,"column":null}},"26":{"start":{"line":74,"column":41},"end":{"line":74,"column":null}},"27":{"start":{"line":77,"column":4},"end":{"line":79,"column":null}},"28":{"start":{"line":77,"column":17},"end":{"line":77,"column":20}},"29":{"start":{"line":78,"column":6},"end":{"line":78,"column":null}},"30":{"start":{"line":82,"column":4},"end":{"line":84,"column":null}},"31":{"start":{"line":82,"column":17},"end":{"line":82,"column":20}},"32":{"start":{"line":83,"column":6},"end":{"line":83,"column":null}},"33":{"start":{"line":86,"column":4},"end":{"line":86,"column":null}},"34":{"start":{"line":89,"column":2},"end":{"line":110,"column":null}},"35":{"start":{"line":94,"column":10},"end":{"line":94,"column":null}},"36":{"start":{"line":99,"column":31},"end":{"line":99,"column":null}},"37":{"start":{"line":100,"column":10},"end":{"line":106,"column":null}}},"fnMap":{"0":{"name":"YearView","decl":{"start":{"line":17,"column":24},"end":{"line":17,"column":33}},"loc":{"start":{"line":17,"column":92},"end":{"line":57,"column":null}},"line":17},"1":{"name":"(anonymous_1)","decl":{"start":{"line":19,"column":17},"end":{"line":19,"column":31}},"loc":{"start":{"line":19,"column":31},"end":{"line":19,"column":72}},"line":19},"2":{"name":"(anonymous_2)","decl":{"start":{"line":19,"column":55},"end":{"line":19,"column":59}},"loc":{"start":{"line":19,"column":68},"end":{"line":19,"column":69}},"line":19},"3":{"name":"(anonymous_3)","decl":{"start":{"line":23,"column":8},"end":{"line":23,"column":28}},"loc":{"start":{"line":23,"column":52},"end":{"line":25,"column":null}},"line":23},"4":{"name":"(anonymous_4)","decl":{"start":{"line":27,"column":8},"end":{"line":27,"column":26}},"loc":{"start":{"line":27,"column":50},"end":{"line":36,"column":null}},"line":27},"5":{"name":"(anonymous_5)","decl":{"start":{"line":46,"column":16},"end":{"line":46,"column":21}},"loc":{"start":{"line":47,"column":10},"end":{"line":52,"column":null}},"line":47},"6":{"name":"(anonymous_6)","decl":{"start":{"line":51,"column":12},"end":{"line":51,"column":27}},"loc":{"start":{"line":51,"column":27},"end":{"line":51,"column":null}},"line":51},"7":{"name":"MiniMonth","decl":{"start":{"line":65,"column":9},"end":{"line":65,"column":19}},"loc":{"start":{"line":65,"column":61},"end":{"line":112,"column":null}},"line":65},"8":{"name":"(anonymous_8)","decl":{"start":{"line":66,"column":20},"end":{"line":66,"column":34}},"loc":{"start":{"line":66,"column":34},"end":{"line":69,"column":5}},"line":66},"9":{"name":"(anonymous_9)","decl":{"start":{"line":71,"column":15},"end":{"line":71,"column":29}},"loc":{"start":{"line":71,"column":29},"end":{"line":87,"column":5}},"line":71},"10":{"name":"(anonymous_10)","decl":{"start":{"line":93,"column":27},"end":{"line":93,"column":32}},"loc":{"start":{"line":94,"column":10},"end":{"line":94,"column":null}},"line":94},"11":{"name":"(anonymous_11)","decl":{"start":{"line":98,"column":14},"end":{"line":98,"column":19}},"loc":{"start":{"line":98,"column":30},"end":{"line":108,"column":9}},"line":98}},"branchMap":{"0":{"loc":{"start":{"line":28,"column":4},"end":{"line":28,"column":null}},"type":"if","locations":[{"start":{"line":28,"column":4},"end":{"line":28,"column":null}},{"start":{},"end":{}}],"line":28},"1":{"loc":{"start":{"line":32,"column":4},"end":{"line":34,"column":null}},"type":"if","locations":[{"start":{"line":32,"column":4},"end":{"line":34,"column":null}},{"start":{},"end":{}}],"line":32},"2":{"loc":{"start":{"line":33,"column":17},"end":{"line":33,"column":36}},"type":"cond-expr","locations":[{"start":{"line":33,"column":28},"end":{"line":33,"column":33}},{"start":{"line":33,"column":33},"end":{"line":33,"column":36}}],"line":33},"3":{"loc":{"start":{"line":99,"column":31},"end":{"line":99,"column":null}},"type":"cond-expr","locations":[{"start":{"line":99,"column":31},"end":{"line":99,"column":77}},{"start":{"line":99,"column":77},"end":{"line":99,"column":null}}],"line":99},"4":{"loc":{"start":{"line":103,"column":44},"end":{"line":103,"column":null}},"type":"cond-expr","locations":[{"start":{"line":103,"column":59},"end":{"line":103,"column":88}},{"start":{"line":103,"column":88},"end":{"line":103,"column":null}}],"line":103}},"s":{"0":3,"1":6,"2":6,"3":5,"4":60,"5":6,"6":6,"7":6,"8":1,"9":6,"10":1,"11":0,"12":1,"13":1,"14":1,"15":1,"16":1,"17":6,"18":72,"19":1,"20":72,"21":60,"22":60,"23":72,"24":60,"25":60,"26":60,"27":60,"28":60,"29":195,"30":60,"31":60,"32":1825,"33":60,"34":72,"35":504,"36":2424,"37":2424},"f":{"0":6,"1":5,"2":60,"3":1,"4":1,"5":72,"6":1,"7":72,"8":60,"9":60,"10":504,"11":2424},"b":{"0":[0,1],"1":[1,0],"2":[1,0],"3":[2190,234],"4":[624,1800]},"meta":{"lastBranch":5,"lastFunction":12,"lastStatement":38,"seen":{"s:15:26:15:Infinity":0,"f:17:24:17:33":0,"s:18:15:18:Infinity":1,"s:19:8:19:Infinity":2,"f:19:17:19:31":1,"s:19:31:19:72":3,"f:19:55:19:59":2,"s:19:68:19:69":4,"s:20:8:20:Infinity":5,"s:21:26:21:Infinity":6,"s:23:8:25:Infinity":7,"f:23:8:23:28":3,"s:24:4:24:Infinity":8,"s:27:8:36:Infinity":9,"f:27:8:27:26":4,"b:28:4:28:Infinity:undefined:undefined:undefined:undefined":0,"s:28:4:28:Infinity":10,"s:28:38:28:Infinity":11,"s:29:22:29:Infinity":12,"s:30:17:30:Infinity":13,"b:32:4:34:Infinity:undefined:undefined:undefined:undefined":1,"s:32:4:34:Infinity":14,"s:33:6:33:Infinity":15,"b:33:28:33:33:33:33:33:36":2,"s:35:4:35:Infinity":16,"s:38:2:55:Infinity":17,"f:46:16:46:21":5,"s:47:10:52:Infinity":18,"f:51:12:51:27":6,"s:51:27:51:Infinity":19,"f:65:9:65:19":7,"s:66:8:69:Infinity":20,"f:66:20:66:34":8,"s:67:17:67:Infinity":21,"s:68:4:68:Infinity":22,"s:71:8:87:Infinity":23,"f:71:15:71:29":9,"s:72:10:72:Infinity":24,"s:73:10:73:Infinity":25,"s:74:41:74:Infinity":26,"s:77:4:79:Infinity":27,"s:77:17:77:20":28,"s:78:6:78:Infinity":29,"s:82:4:84:Infinity":30,"s:82:17:82:20":31,"s:83:6:83:Infinity":32,"s:86:4:86:Infinity":33,"s:89:2:110:Infinity":34,"f:93:27:93:32":10,"s:94:10:94:Infinity":35,"f:98:14:98:19":11,"s:99:31:99:Infinity":36,"b:99:31:99:77:99:77:99:Infinity":3,"s:100:10:106:Infinity":37,"b:103:59:103:88:103:88:103:Infinity":4}}}
,"C:\\Users\\ClaudioHigón\\.gemini\\antigravity\\scratch\\calendar\\src\\components\\YearView\\index.ts": {"path":"C:\\Users\\ClaudioHigón\\.gemini\\antigravity\\scratch\\calendar\\src\\components\\YearView\\index.ts","statementMap":{},"fnMap":{},"branchMap":{},"s":{},"f":{},"b":{},"meta":{"lastBranch":0,"lastFunction":0,"lastStatement":0,"seen":{}}}
,"C:\\Users\\ClaudioHigón\\.gemini\\antigravity\\scratch\\calendar\\src\\utils\\dateUtils.ts": {"path":"C:\\Users\\ClaudioHigón\\.gemini\\antigravity\\scratch\\calendar\\src\\utils\\dateUtils.ts","statementMap":{"0":{"start":{"line":4,"column":13},"end":{"line":7,"column":null}},"1":{"start":{"line":5,"column":2},"end":{"line":7,"column":null}},"2":{"start":{"line":12,"column":13},"end":{"line":14,"column":null}},"3":{"start":{"line":13,"column":2},"end":{"line":13,"column":null}},"4":{"start":{"line":19,"column":13},"end":{"line":20,"column":null}},"5":{"start":{"line":20,"column":2},"end":{"line":20,"column":null}},"6":{"start":{"line":25,"column":13},"end":{"line":28,"column":null}},"7":{"start":{"line":26,"column":14},"end":{"line":26,"column":null}},"8":{"start":{"line":27,"column":2},"end":{"line":27,"column":null}},"9":{"start":{"line":33,"column":13},"end":{"line":35,"column":null}},"10":{"start":{"line":34,"column":2},"end":{"line":34,"column":null}},"11":{"start":{"line":40,"column":13},"end":{"line":47,"column":null}},"12":{"start":{"line":41,"column":2},"end":{"line":46,"column":null}},"13":{"start":{"line":51,"column":13},"end":{"line":54,"column":null}},"14":{"start":{"line":52,"column":14},"end":{"line":52,"column":null}},"15":{"start":{"line":53,"column":2},"end":{"line":53,"column":null}},"16":{"start":{"line":59,"column":13},"end":{"line":66,"column":null}},"17":{"start":{"line":60,"column":14},"end":{"line":60,"column":null}},"18":{"start":{"line":61,"column":15},"end":{"line":61,"column":null}},"19":{"start":{"line":62,"column":16},"end":{"line":62,"column":null}},"20":{"start":{"line":63,"column":2},"end":{"line":63,"column":null}},"21":{"start":{"line":64,"column":2},"end":{"line":64,"column":null}},"22":{"start":{"line":65,"column":2},"end":{"line":65,"column":null}},"23":{"start":{"line":71,"column":13},"end":{"line":79,"column":null}},"24":{"start":{"line":72,"column":23},"end":{"line":72,"column":null}},"25":{"start":{"line":73,"column":2},"end":{"line":77,"column":null}},"26":{"start":{"line":73,"column":15},"end":{"line":73,"column":18}},"27":{"start":{"line":74,"column":16},"end":{"line":74,"column":null}},"28":{"start":{"line":75,"column":4},"end":{"line":75,"column":null}},"29":{"start":{"line":76,"column":4},"end":{"line":76,"column":null}},"30":{"start":{"line":78,"column":2},"end":{"line":78,"column":null}}},"fnMap":{"0":{"name":"(anonymous_0)","decl":{"start":{"line":4,"column":13},"end":{"line":4,"column":26}},"loc":{"start":{"line":5,"column":2},"end":{"line":7,"column":null}},"line":5},"1":{"name":"(anonymous_1)","decl":{"start":{"line":12,"column":13},"end":{"line":12,"column":32}},"loc":{"start":{"line":12,"column":55},"end":{"line":14,"column":null}},"line":12},"2":{"name":"(anonymous_2)","decl":{"start":{"line":19,"column":13},"end":{"line":19,"column":31}},"loc":{"start":{"line":20,"column":2},"end":{"line":20,"column":null}},"line":20},"3":{"name":"(anonymous_3)","decl":{"start":{"line":25,"column":13},"end":{"line":25,"column":35}},"loc":{"start":{"line":25,"column":75},"end":{"line":28,"column":null}},"line":25},"4":{"name":"(anonymous_4)","decl":{"start":{"line":33,"column":13},"end":{"line":33,"column":30}},"loc":{"start":{"line":33,"column":53},"end":{"line":35,"column":null}},"line":33},"5":{"name":"(anonymous_5)","decl":{"start":{"line":40,"column":13},"end":{"line":40,"column":31}},"loc":{"start":{"line":40,"column":54},"end":{"line":47,"column":null}},"line":40},"6":{"name":"(anonymous_6)","decl":{"start":{"line":51,"column":13},"end":{"line":51,"column":26}},"loc":{"start":{"line":51,"column":50},"end":{"line":54,"column":null}},"line":51},"7":{"name":"(anonymous_7)","decl":{"start":{"line":59,"column":13},"end":{"line":59,"column":31}},"loc":{"start":{"line":59,"column":52},"end":{"line":66,"column":null}},"line":59},"8":{"name":"(anonymous_8)","decl":{"start":{"line":71,"column":13},"end":{"line":71,"column":28}},"loc":{"start":{"line":71,"column":56},"end":{"line":79,"column":null}},"line":71}},"branchMap":{"0":{"loc":{"start":{"line":5,"column":2},"end":{"line":7,"column":null}},"type":"binary-expr","locations":[{"start":{"line":5,"column":2},"end":{"line":5,"column":null}},{"start":{"line":6,"column":2},"end":{"line":6,"column":null}},{"start":{"line":7,"column":2},"end":{"line":7,"column":null}}],"line":5},"1":{"loc":{"start":{"line":27,"column":9},"end":{"line":27,"column":null}},"type":"cond-expr","locations":[{"start":{"line":27,"column":21},"end":{"line":27,"column":25}},{"start":{"line":27,"column":25},"end":{"line":27,"column":null}}],"line":27},"2":{"loc":{"start":{"line":53,"column":9},"end":{"line":53,"column":null}},"type":"binary-expr","locations":[{"start":{"line":53,"column":9},"end":{"line":53,"column":22}},{"start":{"line":53,"column":22},"end":{"line":53,"column":null}}],"line":53},"3":{"loc":{"start":{"line":61,"column":33},"end":{"line":61,"column":null}},"type":"cond-expr","locations":[{"start":{"line":61,"column":45},"end":{"line":61,"column":49}},{"start":{"line":61,"column":49},"end":{"line":61,"column":null}}],"line":61}},"s":{"0":6,"1":600,"2":6,"3":16,"4":6,"5":82,"6":6,"7":71,"8":71,"9":6,"10":600,"11":6,"12":6,"13":6,"14":2796,"15":2796,"16":6,"17":7,"18":7,"19":7,"20":7,"21":7,"22":7,"23":6,"24":6,"25":6,"26":6,"27":42,"28":42,"29":42,"30":6},"f":{"0":600,"1":16,"2":82,"3":71,"4":600,"5":6,"6":2796,"7":7,"8":6},"b":{"0":[600,600,596],"1":[15,56],"2":[2796,2388],"3":[0,7]},"meta":{"lastBranch":4,"lastFunction":9,"lastStatement":31,"seen":{"s:4:13:7:Infinity":0,"f:4:13:4:26":0,"s:5:2:7:Infinity":1,"b:5:2:5:Infinity:6:2:6:Infinity:7:2:7:Infinity":0,"s:12:13:14:Infinity":2,"f:12:13:12:32":1,"s:13:2:13:Infinity":3,"s:19:13:20:Infinity":4,"f:19:13:19:31":2,"s:20:2:20:Infinity":5,"s:25:13:28:Infinity":6,"f:25:13:25:35":3,"s:26:14:26:Infinity":7,"s:27:2:27:Infinity":8,"b:27:21:27:25:27:25:27:Infinity":1,"s:33:13:35:Infinity":9,"f:33:13:33:30":4,"s:34:2:34:Infinity":10,"s:40:13:47:Infinity":11,"f:40:13:40:31":5,"s:41:2:46:Infinity":12,"s:51:13:54:Infinity":13,"f:51:13:51:26":6,"s:52:14:52:Infinity":14,"s:53:2:53:Infinity":15,"b:53:9:53:22:53:22:53:Infinity":2,"s:59:13:66:Infinity":16,"f:59:13:59:31":7,"s:60:14:60:Infinity":17,"s:61:15:61:Infinity":18,"b:61:45:61:49:61:49:61:Infinity":3,"s:62:16:62:Infinity":19,"s:63:2:63:Infinity":20,"s:64:2:64:Infinity":21,"s:65:2:65:Infinity":22,"s:71:13:79:Infinity":23,"f:71:13:71:28":8,"s:72:23:72:Infinity":24,"s:73:2:77:Infinity":25,"s:73:15:73:18":26,"s:74:16:74:Infinity":27,"s:75:4:75:Infinity":28,"s:76:4:76:Infinity":29,"s:78:2:78:Infinity":30}}}
}
